[Tue Nov 03 21:40:13 CST 2020] [INFO] class java.util.logging.LogRecord：讀取檔案
[Tue Nov 03 21:40:23 CST 2020] [INFO] class java.util.logging.LogRecord：讀取對比檔案
[Tue Nov 03 21:40:23 CST 2020] [INFO] class java.util.logging.LogRecord：無新增項目
[Tue Nov 03 21:40:23 CST 2020] [INFO] class java.util.logging.LogRecord：讀取檔案
[Tue Nov 03 21:40:33 CST 2020] [INFO] class java.util.logging.LogRecord：讀取對比檔案
[Tue Nov 03 21:40:33 CST 2020] [INFO] class java.util.logging.LogRecord：無新增項目
[Tue Nov 03 21:40:33 CST 2020] [INFO] class java.util.logging.LogRecord：讀取檔案
[Tue Nov 03 21:40:43 CST 2020] [INFO] class java.util.logging.LogRecord：讀取對比檔案
[Tue Nov 03 21:40:43 CST 2020] [INFO] class java.util.logging.LogRecord：無新增項目
[Tue Nov 03 21:40:43 CST 2020] [INFO] class java.util.logging.LogRecord：讀取檔案
[Tue Nov 03 21:40:53 CST 2020] [INFO] class java.util.logging.LogRecord：讀取對比檔案
[Tue Nov 03 21:40:53 CST 2020] [INFO] class java.util.logging.LogRecord：無新增項目
[Tue Nov 03 21:40:53 CST 2020] [INFO] class java.util.logging.LogRecord：讀取檔案
[Tue Nov 03 21:41:03 CST 2020] [INFO] class java.util.logging.LogRecord：讀取對比檔案
[Tue Nov 03 21:41:03 CST 2020] [INFO] class java.util.logging.LogRecord：無新增項目
[Tue Nov 03 21:41:03 CST 2020] [INFO] class java.util.logging.LogRecord：讀取檔案
[Tue Nov 03 21:41:13 CST 2020] [INFO] class java.util.logging.LogRecord：讀取對比檔案
[Tue Nov 03 21:41:13 CST 2020] [INFO] class java.util.logging.LogRecord：無新增項目
[Tue Nov 03 21:41:13 CST 2020] [INFO] class java.util.logging.LogRecord：讀取檔案
[Tue Nov 03 21:41:23 CST 2020] [INFO] class java.util.logging.LogRecord：讀取對比檔案
[Tue Nov 03 21:41:23 CST 2020] [INFO] class java.util.logging.LogRecord：無新增項目
[Tue Nov 03 21:41:23 CST 2020] [INFO] class java.util.logging.LogRecord：讀取檔案
[Tue Nov 03 21:41:33 CST 2020] [INFO] class java.util.logging.LogRecord：讀取對比檔案
[Tue Nov 03 21:41:33 CST 2020] [INFO] class java.util.logging.LogRecord：無新增項目
[Tue Nov 03 21:41:33 CST 2020] [INFO] class java.util.logging.LogRecord：讀取檔案
[Tue Nov 03 21:41:43 CST 2020] [INFO] class java.util.logging.LogRecord：讀取對比檔案
[Tue Nov 03 21:41:43 CST 2020] [INFO] class java.util.logging.LogRecord：無新增項目
[Tue Nov 03 21:41:43 CST 2020] [INFO] class java.util.logging.LogRecord：讀取檔案
[Tue Nov 03 21:41:53 CST 2020] [INFO] class java.util.logging.LogRecord：讀取對比檔案
[Tue Nov 03 21:41:53 CST 2020] [INFO] class java.util.logging.LogRecord：無新增項目
[Tue Nov 03 21:41:53 CST 2020] [INFO] class java.util.logging.LogRecord：讀取檔案
[Tue Nov 03 21:42:03 CST 2020] [INFO] class java.util.logging.LogRecord：讀取對比檔案
[Tue Nov 03 21:42:03 CST 2020] [INFO] class java.util.logging.LogRecord：無新增項目
[Tue Nov 03 21:42:03 CST 2020] [INFO] class java.util.logging.LogRecord：讀取檔案
[Tue Nov 03 21:42:13 CST 2020] [INFO] class java.util.logging.LogRecord：讀取對比檔案
[Tue Nov 03 21:42:13 CST 2020] [INFO] class java.util.logging.LogRecord：新增：0820bb75-a898-409c-a00a-54e8d01c4517.tmp
[Tue Nov 03 21:42:13 CST 2020] [INFO] class java.util.logging.LogRecord：新增：36fe9b95-fa90-4c52-b6e9-7732861c05c2.tmp
[Tue Nov 03 21:42:13 CST 2020] [INFO] class java.util.logging.LogRecord：新增：59f4f679-3217-4abb-b214-7e61a57218cd.tmp
[Tue Nov 03 21:42:13 CST 2020] [INFO] class java.util.logging.LogRecord：新增：68b69e74-60bf-4827-89d1-8e54a9602249.tmp
[Tue Nov 03 21:42:13 CST 2020] [INFO] class java.util.logging.LogRecord：新增：9ab30d5e-542a-4368-b7e9-a4fcbc816827.tmp
[Tue Nov 03 21:42:13 CST 2020] [INFO] class java.util.logging.LogRecord：新增：ca02f3ac-148a-44cc-b6e0-dfc771fa926a.tmp
[Tue Nov 03 21:42:13 CST 2020] [INFO] class java.util.logging.LogRecord：新增：d0345c9b-3b80-4046-a8ce-f4937759ace1.tmp
[Tue Nov 03 21:42:13 CST 2020] [INFO] class java.util.logging.LogRecord：新增：f6908636-5e2e-4cf9-aabf-1e15d0844203.tmp
[Tue Nov 03 21:42:13 CST 2020] [INFO] class java.util.logging.LogRecord：新增：f8a75fa0-2f4b-41bb-9d20-3ffc79fc9b11.tmp
[Tue Nov 03 21:42:13 CST 2020] [INFO] class java.util.logging.LogRecord：新增：fe4fb118-e7ca-4b81-85e9-dbf670d3a450.tmp
[Tue Nov 03 21:42:13 CST 2020] [INFO] class java.util.logging.LogRecord：讀取檔案
[Tue Nov 03 21:42:23 CST 2020] [INFO] class java.util.logging.LogRecord：讀取對比檔案
[Tue Nov 03 21:42:23 CST 2020] [INFO] class java.util.logging.LogRecord：新增：2e6173b7-05dd-415f-8cd2-5c7287d8c489.tmp
[Tue Nov 03 21:42:23 CST 2020] [INFO] class java.util.logging.LogRecord：讀取檔案
[Tue Nov 03 21:42:33 CST 2020] [INFO] class java.util.logging.LogRecord：讀取對比檔案
[Tue Nov 03 21:42:33 CST 2020] [INFO] class java.util.logging.LogRecord：無新增項目
[Tue Nov 03 21:42:33 CST 2020] [INFO] class java.util.logging.LogRecord：讀取檔案
[Tue Nov 03 21:42:43 CST 2020] [INFO] class java.util.logging.LogRecord：讀取對比檔案
[Tue Nov 03 21:42:43 CST 2020] [INFO] class java.util.logging.LogRecord：無新增項目
[Tue Nov 03 21:42:43 CST 2020] [INFO] class java.util.logging.LogRecord：讀取檔案
[Tue Nov 03 21:42:53 CST 2020] [INFO] class java.util.logging.LogRecord：讀取對比檔案
[Tue Nov 03 21:42:53 CST 2020] [INFO] class java.util.logging.LogRecord：無新增項目
[Tue Nov 03 21:42:53 CST 2020] [INFO] class java.util.logging.LogRecord：讀取檔案
[Tue Nov 03 21:43:03 CST 2020] [INFO] class java.util.logging.LogRecord：讀取對比檔案
[Tue Nov 03 21:43:03 CST 2020] [INFO] class java.util.logging.LogRecord：無新增項目
[Tue Nov 03 21:43:04 CST 2020] [INFO] class java.util.logging.LogRecord：讀取檔案
[Tue Nov 03 21:43:14 CST 2020] [INFO] class java.util.logging.LogRecord：讀取對比檔案
[Tue Nov 03 21:43:14 CST 2020] [INFO] class java.util.logging.LogRecord：無新增項目
[Tue Nov 03 21:43:14 CST 2020] [INFO] class java.util.logging.LogRecord：讀取檔案
[Tue Nov 03 21:43:24 CST 2020] [INFO] class java.util.logging.LogRecord：讀取對比檔案
[Tue Nov 03 21:43:24 CST 2020] [INFO] class java.util.logging.LogRecord：無新增項目
[Tue Nov 03 21:43:24 CST 2020] [INFO] class java.util.logging.LogRecord：讀取檔案
[Tue Nov 03 21:43:34 CST 2020] [INFO] class java.util.logging.LogRecord：讀取對比檔案
[Tue Nov 03 21:43:34 CST 2020] [INFO] class java.util.logging.LogRecord：無新增項目
[Tue Nov 03 21:43:34 CST 2020] [INFO] class java.util.logging.LogRecord：讀取檔案
[Tue Nov 03 21:43:44 CST 2020] [INFO] class java.util.logging.LogRecord：讀取對比檔案
[Tue Nov 03 21:43:44 CST 2020] [INFO] class java.util.logging.LogRecord：無新增項目
[Tue Nov 03 21:43:44 CST 2020] [INFO] class java.util.logging.LogRecord：讀取檔案
[Tue Nov 03 21:43:54 CST 2020] [INFO] class java.util.logging.LogRecord：讀取對比檔案
[Tue Nov 03 21:43:54 CST 2020] [INFO] class java.util.logging.LogRecord：無新增項目
[Tue Nov 03 21:43:54 CST 2020] [INFO] class java.util.logging.LogRecord：讀取檔案
[Tue Nov 03 21:44:04 CST 2020] [INFO] class java.util.logging.LogRecord：讀取對比檔案
[Tue Nov 03 21:44:04 CST 2020] [INFO] class java.util.logging.LogRecord：無新增項目
[Tue Nov 03 21:44:04 CST 2020] [INFO] class java.util.logging.LogRecord：讀取檔案
[Tue Nov 03 21:44:14 CST 2020] [INFO] class java.util.logging.LogRecord：讀取對比檔案
[Tue Nov 03 21:44:14 CST 2020] [INFO] class java.util.logging.LogRecord：無新增項目
[Tue Nov 03 21:44:14 CST 2020] [INFO] class java.util.logging.LogRecord：讀取檔案
[Tue Nov 03 21:44:24 CST 2020] [INFO] class java.util.logging.LogRecord：讀取對比檔案
[Tue Nov 03 21:44:24 CST 2020] [INFO] class java.util.logging.LogRecord：新增：90081d85-7716-4a7c-988d-0aac1876983b.tmp
[Tue Nov 03 21:44:24 CST 2020] [INFO] class java.util.logging.LogRecord：讀取檔案
[Tue Nov 03 21:44:34 CST 2020] [INFO] class java.util.logging.LogRecord：讀取對比檔案
[Tue Nov 03 21:44:34 CST 2020] [INFO] class java.util.logging.LogRecord：無新增項目
[Tue Nov 03 21:44:34 CST 2020] [INFO] class java.util.logging.LogRecord：讀取檔案
[Tue Nov 03 21:44:44 CST 2020] [INFO] class java.util.logging.LogRecord：讀取對比檔案
[Tue Nov 03 21:44:44 CST 2020] [INFO] class java.util.logging.LogRecord：無新增項目
[Tue Nov 03 21:44:44 CST 2020] [INFO] class java.util.logging.LogRecord：讀取檔案
[Tue Nov 03 21:44:54 CST 2020] [INFO] class java.util.logging.LogRecord：讀取對比檔案
[Tue Nov 03 21:44:54 CST 2020] [INFO] class java.util.logging.LogRecord：無新增項目
[Tue Nov 03 21:44:54 CST 2020] [INFO] class java.util.logging.LogRecord：讀取檔案
[Tue Nov 03 21:45:04 CST 2020] [INFO] class java.util.logging.LogRecord：讀取對比檔案
[Tue Nov 03 21:45:04 CST 2020] [INFO] class java.util.logging.LogRecord：無新增項目
[Tue Nov 03 21:45:04 CST 2020] [INFO] class java.util.logging.LogRecord：讀取檔案
[Tue Nov 03 21:45:14 CST 2020] [INFO] class java.util.logging.LogRecord：讀取對比檔案
[Tue Nov 03 21:45:14 CST 2020] [INFO] class java.util.logging.LogRecord：新增：1c535166-a8f3-47b3-9aab-36e70362fb7c.tmp
[Tue Nov 03 21:45:14 CST 2020] [INFO] class java.util.logging.LogRecord：讀取檔案
[Tue Nov 03 21:45:24 CST 2020] [INFO] class java.util.logging.LogRecord：讀取對比檔案
[Tue Nov 03 21:45:24 CST 2020] [INFO] class java.util.logging.LogRecord：無新增項目
[Tue Nov 03 21:45:24 CST 2020] [INFO] class java.util.logging.LogRecord：讀取檔案
[Tue Nov 03 21:45:34 CST 2020] [INFO] class java.util.logging.LogRecord：讀取對比檔案
[Tue Nov 03 21:45:34 CST 2020] [INFO] class java.util.logging.LogRecord：無新增項目
[Tue Nov 03 21:45:34 CST 2020] [INFO] class java.util.logging.LogRecord：讀取檔案
[Tue Nov 03 21:45:44 CST 2020] [INFO] class java.util.logging.LogRecord：讀取對比檔案
[Tue Nov 03 21:45:44 CST 2020] [INFO] class java.util.logging.LogRecord：無新增項目
[Tue Nov 03 21:45:44 CST 2020] [INFO] class java.util.logging.LogRecord：讀取檔案
[Tue Nov 03 21:45:54 CST 2020] [INFO] class java.util.logging.LogRecord：讀取對比檔案
[Tue Nov 03 21:45:54 CST 2020] [INFO] class java.util.logging.LogRecord：無新增項目
[Tue Nov 03 21:45:54 CST 2020] [INFO] class java.util.logging.LogRecord：讀取檔案
[Tue Nov 03 21:46:04 CST 2020] [INFO] class java.util.logging.LogRecord：讀取對比檔案
[Tue Nov 03 21:46:04 CST 2020] [INFO] class java.util.logging.LogRecord：無新增項目
[Tue Nov 03 21:46:04 CST 2020] [INFO] class java.util.logging.LogRecord：讀取檔案
[Tue Nov 03 21:46:14 CST 2020] [INFO] class java.util.logging.LogRecord：讀取對比檔案
[Tue Nov 03 21:46:14 CST 2020] [INFO] class java.util.logging.LogRecord：無新增項目
[Tue Nov 03 21:46:14 CST 2020] [INFO] class java.util.logging.LogRecord：讀取檔案
[Tue Nov 03 21:46:24 CST 2020] [INFO] class java.util.logging.LogRecord：讀取對比檔案
[Tue Nov 03 21:46:24 CST 2020] [INFO] class java.util.logging.LogRecord：無新增項目
[Tue Nov 03 21:46:24 CST 2020] [INFO] class java.util.logging.LogRecord：讀取檔案
[Tue Nov 03 21:46:34 CST 2020] [INFO] class java.util.logging.LogRecord：讀取對比檔案
[Tue Nov 03 21:46:34 CST 2020] [INFO] class java.util.logging.LogRecord：無新增項目
[Tue Nov 03 21:46:34 CST 2020] [INFO] class java.util.logging.LogRecord：讀取檔案
[Tue Nov 03 21:46:44 CST 2020] [INFO] class java.util.logging.LogRecord：讀取對比檔案
[Tue Nov 03 21:46:44 CST 2020] [INFO] class java.util.logging.LogRecord：無新增項目
[Tue Nov 03 21:46:44 CST 2020] [INFO] class java.util.logging.LogRecord：讀取檔案
[Tue Nov 03 21:46:54 CST 2020] [INFO] class java.util.logging.LogRecord：讀取對比檔案
[Tue Nov 03 21:46:54 CST 2020] [INFO] class java.util.logging.LogRecord：無新增項目
[Tue Nov 03 21:46:54 CST 2020] [INFO] class java.util.logging.LogRecord：讀取檔案
[Tue Nov 03 21:47:04 CST 2020] [INFO] class java.util.logging.LogRecord：讀取對比檔案
[Tue Nov 03 21:47:04 CST 2020] [INFO] class java.util.logging.LogRecord：無新增項目
[Tue Nov 03 21:47:04 CST 2020] [INFO] class java.util.logging.LogRecord：讀取檔案
[Tue Nov 03 21:47:14 CST 2020] [INFO] class java.util.logging.LogRecord：讀取對比檔案
[Tue Nov 03 21:47:14 CST 2020] [INFO] class java.util.logging.LogRecord：無新增項目
[Tue Nov 03 21:47:14 CST 2020] [INFO] class java.util.logging.LogRecord：讀取檔案
[Tue Nov 03 21:47:24 CST 2020] [INFO] class java.util.logging.LogRecord：讀取對比檔案
[Tue Nov 03 21:47:24 CST 2020] [INFO] class java.util.logging.LogRecord：無新增項目
[Tue Nov 03 21:47:24 CST 2020] [INFO] class java.util.logging.LogRecord：讀取檔案
[Tue Nov 03 21:47:34 CST 2020] [INFO] class java.util.logging.LogRecord：讀取對比檔案
[Tue Nov 03 21:47:34 CST 2020] [INFO] class java.util.logging.LogRecord：無新增項目
[Tue Nov 03 21:47:34 CST 2020] [INFO] class java.util.logging.LogRecord：讀取檔案
[Tue Nov 03 21:47:44 CST 2020] [INFO] class java.util.logging.LogRecord：讀取對比檔案
[Tue Nov 03 21:47:44 CST 2020] [INFO] class java.util.logging.LogRecord：無新增項目
[Tue Nov 03 21:47:44 CST 2020] [INFO] class java.util.logging.LogRecord：讀取檔案
[Tue Nov 03 21:47:54 CST 2020] [INFO] class java.util.logging.LogRecord：讀取對比檔案
[Tue Nov 03 21:47:54 CST 2020] [INFO] class java.util.logging.LogRecord：無新增項目
[Tue Nov 03 21:47:54 CST 2020] [INFO] class java.util.logging.LogRecord：讀取檔案
[Tue Nov 03 21:48:04 CST 2020] [INFO] class java.util.logging.LogRecord：讀取對比檔案
[Tue Nov 03 21:48:04 CST 2020] [INFO] class java.util.logging.LogRecord：無新增項目
[Tue Nov 03 21:48:04 CST 2020] [INFO] class java.util.logging.LogRecord：讀取檔案
[Tue Nov 03 21:48:14 CST 2020] [INFO] class java.util.logging.LogRecord：讀取對比檔案
[Tue Nov 03 21:48:14 CST 2020] [INFO] class java.util.logging.LogRecord：無新增項目
[Tue Nov 03 21:48:14 CST 2020] [INFO] class java.util.logging.LogRecord：讀取檔案
[Tue Nov 03 21:48:24 CST 2020] [INFO] class java.util.logging.LogRecord：讀取對比檔案
[Tue Nov 03 21:48:24 CST 2020] [INFO] class java.util.logging.LogRecord：無新增項目
[Tue Nov 03 21:48:24 CST 2020] [INFO] class java.util.logging.LogRecord：讀取檔案
[Tue Nov 03 21:48:34 CST 2020] [INFO] class java.util.logging.LogRecord：讀取對比檔案
[Tue Nov 03 21:48:34 CST 2020] [INFO] class java.util.logging.LogRecord：無新增項目
[Tue Nov 03 21:48:34 CST 2020] [INFO] class java.util.logging.LogRecord：讀取檔案
[Tue Nov 03 21:48:44 CST 2020] [INFO] class java.util.logging.LogRecord：讀取對比檔案
[Tue Nov 03 21:48:44 CST 2020] [INFO] class java.util.logging.LogRecord：無新增項目
[Tue Nov 03 21:48:44 CST 2020] [INFO] class java.util.logging.LogRecord：讀取檔案
[Tue Nov 03 21:48:54 CST 2020] [INFO] class java.util.logging.LogRecord：讀取對比檔案
[Tue Nov 03 21:48:54 CST 2020] [INFO] class java.util.logging.LogRecord：新增：mat-debug-9796.log
[Tue Nov 03 21:48:54 CST 2020] [INFO] class java.util.logging.LogRecord：讀取檔案
[Tue Nov 03 21:49:04 CST 2020] [INFO] class java.util.logging.LogRecord：讀取對比檔案
[Tue Nov 03 21:49:04 CST 2020] [INFO] class java.util.logging.LogRecord：無新增項目
[Tue Nov 03 21:49:04 CST 2020] [INFO] class java.util.logging.LogRecord：讀取檔案
[Tue Nov 03 21:49:14 CST 2020] [INFO] class java.util.logging.LogRecord：讀取對比檔案
[Tue Nov 03 21:49:14 CST 2020] [INFO] class java.util.logging.LogRecord：無新增項目
[Tue Nov 03 21:49:14 CST 2020] [INFO] class java.util.logging.LogRecord：讀取檔案
[Tue Nov 03 21:49:24 CST 2020] [INFO] class java.util.logging.LogRecord：讀取對比檔案
[Tue Nov 03 21:49:24 CST 2020] [INFO] class java.util.logging.LogRecord：無新增項目
[Tue Nov 03 21:49:24 CST 2020] [INFO] class java.util.logging.LogRecord：讀取檔案
[Tue Nov 03 21:49:34 CST 2020] [INFO] class java.util.logging.LogRecord：讀取對比檔案
[Tue Nov 03 21:49:34 CST 2020] [INFO] class java.util.logging.LogRecord：無新增項目
[Tue Nov 03 21:49:34 CST 2020] [INFO] class java.util.logging.LogRecord：讀取檔案
[Tue Nov 03 21:49:44 CST 2020] [INFO] class java.util.logging.LogRecord：讀取對比檔案
[Tue Nov 03 21:49:44 CST 2020] [INFO] class java.util.logging.LogRecord：無新增項目
[Tue Nov 03 21:49:44 CST 2020] [INFO] class java.util.logging.LogRecord：讀取檔案
[Tue Nov 03 21:49:54 CST 2020] [INFO] class java.util.logging.LogRecord：讀取對比檔案
[Tue Nov 03 21:49:54 CST 2020] [INFO] class java.util.logging.LogRecord：無新增項目
[Tue Nov 03 21:49:54 CST 2020] [INFO] class java.util.logging.LogRecord：讀取檔案
[Tue Nov 03 21:50:04 CST 2020] [INFO] class java.util.logging.LogRecord：讀取對比檔案
[Tue Nov 03 21:50:04 CST 2020] [INFO] class java.util.logging.LogRecord：無新增項目
[Tue Nov 03 21:50:04 CST 2020] [INFO] class java.util.logging.LogRecord：讀取檔案
[Tue Nov 03 21:50:14 CST 2020] [INFO] class java.util.logging.LogRecord：讀取對比檔案
[Tue Nov 03 21:50:14 CST 2020] [INFO] class java.util.logging.LogRecord：無新增項目
[Tue Nov 03 21:50:14 CST 2020] [INFO] class java.util.logging.LogRecord：讀取檔案
[Tue Nov 03 21:50:24 CST 2020] [INFO] class java.util.logging.LogRecord：讀取對比檔案
[Tue Nov 03 21:50:24 CST 2020] [INFO] class java.util.logging.LogRecord：無新增項目
[Tue Nov 03 21:50:24 CST 2020] [INFO] class java.util.logging.LogRecord：讀取檔案
[Tue Nov 03 21:50:34 CST 2020] [INFO] class java.util.logging.LogRecord：讀取對比檔案
[Tue Nov 03 21:50:34 CST 2020] [INFO] class java.util.logging.LogRecord：無新增項目
[Tue Nov 03 21:50:34 CST 2020] [INFO] class java.util.logging.LogRecord：讀取檔案
[Tue Nov 03 21:50:44 CST 2020] [INFO] class java.util.logging.LogRecord：讀取對比檔案
[Tue Nov 03 21:50:44 CST 2020] [INFO] class java.util.logging.LogRecord：無新增項目
[Tue Nov 03 21:50:44 CST 2020] [INFO] class java.util.logging.LogRecord：讀取檔案
[Tue Nov 03 21:50:54 CST 2020] [INFO] class java.util.logging.LogRecord：讀取對比檔案
[Tue Nov 03 21:50:54 CST 2020] [INFO] class java.util.logging.LogRecord：無新增項目
[Tue Nov 03 21:50:54 CST 2020] [INFO] class java.util.logging.LogRecord：讀取檔案
[Tue Nov 03 21:51:04 CST 2020] [INFO] class java.util.logging.LogRecord：讀取對比檔案
[Tue Nov 03 21:51:04 CST 2020] [INFO] class java.util.logging.LogRecord：無新增項目
[Tue Nov 03 21:51:04 CST 2020] [INFO] class java.util.logging.LogRecord：讀取檔案
[Tue Nov 03 21:51:14 CST 2020] [INFO] class java.util.logging.LogRecord：讀取對比檔案
[Tue Nov 03 21:51:14 CST 2020] [INFO] class java.util.logging.LogRecord：無新增項目
[Tue Nov 03 21:51:14 CST 2020] [INFO] class java.util.logging.LogRecord：讀取檔案
[Tue Nov 03 21:51:24 CST 2020] [INFO] class java.util.logging.LogRecord：讀取對比檔案
[Tue Nov 03 21:51:24 CST 2020] [INFO] class java.util.logging.LogRecord：無新增項目
[Tue Nov 03 21:51:24 CST 2020] [INFO] class java.util.logging.LogRecord：讀取檔案
[Tue Nov 03 21:51:34 CST 2020] [INFO] class java.util.logging.LogRecord：讀取對比檔案
[Tue Nov 03 21:51:34 CST 2020] [INFO] class java.util.logging.LogRecord：無新增項目
[Tue Nov 03 21:51:34 CST 2020] [INFO] class java.util.logging.LogRecord：讀取檔案
[Tue Nov 03 21:51:44 CST 2020] [INFO] class java.util.logging.LogRecord：讀取對比檔案
[Tue Nov 03 21:51:44 CST 2020] [INFO] class java.util.logging.LogRecord：無新增項目
[Tue Nov 03 21:51:44 CST 2020] [INFO] class java.util.logging.LogRecord：讀取檔案
[Tue Nov 03 21:51:54 CST 2020] [INFO] class java.util.logging.LogRecord：讀取對比檔案
[Tue Nov 03 21:51:54 CST 2020] [INFO] class java.util.logging.LogRecord：無新增項目
[Tue Nov 03 21:51:54 CST 2020] [INFO] class java.util.logging.LogRecord：讀取檔案
[Tue Nov 03 21:52:04 CST 2020] [INFO] class java.util.logging.LogRecord：讀取對比檔案
[Tue Nov 03 21:52:04 CST 2020] [INFO] class java.util.logging.LogRecord：無新增項目
[Tue Nov 03 21:52:04 CST 2020] [INFO] class java.util.logging.LogRecord：讀取檔案
[Tue Nov 03 21:52:14 CST 2020] [INFO] class java.util.logging.LogRecord：讀取對比檔案
[Tue Nov 03 21:52:14 CST 2020] [INFO] class java.util.logging.LogRecord：無新增項目
[Tue Nov 03 21:52:14 CST 2020] [INFO] class java.util.logging.LogRecord：讀取檔案
[Tue Nov 03 21:52:24 CST 2020] [INFO] class java.util.logging.LogRecord：讀取對比檔案
[Tue Nov 03 21:52:24 CST 2020] [INFO] class java.util.logging.LogRecord：無新增項目
[Tue Nov 03 21:52:24 CST 2020] [INFO] class java.util.logging.LogRecord：讀取檔案
[Tue Nov 03 21:52:34 CST 2020] [INFO] class java.util.logging.LogRecord：讀取對比檔案
[Tue Nov 03 21:52:34 CST 2020] [INFO] class java.util.logging.LogRecord：無新增項目
[Tue Nov 03 21:52:34 CST 2020] [INFO] class java.util.logging.LogRecord：讀取檔案
[Tue Nov 03 21:52:44 CST 2020] [INFO] class java.util.logging.LogRecord：讀取對比檔案
[Tue Nov 03 21:52:44 CST 2020] [INFO] class java.util.logging.LogRecord：無新增項目
[Tue Nov 03 21:52:44 CST 2020] [INFO] class java.util.logging.LogRecord：讀取檔案
[Tue Nov 03 21:52:54 CST 2020] [INFO] class java.util.logging.LogRecord：讀取對比檔案
[Tue Nov 03 21:52:54 CST 2020] [INFO] class java.util.logging.LogRecord：無新增項目
[Tue Nov 03 21:52:54 CST 2020] [INFO] class java.util.logging.LogRecord：讀取檔案
[Tue Nov 03 21:53:04 CST 2020] [INFO] class java.util.logging.LogRecord：讀取對比檔案
[Tue Nov 03 21:53:04 CST 2020] [INFO] class java.util.logging.LogRecord：無新增項目
[Tue Nov 03 21:53:04 CST 2020] [INFO] class java.util.logging.LogRecord：讀取檔案
[Tue Nov 03 21:53:14 CST 2020] [INFO] class java.util.logging.LogRecord：讀取對比檔案
[Tue Nov 03 21:53:14 CST 2020] [INFO] class java.util.logging.LogRecord：無新增項目
[Tue Nov 03 21:53:14 CST 2020] [INFO] class java.util.logging.LogRecord：讀取檔案
[Tue Nov 03 21:53:24 CST 2020] [INFO] class java.util.logging.LogRecord：讀取對比檔案
[Tue Nov 03 21:53:24 CST 2020] [INFO] class java.util.logging.LogRecord：無新增項目
[Tue Nov 03 21:53:24 CST 2020] [INFO] class java.util.logging.LogRecord：讀取檔案
[Tue Nov 03 21:53:34 CST 2020] [INFO] class java.util.logging.LogRecord：讀取對比檔案
[Tue Nov 03 21:53:34 CST 2020] [INFO] class java.util.logging.LogRecord：無新增項目
[Tue Nov 03 21:53:34 CST 2020] [INFO] class java.util.logging.LogRecord：讀取檔案
[Tue Nov 03 21:53:44 CST 2020] [INFO] class java.util.logging.LogRecord：讀取對比檔案
[Tue Nov 03 21:53:44 CST 2020] [INFO] class java.util.logging.LogRecord：無新增項目
[Tue Nov 03 21:53:44 CST 2020] [INFO] class java.util.logging.LogRecord：讀取檔案
[Tue Nov 03 21:53:54 CST 2020] [INFO] class java.util.logging.LogRecord：讀取對比檔案
[Tue Nov 03 21:53:54 CST 2020] [INFO] class java.util.logging.LogRecord：無新增項目
[Tue Nov 03 21:53:54 CST 2020] [INFO] class java.util.logging.LogRecord：讀取檔案
[Tue Nov 03 21:54:04 CST 2020] [INFO] class java.util.logging.LogRecord：讀取對比檔案
[Tue Nov 03 21:54:04 CST 2020] [INFO] class java.util.logging.LogRecord：無新增項目
[Tue Nov 03 21:54:04 CST 2020] [INFO] class java.util.logging.LogRecord：讀取檔案
[Tue Nov 03 21:54:14 CST 2020] [INFO] class java.util.logging.LogRecord：讀取對比檔案
[Tue Nov 03 21:54:14 CST 2020] [INFO] class java.util.logging.LogRecord：無新增項目
[Tue Nov 03 21:54:14 CST 2020] [INFO] class java.util.logging.LogRecord：讀取檔案
[Tue Nov 03 21:54:24 CST 2020] [INFO] class java.util.logging.LogRecord：讀取對比檔案
[Tue Nov 03 21:54:24 CST 2020] [INFO] class java.util.logging.LogRecord：無新增項目
[Tue Nov 03 21:54:24 CST 2020] [INFO] class java.util.logging.LogRecord：讀取檔案
[Tue Nov 03 21:54:34 CST 2020] [INFO] class java.util.logging.LogRecord：讀取對比檔案
[Tue Nov 03 21:54:34 CST 2020] [INFO] class java.util.logging.LogRecord：無新增項目
[Tue Nov 03 21:54:34 CST 2020] [INFO] class java.util.logging.LogRecord：讀取檔案
[Tue Nov 03 21:54:44 CST 2020] [INFO] class java.util.logging.LogRecord：讀取對比檔案
[Tue Nov 03 21:54:44 CST 2020] [INFO] class java.util.logging.LogRecord：無新增項目
[Tue Nov 03 21:54:44 CST 2020] [INFO] class java.util.logging.LogRecord：讀取檔案
[Tue Nov 03 21:54:54 CST 2020] [INFO] class java.util.logging.LogRecord：讀取對比檔案
[Tue Nov 03 21:54:54 CST 2020] [INFO] class java.util.logging.LogRecord：無新增項目
[Tue Nov 03 21:54:54 CST 2020] [INFO] class java.util.logging.LogRecord：讀取檔案
[Tue Nov 03 21:55:04 CST 2020] [INFO] class java.util.logging.LogRecord：讀取對比檔案
[Tue Nov 03 21:55:04 CST 2020] [INFO] class java.util.logging.LogRecord：無新增項目
[Tue Nov 03 21:55:04 CST 2020] [INFO] class java.util.logging.LogRecord：讀取檔案
[Tue Nov 03 21:55:14 CST 2020] [INFO] class java.util.logging.LogRecord：讀取對比檔案
[Tue Nov 03 21:55:14 CST 2020] [INFO] class java.util.logging.LogRecord：無新增項目
[Tue Nov 03 21:55:14 CST 2020] [INFO] class java.util.logging.LogRecord：讀取檔案
[Tue Nov 03 21:55:24 CST 2020] [INFO] class java.util.logging.LogRecord：讀取對比檔案
[Tue Nov 03 21:55:24 CST 2020] [INFO] class java.util.logging.LogRecord：無新增項目
[Tue Nov 03 21:55:24 CST 2020] [INFO] class java.util.logging.LogRecord：讀取檔案
[Tue Nov 03 21:55:34 CST 2020] [INFO] class java.util.logging.LogRecord：讀取對比檔案
[Tue Nov 03 21:55:34 CST 2020] [INFO] class java.util.logging.LogRecord：無新增項目
[Tue Nov 03 21:55:34 CST 2020] [INFO] class java.util.logging.LogRecord：讀取檔案
[Tue Nov 03 21:55:44 CST 2020] [INFO] class java.util.logging.LogRecord：讀取對比檔案
[Tue Nov 03 21:55:44 CST 2020] [INFO] class java.util.logging.LogRecord：無新增項目
[Tue Nov 03 21:55:44 CST 2020] [INFO] class java.util.logging.LogRecord：讀取檔案
[Tue Nov 03 21:55:54 CST 2020] [INFO] class java.util.logging.LogRecord：讀取對比檔案
[Tue Nov 03 21:55:54 CST 2020] [INFO] class java.util.logging.LogRecord：無新增項目
[Tue Nov 03 21:55:54 CST 2020] [INFO] class java.util.logging.LogRecord：讀取檔案
[Tue Nov 03 21:56:04 CST 2020] [INFO] class java.util.logging.LogRecord：讀取對比檔案
[Tue Nov 03 21:56:04 CST 2020] [INFO] class java.util.logging.LogRecord：新增：~DF0BCCE9B2ACA4A451.TMP
[Tue Nov 03 21:56:04 CST 2020] [INFO] class java.util.logging.LogRecord：新增：~DF34F6CF1BCEF0BE28.TMP
[Tue Nov 03 21:56:04 CST 2020] [INFO] class java.util.logging.LogRecord：讀取檔案
[Tue Nov 03 21:56:14 CST 2020] [INFO] class java.util.logging.LogRecord：讀取對比檔案
[Tue Nov 03 21:56:14 CST 2020] [INFO] class java.util.logging.LogRecord：無新增項目
[Tue Nov 03 21:56:14 CST 2020] [INFO] class java.util.logging.LogRecord：讀取檔案
[Tue Nov 03 21:56:24 CST 2020] [INFO] class java.util.logging.LogRecord：讀取對比檔案
[Tue Nov 03 21:56:24 CST 2020] [INFO] class java.util.logging.LogRecord：無新增項目
[Tue Nov 03 21:56:24 CST 2020] [INFO] class java.util.logging.LogRecord：讀取檔案
[Tue Nov 03 21:56:34 CST 2020] [INFO] class java.util.logging.LogRecord：讀取對比檔案
[Tue Nov 03 21:56:34 CST 2020] [INFO] class java.util.logging.LogRecord：無新增項目
[Tue Nov 03 21:56:34 CST 2020] [INFO] class java.util.logging.LogRecord：讀取檔案
[Tue Nov 03 21:56:44 CST 2020] [INFO] class java.util.logging.LogRecord：讀取對比檔案
[Tue Nov 03 21:56:44 CST 2020] [INFO] class java.util.logging.LogRecord：無新增項目
[Tue Nov 03 21:56:44 CST 2020] [INFO] class java.util.logging.LogRecord：讀取檔案
[Tue Nov 03 21:56:54 CST 2020] [INFO] class java.util.logging.LogRecord：讀取對比檔案
[Tue Nov 03 21:56:54 CST 2020] [INFO] class java.util.logging.LogRecord：無新增項目
[Tue Nov 03 21:56:54 CST 2020] [INFO] class java.util.logging.LogRecord：讀取檔案
[Tue Nov 03 21:57:04 CST 2020] [INFO] class java.util.logging.LogRecord：讀取對比檔案
[Tue Nov 03 21:57:04 CST 2020] [INFO] class java.util.logging.LogRecord：無新增項目
[Tue Nov 03 21:57:04 CST 2020] [INFO] class java.util.logging.LogRecord：讀取檔案
[Tue Nov 03 21:57:14 CST 2020] [INFO] class java.util.logging.LogRecord：讀取對比檔案
[Tue Nov 03 21:57:14 CST 2020] [INFO] class java.util.logging.LogRecord：無新增項目
[Tue Nov 03 21:57:14 CST 2020] [INFO] class java.util.logging.LogRecord：讀取檔案
[Tue Nov 03 21:57:24 CST 2020] [INFO] class java.util.logging.LogRecord：讀取對比檔案
[Tue Nov 03 21:57:24 CST 2020] [INFO] class java.util.logging.LogRecord：無新增項目
[Tue Nov 03 21:57:24 CST 2020] [INFO] class java.util.logging.LogRecord：讀取檔案
[Tue Nov 03 21:57:34 CST 2020] [INFO] class java.util.logging.LogRecord：讀取對比檔案
[Tue Nov 03 21:57:34 CST 2020] [INFO] class java.util.logging.LogRecord：無新增項目
[Tue Nov 03 21:57:35 CST 2020] [INFO] class java.util.logging.LogRecord：讀取檔案
[Tue Nov 03 21:57:45 CST 2020] [INFO] class java.util.logging.LogRecord：讀取對比檔案
[Tue Nov 03 21:57:45 CST 2020] [INFO] class java.util.logging.LogRecord：無新增項目
[Tue Nov 03 21:57:45 CST 2020] [INFO] class java.util.logging.LogRecord：讀取檔案
[Tue Nov 03 21:57:55 CST 2020] [INFO] class java.util.logging.LogRecord：讀取對比檔案
[Tue Nov 03 21:57:55 CST 2020] [INFO] class java.util.logging.LogRecord：無新增項目
[Tue Nov 03 21:57:55 CST 2020] [INFO] class java.util.logging.LogRecord：讀取檔案
[Tue Nov 03 21:58:05 CST 2020] [INFO] class java.util.logging.LogRecord：讀取對比檔案
[Tue Nov 03 21:58:05 CST 2020] [INFO] class java.util.logging.LogRecord：無新增項目
[Tue Nov 03 21:58:05 CST 2020] [INFO] class java.util.logging.LogRecord：讀取檔案
[Tue Nov 03 21:58:15 CST 2020] [INFO] class java.util.logging.LogRecord：讀取對比檔案
[Tue Nov 03 21:58:15 CST 2020] [INFO] class java.util.logging.LogRecord：無新增項目
[Tue Nov 03 21:58:15 CST 2020] [INFO] class java.util.logging.LogRecord：讀取檔案
[Tue Nov 03 21:58:25 CST 2020] [INFO] class java.util.logging.LogRecord：讀取對比檔案
[Tue Nov 03 21:58:25 CST 2020] [INFO] class java.util.logging.LogRecord：無新增項目
[Tue Nov 03 21:58:25 CST 2020] [INFO] class java.util.logging.LogRecord：讀取檔案
[Tue Nov 03 21:58:35 CST 2020] [INFO] class java.util.logging.LogRecord：讀取對比檔案
[Tue Nov 03 21:58:35 CST 2020] [INFO] class java.util.logging.LogRecord：無新增項目
[Tue Nov 03 21:58:35 CST 2020] [INFO] class java.util.logging.LogRecord：讀取檔案
[Tue Nov 03 21:58:45 CST 2020] [INFO] class java.util.logging.LogRecord：讀取對比檔案
[Tue Nov 03 21:58:45 CST 2020] [INFO] class java.util.logging.LogRecord：無新增項目
[Tue Nov 03 21:58:45 CST 2020] [INFO] class java.util.logging.LogRecord：讀取檔案
[Tue Nov 03 21:58:55 CST 2020] [INFO] class java.util.logging.LogRecord：讀取對比檔案
[Tue Nov 03 21:58:55 CST 2020] [INFO] class java.util.logging.LogRecord：無新增項目
[Tue Nov 03 21:58:55 CST 2020] [INFO] class java.util.logging.LogRecord：讀取檔案
[Tue Nov 03 21:59:05 CST 2020] [INFO] class java.util.logging.LogRecord：讀取對比檔案
[Tue Nov 03 21:59:05 CST 2020] [INFO] class java.util.logging.LogRecord：無新增項目
[Tue Nov 03 21:59:05 CST 2020] [INFO] class java.util.logging.LogRecord：讀取檔案
[Tue Nov 03 21:59:15 CST 2020] [INFO] class java.util.logging.LogRecord：讀取對比檔案
[Tue Nov 03 21:59:15 CST 2020] [INFO] class java.util.logging.LogRecord：無新增項目
[Tue Nov 03 21:59:15 CST 2020] [INFO] class java.util.logging.LogRecord：讀取檔案
[Tue Nov 03 21:59:25 CST 2020] [INFO] class java.util.logging.LogRecord：讀取對比檔案
[Tue Nov 03 21:59:25 CST 2020] [INFO] class java.util.logging.LogRecord：無新增項目
[Tue Nov 03 21:59:25 CST 2020] [INFO] class java.util.logging.LogRecord：讀取檔案
[Tue Nov 03 21:59:35 CST 2020] [INFO] class java.util.logging.LogRecord：讀取對比檔案
[Tue Nov 03 21:59:35 CST 2020] [INFO] class java.util.logging.LogRecord：無新增項目
[Tue Nov 03 21:59:35 CST 2020] [INFO] class java.util.logging.LogRecord：讀取檔案
[Tue Nov 03 21:59:45 CST 2020] [INFO] class java.util.logging.LogRecord：讀取對比檔案
[Tue Nov 03 21:59:45 CST 2020] [INFO] class java.util.logging.LogRecord：無新增項目
[Tue Nov 03 21:59:45 CST 2020] [INFO] class java.util.logging.LogRecord：讀取檔案
[Tue Nov 03 21:59:55 CST 2020] [INFO] class java.util.logging.LogRecord：讀取對比檔案
[Tue Nov 03 21:59:55 CST 2020] [INFO] class java.util.logging.LogRecord：無新增項目
[Tue Nov 03 21:59:55 CST 2020] [INFO] class java.util.logging.LogRecord：讀取檔案
[Tue Nov 03 22:00:05 CST 2020] [INFO] class java.util.logging.LogRecord：讀取對比檔案
[Tue Nov 03 22:00:05 CST 2020] [INFO] class java.util.logging.LogRecord：無新增項目
[Tue Nov 03 22:00:05 CST 2020] [INFO] class java.util.logging.LogRecord：讀取檔案
[Tue Nov 03 22:00:15 CST 2020] [INFO] class java.util.logging.LogRecord：讀取對比檔案
[Tue Nov 03 22:00:15 CST 2020] [INFO] class java.util.logging.LogRecord：無新增項目
[Tue Nov 03 22:00:15 CST 2020] [INFO] class java.util.logging.LogRecord：讀取檔案
[Tue Nov 03 22:00:25 CST 2020] [INFO] class java.util.logging.LogRecord：讀取對比檔案
[Tue Nov 03 22:00:25 CST 2020] [INFO] class java.util.logging.LogRecord：無新增項目
[Tue Nov 03 22:00:25 CST 2020] [INFO] class java.util.logging.LogRecord：讀取檔案
[Tue Nov 03 22:00:35 CST 2020] [INFO] class java.util.logging.LogRecord：讀取對比檔案
[Tue Nov 03 22:00:35 CST 2020] [INFO] class java.util.logging.LogRecord：無新增項目
[Tue Nov 03 22:00:35 CST 2020] [INFO] class java.util.logging.LogRecord：讀取檔案
[Tue Nov 03 22:00:45 CST 2020] [INFO] class java.util.logging.LogRecord：讀取對比檔案
[Tue Nov 03 22:00:45 CST 2020] [INFO] class java.util.logging.LogRecord：無新增項目
[Tue Nov 03 22:00:45 CST 2020] [INFO] class java.util.logging.LogRecord：讀取檔案
[Tue Nov 03 22:00:55 CST 2020] [INFO] class java.util.logging.LogRecord：讀取對比檔案
[Tue Nov 03 22:00:55 CST 2020] [INFO] class java.util.logging.LogRecord：無新增項目
[Tue Nov 03 22:00:55 CST 2020] [INFO] class java.util.logging.LogRecord：讀取檔案
[Tue Nov 03 22:01:05 CST 2020] [INFO] class java.util.logging.LogRecord：讀取對比檔案
[Tue Nov 03 22:01:05 CST 2020] [INFO] class java.util.logging.LogRecord：無新增項目
[Tue Nov 03 22:01:05 CST 2020] [INFO] class java.util.logging.LogRecord：讀取檔案
[Tue Nov 03 22:01:15 CST 2020] [INFO] class java.util.logging.LogRecord：讀取對比檔案
[Tue Nov 03 22:01:15 CST 2020] [INFO] class java.util.logging.LogRecord：無新增項目
[Tue Nov 03 22:01:15 CST 2020] [INFO] class java.util.logging.LogRecord：讀取檔案
[Tue Nov 03 22:01:25 CST 2020] [INFO] class java.util.logging.LogRecord：讀取對比檔案
[Tue Nov 03 22:01:25 CST 2020] [INFO] class java.util.logging.LogRecord：無新增項目
[Tue Nov 03 22:01:25 CST 2020] [INFO] class java.util.logging.LogRecord：讀取檔案
[Tue Nov 03 22:01:35 CST 2020] [INFO] class java.util.logging.LogRecord：讀取對比檔案
[Tue Nov 03 22:01:35 CST 2020] [INFO] class java.util.logging.LogRecord：無新增項目
[Tue Nov 03 22:01:35 CST 2020] [INFO] class java.util.logging.LogRecord：讀取檔案
[Tue Nov 03 22:01:45 CST 2020] [INFO] class java.util.logging.LogRecord：讀取對比檔案
[Tue Nov 03 22:01:45 CST 2020] [INFO] class java.util.logging.LogRecord：無新增項目
[Tue Nov 03 22:01:45 CST 2020] [INFO] class java.util.logging.LogRecord：讀取檔案
[Tue Nov 03 22:01:55 CST 2020] [INFO] class java.util.logging.LogRecord：讀取對比檔案
[Tue Nov 03 22:01:55 CST 2020] [INFO] class java.util.logging.LogRecord：無新增項目
[Tue Nov 03 22:01:55 CST 2020] [INFO] class java.util.logging.LogRecord：讀取檔案
[Tue Nov 03 22:02:05 CST 2020] [INFO] class java.util.logging.LogRecord：讀取對比檔案
[Tue Nov 03 22:02:05 CST 2020] [INFO] class java.util.logging.LogRecord：無新增項目
[Tue Nov 03 22:02:05 CST 2020] [INFO] class java.util.logging.LogRecord：讀取檔案
[Tue Nov 03 22:02:15 CST 2020] [INFO] class java.util.logging.LogRecord：讀取對比檔案
[Tue Nov 03 22:02:15 CST 2020] [INFO] class java.util.logging.LogRecord：無新增項目
[Tue Nov 03 22:02:15 CST 2020] [INFO] class java.util.logging.LogRecord：讀取檔案
[Tue Nov 03 22:02:25 CST 2020] [INFO] class java.util.logging.LogRecord：讀取對比檔案
[Tue Nov 03 22:02:25 CST 2020] [INFO] class java.util.logging.LogRecord：無新增項目
[Tue Nov 03 22:02:25 CST 2020] [INFO] class java.util.logging.LogRecord：讀取檔案
[Tue Nov 03 22:02:35 CST 2020] [INFO] class java.util.logging.LogRecord：讀取對比檔案
[Tue Nov 03 22:02:35 CST 2020] [INFO] class java.util.logging.LogRecord：無新增項目
[Tue Nov 03 22:02:35 CST 2020] [INFO] class java.util.logging.LogRecord：讀取檔案
[Tue Nov 03 22:02:45 CST 2020] [INFO] class java.util.logging.LogRecord：讀取對比檔案
[Tue Nov 03 22:02:45 CST 2020] [INFO] class java.util.logging.LogRecord：無新增項目
[Tue Nov 03 22:02:45 CST 2020] [INFO] class java.util.logging.LogRecord：讀取檔案
[Tue Nov 03 22:02:55 CST 2020] [INFO] class java.util.logging.LogRecord：讀取對比檔案
[Tue Nov 03 22:02:55 CST 2020] [INFO] class java.util.logging.LogRecord：無新增項目
[Tue Nov 03 22:02:55 CST 2020] [INFO] class java.util.logging.LogRecord：讀取檔案
[Tue Nov 03 22:03:05 CST 2020] [INFO] class java.util.logging.LogRecord：讀取對比檔案
[Tue Nov 03 22:03:05 CST 2020] [INFO] class java.util.logging.LogRecord：無新增項目
[Tue Nov 03 22:03:05 CST 2020] [INFO] class java.util.logging.LogRecord：讀取檔案
[Tue Nov 03 22:03:15 CST 2020] [INFO] class java.util.logging.LogRecord：讀取對比檔案
[Tue Nov 03 22:03:15 CST 2020] [INFO] class java.util.logging.LogRecord：無新增項目
[Tue Nov 03 22:03:15 CST 2020] [INFO] class java.util.logging.LogRecord：讀取檔案
[Tue Nov 03 22:03:25 CST 2020] [INFO] class java.util.logging.LogRecord：讀取對比檔案
[Tue Nov 03 22:03:25 CST 2020] [INFO] class java.util.logging.LogRecord：無新增項目
[Tue Nov 03 22:03:25 CST 2020] [INFO] class java.util.logging.LogRecord：讀取檔案
[Tue Nov 03 22:03:35 CST 2020] [INFO] class java.util.logging.LogRecord：讀取對比檔案
[Tue Nov 03 22:03:35 CST 2020] [INFO] class java.util.logging.LogRecord：無新增項目
[Tue Nov 03 22:03:35 CST 2020] [INFO] class java.util.logging.LogRecord：讀取檔案
[Tue Nov 03 22:03:45 CST 2020] [INFO] class java.util.logging.LogRecord：讀取對比檔案
[Tue Nov 03 22:03:45 CST 2020] [INFO] class java.util.logging.LogRecord：無新增項目
[Tue Nov 03 22:03:45 CST 2020] [INFO] class java.util.logging.LogRecord：讀取檔案
[Tue Nov 03 22:03:55 CST 2020] [INFO] class java.util.logging.LogRecord：讀取對比檔案
[Tue Nov 03 22:03:55 CST 2020] [INFO] class java.util.logging.LogRecord：無新增項目
[Tue Nov 03 22:03:55 CST 2020] [INFO] class java.util.logging.LogRecord：讀取檔案
[Tue Nov 03 22:04:05 CST 2020] [INFO] class java.util.logging.LogRecord：讀取對比檔案
[Tue Nov 03 22:04:05 CST 2020] [INFO] class java.util.logging.LogRecord：無新增項目
[Tue Nov 03 22:04:05 CST 2020] [INFO] class java.util.logging.LogRecord：讀取檔案
[Tue Nov 03 22:04:15 CST 2020] [INFO] class java.util.logging.LogRecord：讀取對比檔案
[Tue Nov 03 22:04:15 CST 2020] [INFO] class java.util.logging.LogRecord：無新增項目
[Tue Nov 03 22:04:15 CST 2020] [INFO] class java.util.logging.LogRecord：讀取檔案
[Tue Nov 03 22:04:25 CST 2020] [INFO] class java.util.logging.LogRecord：讀取對比檔案
[Tue Nov 03 22:04:25 CST 2020] [INFO] class java.util.logging.LogRecord：無新增項目
[Tue Nov 03 22:04:25 CST 2020] [INFO] class java.util.logging.LogRecord：讀取檔案
[Tue Nov 03 22:04:35 CST 2020] [INFO] class java.util.logging.LogRecord：讀取對比檔案
[Tue Nov 03 22:04:35 CST 2020] [INFO] class java.util.logging.LogRecord：無新增項目
[Tue Nov 03 22:04:35 CST 2020] [INFO] class java.util.logging.LogRecord：讀取檔案
[Tue Nov 03 22:04:45 CST 2020] [INFO] class java.util.logging.LogRecord：讀取對比檔案
[Tue Nov 03 22:04:45 CST 2020] [INFO] class java.util.logging.LogRecord：無新增項目
[Tue Nov 03 22:04:45 CST 2020] [INFO] class java.util.logging.LogRecord：讀取檔案
[Tue Nov 03 22:04:55 CST 2020] [INFO] class java.util.logging.LogRecord：讀取對比檔案
[Tue Nov 03 22:04:55 CST 2020] [INFO] class java.util.logging.LogRecord：無新增項目
[Tue Nov 03 22:04:55 CST 2020] [INFO] class java.util.logging.LogRecord：讀取檔案
[Tue Nov 03 22:05:05 CST 2020] [INFO] class java.util.logging.LogRecord：讀取對比檔案
[Tue Nov 03 22:05:05 CST 2020] [INFO] class java.util.logging.LogRecord：無新增項目
[Tue Nov 03 22:05:05 CST 2020] [INFO] class java.util.logging.LogRecord：讀取檔案
[Tue Nov 03 22:05:15 CST 2020] [INFO] class java.util.logging.LogRecord：讀取對比檔案
[Tue Nov 03 22:05:15 CST 2020] [INFO] class java.util.logging.LogRecord：無新增項目
[Tue Nov 03 22:05:15 CST 2020] [INFO] class java.util.logging.LogRecord：讀取檔案
[Tue Nov 03 22:05:25 CST 2020] [INFO] class java.util.logging.LogRecord：讀取對比檔案
[Tue Nov 03 22:05:25 CST 2020] [INFO] class java.util.logging.LogRecord：無新增項目
[Tue Nov 03 22:05:25 CST 2020] [INFO] class java.util.logging.LogRecord：讀取檔案
[Tue Nov 03 22:05:35 CST 2020] [INFO] class java.util.logging.LogRecord：讀取對比檔案
[Tue Nov 03 22:05:35 CST 2020] [INFO] class java.util.logging.LogRecord：無新增項目
[Tue Nov 03 22:05:35 CST 2020] [INFO] class java.util.logging.LogRecord：讀取檔案
[Tue Nov 03 22:05:45 CST 2020] [INFO] class java.util.logging.LogRecord：讀取對比檔案
[Tue Nov 03 22:05:45 CST 2020] [INFO] class java.util.logging.LogRecord：無新增項目
[Tue Nov 03 22:05:45 CST 2020] [INFO] class java.util.logging.LogRecord：讀取檔案
[Tue Nov 03 22:05:55 CST 2020] [INFO] class java.util.logging.LogRecord：讀取對比檔案
[Tue Nov 03 22:05:55 CST 2020] [INFO] class java.util.logging.LogRecord：無新增項目
[Tue Nov 03 22:05:55 CST 2020] [INFO] class java.util.logging.LogRecord：讀取檔案
[Tue Nov 03 22:06:05 CST 2020] [INFO] class java.util.logging.LogRecord：讀取對比檔案
[Tue Nov 03 22:06:05 CST 2020] [INFO] class java.util.logging.LogRecord：無新增項目
[Tue Nov 03 22:06:05 CST 2020] [INFO] class java.util.logging.LogRecord：讀取檔案
[Tue Nov 03 22:06:15 CST 2020] [INFO] class java.util.logging.LogRecord：讀取對比檔案
[Tue Nov 03 22:06:15 CST 2020] [INFO] class java.util.logging.LogRecord：無新增項目
[Tue Nov 03 22:06:15 CST 2020] [INFO] class java.util.logging.LogRecord：讀取檔案
[Tue Nov 03 22:06:25 CST 2020] [INFO] class java.util.logging.LogRecord：讀取對比檔案
[Tue Nov 03 22:06:25 CST 2020] [INFO] class java.util.logging.LogRecord：無新增項目
[Tue Nov 03 22:06:25 CST 2020] [INFO] class java.util.logging.LogRecord：讀取檔案
[Tue Nov 03 22:06:35 CST 2020] [INFO] class java.util.logging.LogRecord：讀取對比檔案
[Tue Nov 03 22:06:35 CST 2020] [INFO] class java.util.logging.LogRecord：無新增項目
[Tue Nov 03 22:06:35 CST 2020] [INFO] class java.util.logging.LogRecord：讀取檔案
[Tue Nov 03 22:06:45 CST 2020] [INFO] class java.util.logging.LogRecord：讀取對比檔案
[Tue Nov 03 22:06:45 CST 2020] [INFO] class java.util.logging.LogRecord：無新增項目
[Tue Nov 03 22:06:45 CST 2020] [INFO] class java.util.logging.LogRecord：讀取檔案
[Tue Nov 03 22:06:55 CST 2020] [INFO] class java.util.logging.LogRecord：讀取對比檔案
[Tue Nov 03 22:06:55 CST 2020] [INFO] class java.util.logging.LogRecord：無新增項目
[Tue Nov 03 22:06:55 CST 2020] [INFO] class java.util.logging.LogRecord：讀取檔案
[Tue Nov 03 22:07:05 CST 2020] [INFO] class java.util.logging.LogRecord：讀取對比檔案
[Tue Nov 03 22:07:05 CST 2020] [INFO] class java.util.logging.LogRecord：無新增項目
[Tue Nov 03 22:07:05 CST 2020] [INFO] class java.util.logging.LogRecord：讀取檔案
[Tue Nov 03 22:07:15 CST 2020] [INFO] class java.util.logging.LogRecord：讀取對比檔案
[Tue Nov 03 22:07:15 CST 2020] [INFO] class java.util.logging.LogRecord：無新增項目
[Tue Nov 03 22:07:15 CST 2020] [INFO] class java.util.logging.LogRecord：讀取檔案
[Tue Nov 03 22:07:25 CST 2020] [INFO] class java.util.logging.LogRecord：讀取對比檔案
[Tue Nov 03 22:07:25 CST 2020] [INFO] class java.util.logging.LogRecord：無新增項目
[Tue Nov 03 22:07:25 CST 2020] [INFO] class java.util.logging.LogRecord：讀取檔案
[Tue Nov 03 22:07:35 CST 2020] [INFO] class java.util.logging.LogRecord：讀取對比檔案
[Tue Nov 03 22:07:35 CST 2020] [INFO] class java.util.logging.LogRecord：無新增項目
[Tue Nov 03 22:07:35 CST 2020] [INFO] class java.util.logging.LogRecord：讀取檔案
[Tue Nov 03 22:07:45 CST 2020] [INFO] class java.util.logging.LogRecord：讀取對比檔案
[Tue Nov 03 22:07:45 CST 2020] [INFO] class java.util.logging.LogRecord：無新增項目
[Tue Nov 03 22:07:45 CST 2020] [INFO] class java.util.logging.LogRecord：讀取檔案
[Tue Nov 03 22:07:55 CST 2020] [INFO] class java.util.logging.LogRecord：讀取對比檔案
[Tue Nov 03 22:07:55 CST 2020] [INFO] class java.util.logging.LogRecord：無新增項目
[Tue Nov 03 22:07:55 CST 2020] [INFO] class java.util.logging.LogRecord：讀取檔案
[Tue Nov 03 22:08:05 CST 2020] [INFO] class java.util.logging.LogRecord：讀取對比檔案
[Tue Nov 03 22:08:05 CST 2020] [INFO] class java.util.logging.LogRecord：無新增項目
[Tue Nov 03 22:08:05 CST 2020] [INFO] class java.util.logging.LogRecord：讀取檔案
[Tue Nov 03 22:08:15 CST 2020] [INFO] class java.util.logging.LogRecord：讀取對比檔案
[Tue Nov 03 22:08:15 CST 2020] [INFO] class java.util.logging.LogRecord：無新增項目
[Tue Nov 03 22:08:15 CST 2020] [INFO] class java.util.logging.LogRecord：讀取檔案
[Tue Nov 03 22:08:25 CST 2020] [INFO] class java.util.logging.LogRecord：讀取對比檔案
[Tue Nov 03 22:08:25 CST 2020] [INFO] class java.util.logging.LogRecord：無新增項目
[Tue Nov 03 22:08:25 CST 2020] [INFO] class java.util.logging.LogRecord：讀取檔案
[Tue Nov 03 22:08:35 CST 2020] [INFO] class java.util.logging.LogRecord：讀取對比檔案
[Tue Nov 03 22:08:35 CST 2020] [INFO] class java.util.logging.LogRecord：無新增項目
[Tue Nov 03 22:08:35 CST 2020] [INFO] class java.util.logging.LogRecord：讀取檔案
[Tue Nov 03 22:08:45 CST 2020] [INFO] class java.util.logging.LogRecord：讀取對比檔案
[Tue Nov 03 22:08:45 CST 2020] [INFO] class java.util.logging.LogRecord：無新增項目
[Tue Nov 03 22:08:45 CST 2020] [INFO] class java.util.logging.LogRecord：讀取檔案
[Tue Nov 03 22:08:55 CST 2020] [INFO] class java.util.logging.LogRecord：讀取對比檔案
[Tue Nov 03 22:08:55 CST 2020] [INFO] class java.util.logging.LogRecord：無新增項目
[Tue Nov 03 22:08:55 CST 2020] [INFO] class java.util.logging.LogRecord：讀取檔案
[Tue Nov 03 22:09:05 CST 2020] [INFO] class java.util.logging.LogRecord：讀取對比檔案
[Tue Nov 03 22:09:05 CST 2020] [INFO] class java.util.logging.LogRecord：無新增項目
[Tue Nov 03 22:09:05 CST 2020] [INFO] class java.util.logging.LogRecord：讀取檔案
[Tue Nov 03 22:09:15 CST 2020] [INFO] class java.util.logging.LogRecord：讀取對比檔案
[Tue Nov 03 22:09:15 CST 2020] [INFO] class java.util.logging.LogRecord：無新增項目
[Tue Nov 03 22:09:15 CST 2020] [INFO] class java.util.logging.LogRecord：讀取檔案
[Tue Nov 03 22:09:25 CST 2020] [INFO] class java.util.logging.LogRecord：讀取對比檔案
[Tue Nov 03 22:09:25 CST 2020] [INFO] class java.util.logging.LogRecord：無新增項目
[Tue Nov 03 22:09:25 CST 2020] [INFO] class java.util.logging.LogRecord：讀取檔案
[Tue Nov 03 22:09:35 CST 2020] [INFO] class java.util.logging.LogRecord：讀取對比檔案
[Tue Nov 03 22:09:35 CST 2020] [INFO] class java.util.logging.LogRecord：無新增項目
[Tue Nov 03 22:09:35 CST 2020] [INFO] class java.util.logging.LogRecord：讀取檔案
[Tue Nov 03 22:09:45 CST 2020] [INFO] class java.util.logging.LogRecord：讀取對比檔案
[Tue Nov 03 22:09:45 CST 2020] [INFO] class java.util.logging.LogRecord：無新增項目
[Tue Nov 03 22:09:45 CST 2020] [INFO] class java.util.logging.LogRecord：讀取檔案
[Tue Nov 03 22:09:55 CST 2020] [INFO] class java.util.logging.LogRecord：讀取對比檔案
[Tue Nov 03 22:09:55 CST 2020] [INFO] class java.util.logging.LogRecord：無新增項目
[Tue Nov 03 22:09:55 CST 2020] [INFO] class java.util.logging.LogRecord：讀取檔案
[Tue Nov 03 22:10:05 CST 2020] [INFO] class java.util.logging.LogRecord：讀取對比檔案
[Tue Nov 03 22:10:05 CST 2020] [INFO] class java.util.logging.LogRecord：無新增項目
[Tue Nov 03 22:10:05 CST 2020] [INFO] class java.util.logging.LogRecord：讀取檔案
[Tue Nov 03 22:10:15 CST 2020] [INFO] class java.util.logging.LogRecord：讀取對比檔案
[Tue Nov 03 22:10:15 CST 2020] [INFO] class java.util.logging.LogRecord：無新增項目
[Tue Nov 03 22:10:15 CST 2020] [INFO] class java.util.logging.LogRecord：讀取檔案
[Tue Nov 03 22:10:25 CST 2020] [INFO] class java.util.logging.LogRecord：讀取對比檔案
[Tue Nov 03 22:10:25 CST 2020] [INFO] class java.util.logging.LogRecord：無新增項目
[Tue Nov 03 22:10:25 CST 2020] [INFO] class java.util.logging.LogRecord：讀取檔案
[Tue Nov 03 22:10:35 CST 2020] [INFO] class java.util.logging.LogRecord：讀取對比檔案
[Tue Nov 03 22:10:35 CST 2020] [INFO] class java.util.logging.LogRecord：無新增項目
[Tue Nov 03 22:10:35 CST 2020] [INFO] class java.util.logging.LogRecord：讀取檔案
[Tue Nov 03 22:10:45 CST 2020] [INFO] class java.util.logging.LogRecord：讀取對比檔案
[Tue Nov 03 22:10:45 CST 2020] [INFO] class java.util.logging.LogRecord：無新增項目
[Tue Nov 03 22:10:45 CST 2020] [INFO] class java.util.logging.LogRecord：讀取檔案
[Tue Nov 03 22:10:55 CST 2020] [INFO] class java.util.logging.LogRecord：讀取對比檔案
[Tue Nov 03 22:10:55 CST 2020] [INFO] class java.util.logging.LogRecord：無新增項目
[Tue Nov 03 22:10:55 CST 2020] [INFO] class java.util.logging.LogRecord：讀取檔案
[Tue Nov 03 22:11:05 CST 2020] [INFO] class java.util.logging.LogRecord：讀取對比檔案
[Tue Nov 03 22:11:05 CST 2020] [INFO] class java.util.logging.LogRecord：無新增項目
[Tue Nov 03 22:11:05 CST 2020] [INFO] class java.util.logging.LogRecord：讀取檔案
[Tue Nov 03 22:11:15 CST 2020] [INFO] class java.util.logging.LogRecord：讀取對比檔案
[Tue Nov 03 22:11:15 CST 2020] [INFO] class java.util.logging.LogRecord：無新增項目
[Tue Nov 03 22:11:15 CST 2020] [INFO] class java.util.logging.LogRecord：讀取檔案
[Tue Nov 03 22:11:25 CST 2020] [INFO] class java.util.logging.LogRecord：讀取對比檔案
[Tue Nov 03 22:11:25 CST 2020] [INFO] class java.util.logging.LogRecord：無新增項目
[Tue Nov 03 22:11:25 CST 2020] [INFO] class java.util.logging.LogRecord：讀取檔案
[Tue Nov 03 22:11:35 CST 2020] [INFO] class java.util.logging.LogRecord：讀取對比檔案
[Tue Nov 03 22:11:35 CST 2020] [INFO] class java.util.logging.LogRecord：無新增項目
[Tue Nov 03 22:11:35 CST 2020] [INFO] class java.util.logging.LogRecord：讀取檔案
[Tue Nov 03 22:11:45 CST 2020] [INFO] class java.util.logging.LogRecord：讀取對比檔案
[Tue Nov 03 22:11:45 CST 2020] [INFO] class java.util.logging.LogRecord：無新增項目
[Tue Nov 03 22:11:45 CST 2020] [INFO] class java.util.logging.LogRecord：讀取檔案
[Tue Nov 03 22:11:55 CST 2020] [INFO] class java.util.logging.LogRecord：讀取對比檔案
[Tue Nov 03 22:11:55 CST 2020] [INFO] class java.util.logging.LogRecord：無新增項目
[Tue Nov 03 22:11:55 CST 2020] [INFO] class java.util.logging.LogRecord：讀取檔案
[Tue Nov 03 22:12:05 CST 2020] [INFO] class java.util.logging.LogRecord：讀取對比檔案
[Tue Nov 03 22:12:05 CST 2020] [INFO] class java.util.logging.LogRecord：無新增項目
[Tue Nov 03 22:12:05 CST 2020] [INFO] class java.util.logging.LogRecord：讀取檔案
[Tue Nov 03 22:12:15 CST 2020] [INFO] class java.util.logging.LogRecord：讀取對比檔案
[Tue Nov 03 22:12:15 CST 2020] [INFO] class java.util.logging.LogRecord：無新增項目
[Tue Nov 03 22:12:15 CST 2020] [INFO] class java.util.logging.LogRecord：讀取檔案
[Tue Nov 03 22:12:25 CST 2020] [INFO] class java.util.logging.LogRecord：讀取對比檔案
[Tue Nov 03 22:12:25 CST 2020] [INFO] class java.util.logging.LogRecord：無新增項目
[Tue Nov 03 22:12:25 CST 2020] [INFO] class java.util.logging.LogRecord：讀取檔案
[Tue Nov 03 22:12:35 CST 2020] [INFO] class java.util.logging.LogRecord：讀取對比檔案
[Tue Nov 03 22:12:35 CST 2020] [INFO] class java.util.logging.LogRecord：無新增項目
[Tue Nov 03 22:12:35 CST 2020] [INFO] class java.util.logging.LogRecord：讀取檔案
[Tue Nov 03 22:12:45 CST 2020] [INFO] class java.util.logging.LogRecord：讀取對比檔案
[Tue Nov 03 22:12:45 CST 2020] [INFO] class java.util.logging.LogRecord：無新增項目
[Tue Nov 03 22:12:45 CST 2020] [INFO] class java.util.logging.LogRecord：讀取檔案
[Tue Nov 03 22:12:55 CST 2020] [INFO] class java.util.logging.LogRecord：讀取對比檔案
[Tue Nov 03 22:12:55 CST 2020] [INFO] class java.util.logging.LogRecord：無新增項目
[Tue Nov 03 22:12:55 CST 2020] [INFO] class java.util.logging.LogRecord：讀取檔案
[Tue Nov 03 22:13:05 CST 2020] [INFO] class java.util.logging.LogRecord：讀取對比檔案
[Tue Nov 03 22:13:05 CST 2020] [INFO] class java.util.logging.LogRecord：無新增項目
[Tue Nov 03 22:13:05 CST 2020] [INFO] class java.util.logging.LogRecord：讀取檔案
[Tue Nov 03 22:13:15 CST 2020] [INFO] class java.util.logging.LogRecord：讀取對比檔案
[Tue Nov 03 22:13:15 CST 2020] [INFO] class java.util.logging.LogRecord：無新增項目
[Tue Nov 03 22:13:15 CST 2020] [INFO] class java.util.logging.LogRecord：讀取檔案
[Tue Nov 03 22:13:25 CST 2020] [INFO] class java.util.logging.LogRecord：讀取對比檔案
[Tue Nov 03 22:13:25 CST 2020] [INFO] class java.util.logging.LogRecord：無新增項目
[Tue Nov 03 22:13:26 CST 2020] [INFO] class java.util.logging.LogRecord：讀取檔案
[Tue Nov 03 22:13:36 CST 2020] [INFO] class java.util.logging.LogRecord：讀取對比檔案
[Tue Nov 03 22:13:36 CST 2020] [INFO] class java.util.logging.LogRecord：新增：mat-debug-13932.log
[Tue Nov 03 22:13:36 CST 2020] [INFO] class java.util.logging.LogRecord：讀取檔案
[Tue Nov 03 22:13:46 CST 2020] [INFO] class java.util.logging.LogRecord：讀取對比檔案
[Tue Nov 03 22:13:46 CST 2020] [INFO] class java.util.logging.LogRecord：無新增項目
[Tue Nov 03 22:13:46 CST 2020] [INFO] class java.util.logging.LogRecord：讀取檔案
[Tue Nov 03 22:13:56 CST 2020] [INFO] class java.util.logging.LogRecord：讀取對比檔案
[Tue Nov 03 22:13:56 CST 2020] [INFO] class java.util.logging.LogRecord：無新增項目
[Tue Nov 03 22:13:56 CST 2020] [INFO] class java.util.logging.LogRecord：讀取檔案
[Tue Nov 03 22:14:06 CST 2020] [INFO] class java.util.logging.LogRecord：讀取對比檔案
[Tue Nov 03 22:14:06 CST 2020] [INFO] class java.util.logging.LogRecord：無新增項目
[Tue Nov 03 22:14:06 CST 2020] [INFO] class java.util.logging.LogRecord：讀取檔案
[Tue Nov 03 22:14:16 CST 2020] [INFO] class java.util.logging.LogRecord：讀取對比檔案
[Tue Nov 03 22:14:16 CST 2020] [INFO] class java.util.logging.LogRecord：無新增項目
[Tue Nov 03 22:14:16 CST 2020] [INFO] class java.util.logging.LogRecord：讀取檔案
[Tue Nov 03 22:14:26 CST 2020] [INFO] class java.util.logging.LogRecord：讀取對比檔案
[Tue Nov 03 22:14:26 CST 2020] [INFO] class java.util.logging.LogRecord：無新增項目
[Tue Nov 03 22:14:26 CST 2020] [INFO] class java.util.logging.LogRecord：讀取檔案
[Tue Nov 03 22:14:36 CST 2020] [INFO] class java.util.logging.LogRecord：讀取對比檔案
[Tue Nov 03 22:14:36 CST 2020] [INFO] class java.util.logging.LogRecord：無新增項目
[Tue Nov 03 22:14:36 CST 2020] [INFO] class java.util.logging.LogRecord：讀取檔案
[Tue Nov 03 22:14:46 CST 2020] [INFO] class java.util.logging.LogRecord：讀取對比檔案
[Tue Nov 03 22:14:46 CST 2020] [INFO] class java.util.logging.LogRecord：無新增項目
[Tue Nov 03 22:14:46 CST 2020] [INFO] class java.util.logging.LogRecord：讀取檔案
[Tue Nov 03 22:14:56 CST 2020] [INFO] class java.util.logging.LogRecord：讀取對比檔案
[Tue Nov 03 22:14:56 CST 2020] [INFO] class java.util.logging.LogRecord：無新增項目
[Tue Nov 03 22:14:56 CST 2020] [INFO] class java.util.logging.LogRecord：讀取檔案
[Tue Nov 03 22:15:06 CST 2020] [INFO] class java.util.logging.LogRecord：讀取對比檔案
[Tue Nov 03 22:15:06 CST 2020] [INFO] class java.util.logging.LogRecord：無新增項目
[Tue Nov 03 22:15:06 CST 2020] [INFO] class java.util.logging.LogRecord：讀取檔案
[Tue Nov 03 22:15:16 CST 2020] [INFO] class java.util.logging.LogRecord：讀取對比檔案
[Tue Nov 03 22:15:16 CST 2020] [INFO] class java.util.logging.LogRecord：無新增項目
[Tue Nov 03 22:15:16 CST 2020] [INFO] class java.util.logging.LogRecord：讀取檔案
[Tue Nov 03 22:15:26 CST 2020] [INFO] class java.util.logging.LogRecord：讀取對比檔案
[Tue Nov 03 22:15:26 CST 2020] [INFO] class java.util.logging.LogRecord：無新增項目
[Tue Nov 03 22:15:26 CST 2020] [INFO] class java.util.logging.LogRecord：讀取檔案
[Tue Nov 03 22:15:36 CST 2020] [INFO] class java.util.logging.LogRecord：讀取對比檔案
[Tue Nov 03 22:15:36 CST 2020] [INFO] class java.util.logging.LogRecord：無新增項目
[Tue Nov 03 22:15:36 CST 2020] [INFO] class java.util.logging.LogRecord：讀取檔案
[Tue Nov 03 22:15:46 CST 2020] [INFO] class java.util.logging.LogRecord：讀取對比檔案
[Tue Nov 03 22:15:46 CST 2020] [INFO] class java.util.logging.LogRecord：無新增項目
[Tue Nov 03 22:15:46 CST 2020] [INFO] class java.util.logging.LogRecord：讀取檔案
[Tue Nov 03 22:15:56 CST 2020] [INFO] class java.util.logging.LogRecord：讀取對比檔案
[Tue Nov 03 22:15:56 CST 2020] [INFO] class java.util.logging.LogRecord：無新增項目
[Tue Nov 03 22:15:56 CST 2020] [INFO] class java.util.logging.LogRecord：讀取檔案
[Tue Nov 03 22:16:06 CST 2020] [INFO] class java.util.logging.LogRecord：讀取對比檔案
[Tue Nov 03 22:16:06 CST 2020] [INFO] class java.util.logging.LogRecord：無新增項目
[Tue Nov 03 22:16:06 CST 2020] [INFO] class java.util.logging.LogRecord：讀取檔案
[Tue Nov 03 22:16:16 CST 2020] [INFO] class java.util.logging.LogRecord：讀取對比檔案
[Tue Nov 03 22:16:16 CST 2020] [INFO] class java.util.logging.LogRecord：無新增項目
[Tue Nov 03 22:16:16 CST 2020] [INFO] class java.util.logging.LogRecord：讀取檔案
[Tue Nov 03 22:16:26 CST 2020] [INFO] class java.util.logging.LogRecord：讀取對比檔案
[Tue Nov 03 22:16:26 CST 2020] [INFO] class java.util.logging.LogRecord：無新增項目
[Tue Nov 03 22:16:26 CST 2020] [INFO] class java.util.logging.LogRecord：讀取檔案
[Tue Nov 03 22:16:36 CST 2020] [INFO] class java.util.logging.LogRecord：讀取對比檔案
[Tue Nov 03 22:16:36 CST 2020] [INFO] class java.util.logging.LogRecord：無新增項目
[Tue Nov 03 22:16:36 CST 2020] [INFO] class java.util.logging.LogRecord：讀取檔案
[Tue Nov 03 22:16:46 CST 2020] [INFO] class java.util.logging.LogRecord：讀取對比檔案
[Tue Nov 03 22:16:46 CST 2020] [INFO] class java.util.logging.LogRecord：無新增項目
[Tue Nov 03 22:16:46 CST 2020] [INFO] class java.util.logging.LogRecord：讀取檔案
[Tue Nov 03 22:16:56 CST 2020] [INFO] class java.util.logging.LogRecord：讀取對比檔案
[Tue Nov 03 22:16:56 CST 2020] [INFO] class java.util.logging.LogRecord：無新增項目
[Tue Nov 03 22:16:56 CST 2020] [INFO] class java.util.logging.LogRecord：讀取檔案
[Tue Nov 03 22:17:06 CST 2020] [INFO] class java.util.logging.LogRecord：讀取對比檔案
[Tue Nov 03 22:17:06 CST 2020] [INFO] class java.util.logging.LogRecord：無新增項目
[Tue Nov 03 22:17:06 CST 2020] [INFO] class java.util.logging.LogRecord：讀取檔案
[Tue Nov 03 22:17:16 CST 2020] [INFO] class java.util.logging.LogRecord：讀取對比檔案
[Tue Nov 03 22:17:16 CST 2020] [INFO] class java.util.logging.LogRecord：無新增項目
[Tue Nov 03 22:17:16 CST 2020] [INFO] class java.util.logging.LogRecord：讀取檔案
[Tue Nov 03 22:17:26 CST 2020] [INFO] class java.util.logging.LogRecord：讀取對比檔案
[Tue Nov 03 22:17:26 CST 2020] [INFO] class java.util.logging.LogRecord：無新增項目
[Tue Nov 03 22:17:26 CST 2020] [INFO] class java.util.logging.LogRecord：讀取檔案
[Tue Nov 03 22:17:36 CST 2020] [INFO] class java.util.logging.LogRecord：讀取對比檔案
[Tue Nov 03 22:17:36 CST 2020] [INFO] class java.util.logging.LogRecord：無新增項目
[Tue Nov 03 22:17:36 CST 2020] [INFO] class java.util.logging.LogRecord：讀取檔案
[Tue Nov 03 22:17:46 CST 2020] [INFO] class java.util.logging.LogRecord：讀取對比檔案
[Tue Nov 03 22:17:46 CST 2020] [INFO] class java.util.logging.LogRecord：無新增項目
[Tue Nov 03 22:17:46 CST 2020] [INFO] class java.util.logging.LogRecord：讀取檔案
[Tue Nov 03 22:17:56 CST 2020] [INFO] class java.util.logging.LogRecord：讀取對比檔案
[Tue Nov 03 22:17:56 CST 2020] [INFO] class java.util.logging.LogRecord：無新增項目
[Tue Nov 03 22:17:56 CST 2020] [INFO] class java.util.logging.LogRecord：讀取檔案
[Tue Nov 03 22:18:06 CST 2020] [INFO] class java.util.logging.LogRecord：讀取對比檔案
[Tue Nov 03 22:18:06 CST 2020] [INFO] class java.util.logging.LogRecord：無新增項目
[Tue Nov 03 22:18:06 CST 2020] [INFO] class java.util.logging.LogRecord：讀取檔案
[Tue Nov 03 22:18:16 CST 2020] [INFO] class java.util.logging.LogRecord：讀取對比檔案
[Tue Nov 03 22:18:16 CST 2020] [INFO] class java.util.logging.LogRecord：無新增項目
[Tue Nov 03 22:18:16 CST 2020] [INFO] class java.util.logging.LogRecord：讀取檔案
[Tue Nov 03 22:18:26 CST 2020] [INFO] class java.util.logging.LogRecord：讀取對比檔案
[Tue Nov 03 22:18:26 CST 2020] [INFO] class java.util.logging.LogRecord：無新增項目
[Tue Nov 03 22:18:26 CST 2020] [INFO] class java.util.logging.LogRecord：讀取檔案
[Tue Nov 03 22:18:36 CST 2020] [INFO] class java.util.logging.LogRecord：讀取對比檔案
[Tue Nov 03 22:18:36 CST 2020] [INFO] class java.util.logging.LogRecord：無新增項目
[Tue Nov 03 22:18:36 CST 2020] [INFO] class java.util.logging.LogRecord：讀取檔案
[Tue Nov 03 22:18:46 CST 2020] [INFO] class java.util.logging.LogRecord：讀取對比檔案
[Tue Nov 03 22:18:46 CST 2020] [INFO] class java.util.logging.LogRecord：無新增項目
[Tue Nov 03 22:18:46 CST 2020] [INFO] class java.util.logging.LogRecord：讀取檔案
[Tue Nov 03 22:18:56 CST 2020] [INFO] class java.util.logging.LogRecord：讀取對比檔案
[Tue Nov 03 22:18:56 CST 2020] [INFO] class java.util.logging.LogRecord：無新增項目
[Tue Nov 03 22:18:56 CST 2020] [INFO] class java.util.logging.LogRecord：讀取檔案
[Tue Nov 03 22:19:06 CST 2020] [INFO] class java.util.logging.LogRecord：讀取對比檔案
[Tue Nov 03 22:19:06 CST 2020] [INFO] class java.util.logging.LogRecord：無新增項目
[Tue Nov 03 22:19:06 CST 2020] [INFO] class java.util.logging.LogRecord：讀取檔案
[Tue Nov 03 22:19:16 CST 2020] [INFO] class java.util.logging.LogRecord：讀取對比檔案
[Tue Nov 03 22:19:16 CST 2020] [INFO] class java.util.logging.LogRecord：無新增項目
[Tue Nov 03 22:19:16 CST 2020] [INFO] class java.util.logging.LogRecord：讀取檔案
[Tue Nov 03 22:19:26 CST 2020] [INFO] class java.util.logging.LogRecord：讀取對比檔案
[Tue Nov 03 22:19:26 CST 2020] [INFO] class java.util.logging.LogRecord：無新增項目
[Tue Nov 03 22:19:26 CST 2020] [INFO] class java.util.logging.LogRecord：讀取檔案
[Tue Nov 03 22:19:36 CST 2020] [INFO] class java.util.logging.LogRecord：讀取對比檔案
[Tue Nov 03 22:19:36 CST 2020] [INFO] class java.util.logging.LogRecord：無新增項目
[Tue Nov 03 22:19:36 CST 2020] [INFO] class java.util.logging.LogRecord：讀取檔案
[Tue Nov 03 22:19:46 CST 2020] [INFO] class java.util.logging.LogRecord：讀取對比檔案
[Tue Nov 03 22:19:46 CST 2020] [INFO] class java.util.logging.LogRecord：無新增項目
[Tue Nov 03 22:19:46 CST 2020] [INFO] class java.util.logging.LogRecord：讀取檔案
[Tue Nov 03 22:19:56 CST 2020] [INFO] class java.util.logging.LogRecord：讀取對比檔案
[Tue Nov 03 22:19:56 CST 2020] [INFO] class java.util.logging.LogRecord：無新增項目
[Tue Nov 03 22:19:56 CST 2020] [INFO] class java.util.logging.LogRecord：讀取檔案
[Tue Nov 03 22:20:06 CST 2020] [INFO] class java.util.logging.LogRecord：讀取對比檔案
[Tue Nov 03 22:20:06 CST 2020] [INFO] class java.util.logging.LogRecord：無新增項目
[Tue Nov 03 22:20:06 CST 2020] [INFO] class java.util.logging.LogRecord：讀取檔案
[Tue Nov 03 22:20:16 CST 2020] [INFO] class java.util.logging.LogRecord：讀取對比檔案
[Tue Nov 03 22:20:16 CST 2020] [INFO] class java.util.logging.LogRecord：無新增項目
[Tue Nov 03 22:20:16 CST 2020] [INFO] class java.util.logging.LogRecord：讀取檔案
[Tue Nov 03 22:20:26 CST 2020] [INFO] class java.util.logging.LogRecord：讀取對比檔案
[Tue Nov 03 22:20:26 CST 2020] [INFO] class java.util.logging.LogRecord：無新增項目
[Tue Nov 03 22:20:26 CST 2020] [INFO] class java.util.logging.LogRecord：讀取檔案
[Tue Nov 03 22:20:36 CST 2020] [INFO] class java.util.logging.LogRecord：讀取對比檔案
[Tue Nov 03 22:20:36 CST 2020] [INFO] class java.util.logging.LogRecord：無新增項目
[Tue Nov 03 22:20:36 CST 2020] [INFO] class java.util.logging.LogRecord：讀取檔案
[Tue Nov 03 22:20:46 CST 2020] [INFO] class java.util.logging.LogRecord：讀取對比檔案
[Tue Nov 03 22:20:46 CST 2020] [INFO] class java.util.logging.LogRecord：新增：mat-debug-16428.log
[Tue Nov 03 22:20:46 CST 2020] [INFO] class java.util.logging.LogRecord：讀取檔案
[Tue Nov 03 22:20:56 CST 2020] [INFO] class java.util.logging.LogRecord：讀取對比檔案
[Tue Nov 03 22:20:56 CST 2020] [INFO] class java.util.logging.LogRecord：新增：PKM6CE9.tmp
[Tue Nov 03 22:20:56 CST 2020] [INFO] class java.util.logging.LogRecord：刪除：PKM6CE9.tmp
[Tue Nov 03 22:20:57 CST 2020] [INFO] class java.util.logging.LogRecord：刪除：PKM6CE9.tmp
[Tue Nov 03 22:20:59 CST 2020] [INFO] class java.util.logging.LogRecord：刪除：PKM6CE9.tmp
[Tue Nov 03 22:21:01 CST 2020] [INFO] class java.util.logging.LogRecord：刪除：PKM6CE9.tmp
[Tue Nov 03 22:21:02 CST 2020] [INFO] class java.util.logging.LogRecord：刪除：PKM6CE9.tmp
[Tue Nov 03 22:21:04 CST 2020] [INFO] class java.util.logging.LogRecord：刪除：PKM6CE9.tmp
[Tue Nov 03 22:21:05 CST 2020] [INFO] class java.util.logging.LogRecord：刪除：PKM6CE9.tmp
[Tue Nov 03 22:21:06 CST 2020] [INFO] class java.util.logging.LogRecord：刪除：PKM6CE9.tmp
[Tue Nov 03 22:21:07 CST 2020] [INFO] class java.util.logging.LogRecord：刪除：PKM6CE9.tmp
[Tue Nov 03 22:21:08 CST 2020] [INFO] class java.util.logging.LogRecord：刪除：PKM6CE9.tmp
[Tue Nov 03 22:21:12 CST 2020] [INFO] class java.util.logging.LogRecord：刪除：PKM6CE9.tmp
[Tue Nov 03 22:21:13 CST 2020] [INFO] class java.util.logging.LogRecord：讀取檔案
[Tue Nov 03 22:21:23 CST 2020] [INFO] class java.util.logging.LogRecord：讀取對比檔案
[Tue Nov 03 22:21:23 CST 2020] [INFO] class java.util.logging.LogRecord：無新增項目
[Tue Nov 03 22:21:23 CST 2020] [INFO] class java.util.logging.LogRecord：讀取檔案
[Tue Nov 03 22:21:33 CST 2020] [INFO] class java.util.logging.LogRecord：讀取對比檔案
[Tue Nov 03 22:21:33 CST 2020] [INFO] class java.util.logging.LogRecord：無新增項目
[Tue Nov 03 22:21:33 CST 2020] [INFO] class java.util.logging.LogRecord：讀取檔案
[Tue Nov 03 22:21:43 CST 2020] [INFO] class java.util.logging.LogRecord：讀取對比檔案
[Tue Nov 03 22:21:43 CST 2020] [INFO] class java.util.logging.LogRecord：無新增項目
[Tue Nov 03 22:21:43 CST 2020] [INFO] class java.util.logging.LogRecord：讀取檔案
[Tue Nov 03 22:21:53 CST 2020] [INFO] class java.util.logging.LogRecord：讀取對比檔案
[Tue Nov 03 22:21:53 CST 2020] [INFO] class java.util.logging.LogRecord：無新增項目
[Tue Nov 03 22:21:53 CST 2020] [INFO] class java.util.logging.LogRecord：讀取檔案
