[Mon Nov 02 10:59:56 CST 2020] [INFO] class java.util.logging.LogRecord：讀取檔案
[Mon Nov 02 11:00:06 CST 2020] [INFO] class java.util.logging.LogRecord：讀取對比檔案
[Mon Nov 02 11:00:06 CST 2020] [INFO] class java.util.logging.LogRecord：無新增項目
[Mon Nov 02 11:00:06 CST 2020] [INFO] class java.util.logging.LogRecord：讀取檔案
[Mon Nov 02 11:00:16 CST 2020] [INFO] class java.util.logging.LogRecord：讀取對比檔案
[Mon Nov 02 11:00:16 CST 2020] [INFO] class java.util.logging.LogRecord：無新增項目
[Mon Nov 02 11:00:16 CST 2020] [INFO] class java.util.logging.LogRecord：讀取檔案
[Mon Nov 02 11:00:26 CST 2020] [INFO] class java.util.logging.LogRecord：讀取對比檔案
[Mon Nov 02 11:00:26 CST 2020] [INFO] class java.util.logging.LogRecord：新增：614b8d7e-31ae-4819-b203-066cc18f36b1.tmp
[Mon Nov 02 11:00:26 CST 2020] [INFO] class java.util.logging.LogRecord：新增：98aa208f-ce52-4cbb-ae24-6dbd49c7b411.tmp
[Mon Nov 02 11:00:26 CST 2020] [INFO] class java.util.logging.LogRecord：新增：ceb56a35-182d-4acb-b72e-1c83e65686fd.tmp
[Mon Nov 02 11:00:26 CST 2020] [INFO] class java.util.logging.LogRecord：讀取檔案
[Mon Nov 02 11:00:36 CST 2020] [INFO] class java.util.logging.LogRecord：讀取對比檔案
[Mon Nov 02 11:00:36 CST 2020] [INFO] class java.util.logging.LogRecord：無新增項目
[Mon Nov 02 11:00:36 CST 2020] [INFO] class java.util.logging.LogRecord：讀取檔案
[Mon Nov 02 11:00:46 CST 2020] [INFO] class java.util.logging.LogRecord：讀取對比檔案
[Mon Nov 02 11:00:46 CST 2020] [INFO] class java.util.logging.LogRecord：新增：1641fffe-32e3-4ac9-97ab-5d518bb8d495.tmp
[Mon Nov 02 11:00:46 CST 2020] [INFO] class java.util.logging.LogRecord：新增：7bd324fe-7220-4148-b550-a127ccc7768e.tmp
[Mon Nov 02 11:00:46 CST 2020] [INFO] class java.util.logging.LogRecord：新增：afe35d50-31b5-4d9d-8e2a-2a266abd1711.tmp
[Mon Nov 02 11:00:46 CST 2020] [INFO] class java.util.logging.LogRecord：新增：b14d0731-f99c-423f-b18b-076609a2bd20.tmp
[Mon Nov 02 11:00:46 CST 2020] [INFO] class java.util.logging.LogRecord：新增：b3c5bf7e-02e2-4311-9ac4-fd07d1633fa6.tmp
[Mon Nov 02 11:00:46 CST 2020] [INFO] class java.util.logging.LogRecord：新增：c3203a14-c736-45ba-964a-0ae4c4a5b335.tmp
[Mon Nov 02 11:00:46 CST 2020] [INFO] class java.util.logging.LogRecord：讀取檔案
[Mon Nov 02 11:00:56 CST 2020] [INFO] class java.util.logging.LogRecord：讀取對比檔案
[Mon Nov 02 11:00:56 CST 2020] [INFO] class java.util.logging.LogRecord：新增：08f785cb-4b51-4e16-abec-80aff5441b1a.tmp
[Mon Nov 02 11:00:56 CST 2020] [INFO] class java.util.logging.LogRecord：讀取檔案
[Mon Nov 02 11:01:06 CST 2020] [INFO] class java.util.logging.LogRecord：讀取對比檔案
[Mon Nov 02 11:01:06 CST 2020] [INFO] class java.util.logging.LogRecord：新增：b7333eeb-10bb-4d4c-9be9-4a6b9614fa8d.tmp
[Mon Nov 02 11:01:06 CST 2020] [INFO] class java.util.logging.LogRecord：新增：cb2ccc20-8866-4ae3-9078-72398c05ff34.tmp
[Mon Nov 02 11:01:06 CST 2020] [INFO] class java.util.logging.LogRecord：新增：f69a7580-d25c-42cf-a976-827332dec4df.tmp
[Mon Nov 02 11:01:06 CST 2020] [INFO] class java.util.logging.LogRecord：讀取檔案
[Mon Nov 02 11:01:16 CST 2020] [INFO] class java.util.logging.LogRecord：讀取對比檔案
[Mon Nov 02 11:01:16 CST 2020] [INFO] class java.util.logging.LogRecord：無新增項目
[Mon Nov 02 11:01:16 CST 2020] [INFO] class java.util.logging.LogRecord：讀取檔案
[Mon Nov 02 11:01:26 CST 2020] [INFO] class java.util.logging.LogRecord：讀取對比檔案
[Mon Nov 02 11:01:26 CST 2020] [INFO] class java.util.logging.LogRecord：新增：0fbb6d7f-057c-48f3-9c4b-df30d0bfc9bc.tmp
[Mon Nov 02 11:01:26 CST 2020] [INFO] class java.util.logging.LogRecord：新增：54b74d7e-cc6c-447a-8b39-47132eab8e57.tmp
[Mon Nov 02 11:01:26 CST 2020] [INFO] class java.util.logging.LogRecord：新增：899de0dc-38f1-41e3-8e75-4cc2bc766ea1.tmp
[Mon Nov 02 11:01:26 CST 2020] [INFO] class java.util.logging.LogRecord：新增：de67e9f9-ae8f-46e1-95e8-f2897937dc2c.tmp
[Mon Nov 02 11:01:26 CST 2020] [INFO] class java.util.logging.LogRecord：新增：de7c2bff-8788-43c4-86ff-5e9e6ed6e811.tmp
[Mon Nov 02 11:01:26 CST 2020] [INFO] class java.util.logging.LogRecord：讀取檔案
[Mon Nov 02 11:01:36 CST 2020] [INFO] class java.util.logging.LogRecord：讀取對比檔案
[Mon Nov 02 11:01:36 CST 2020] [INFO] class java.util.logging.LogRecord：無新增項目
[Mon Nov 02 11:01:36 CST 2020] [INFO] class java.util.logging.LogRecord：讀取檔案
[Mon Nov 02 11:01:46 CST 2020] [INFO] class java.util.logging.LogRecord：讀取對比檔案
[Mon Nov 02 11:01:46 CST 2020] [INFO] class java.util.logging.LogRecord：新增：11d6ae2c-8b8a-4286-bfab-d79a22adddab.tmp
[Mon Nov 02 11:01:46 CST 2020] [INFO] class java.util.logging.LogRecord：新增：6bb52f02-3177-4443-b7d1-4b9216901d26.tmp
[Mon Nov 02 11:01:46 CST 2020] [INFO] class java.util.logging.LogRecord：讀取檔案
[Mon Nov 02 11:01:56 CST 2020] [INFO] class java.util.logging.LogRecord：讀取對比檔案
[Mon Nov 02 11:01:56 CST 2020] [INFO] class java.util.logging.LogRecord：無新增項目
[Mon Nov 02 11:01:56 CST 2020] [INFO] class java.util.logging.LogRecord：讀取檔案
[Mon Nov 02 11:02:06 CST 2020] [INFO] class java.util.logging.LogRecord：讀取對比檔案
[Mon Nov 02 11:02:06 CST 2020] [INFO] class java.util.logging.LogRecord：無新增項目
[Mon Nov 02 11:02:06 CST 2020] [INFO] class java.util.logging.LogRecord：讀取檔案
[Mon Nov 02 11:02:16 CST 2020] [INFO] class java.util.logging.LogRecord：讀取對比檔案
[Mon Nov 02 11:02:16 CST 2020] [INFO] class java.util.logging.LogRecord：無新增項目
[Mon Nov 02 11:02:16 CST 2020] [INFO] class java.util.logging.LogRecord：讀取檔案
[Mon Nov 02 11:02:26 CST 2020] [INFO] class java.util.logging.LogRecord：讀取對比檔案
[Mon Nov 02 11:02:26 CST 2020] [INFO] class java.util.logging.LogRecord：無新增項目
[Mon Nov 02 11:02:26 CST 2020] [INFO] class java.util.logging.LogRecord：讀取檔案
[Mon Nov 02 11:02:36 CST 2020] [INFO] class java.util.logging.LogRecord：讀取對比檔案
[Mon Nov 02 11:02:36 CST 2020] [INFO] class java.util.logging.LogRecord：無新增項目
[Mon Nov 02 11:02:36 CST 2020] [INFO] class java.util.logging.LogRecord：讀取檔案
[Mon Nov 02 11:02:46 CST 2020] [INFO] class java.util.logging.LogRecord：讀取對比檔案
[Mon Nov 02 11:02:46 CST 2020] [INFO] class java.util.logging.LogRecord：無新增項目
[Mon Nov 02 11:02:46 CST 2020] [INFO] class java.util.logging.LogRecord：讀取檔案
[Mon Nov 02 11:02:56 CST 2020] [INFO] class java.util.logging.LogRecord：讀取對比檔案
[Mon Nov 02 11:02:56 CST 2020] [INFO] class java.util.logging.LogRecord：新增：2f993fd2-3b7e-477f-9681-77cf511f8935.tmp
[Mon Nov 02 11:02:56 CST 2020] [INFO] class java.util.logging.LogRecord：讀取檔案
[Mon Nov 02 11:03:06 CST 2020] [INFO] class java.util.logging.LogRecord：讀取對比檔案
[Mon Nov 02 11:03:06 CST 2020] [INFO] class java.util.logging.LogRecord：無新增項目
[Mon Nov 02 11:03:06 CST 2020] [INFO] class java.util.logging.LogRecord：讀取檔案
[Mon Nov 02 11:03:16 CST 2020] [INFO] class java.util.logging.LogRecord：讀取對比檔案
[Mon Nov 02 11:03:16 CST 2020] [INFO] class java.util.logging.LogRecord：無新增項目
[Mon Nov 02 11:03:16 CST 2020] [INFO] class java.util.logging.LogRecord：讀取檔案
[Mon Nov 02 11:03:26 CST 2020] [INFO] class java.util.logging.LogRecord：讀取對比檔案
[Mon Nov 02 11:03:26 CST 2020] [INFO] class java.util.logging.LogRecord：無新增項目
[Mon Nov 02 11:03:26 CST 2020] [INFO] class java.util.logging.LogRecord：讀取檔案
[Mon Nov 02 11:03:36 CST 2020] [INFO] class java.util.logging.LogRecord：讀取對比檔案
[Mon Nov 02 11:03:36 CST 2020] [INFO] class java.util.logging.LogRecord：無新增項目
[Mon Nov 02 11:03:36 CST 2020] [INFO] class java.util.logging.LogRecord：讀取檔案
[Mon Nov 02 11:03:46 CST 2020] [INFO] class java.util.logging.LogRecord：讀取對比檔案
[Mon Nov 02 11:03:46 CST 2020] [INFO] class java.util.logging.LogRecord：無新增項目
[Mon Nov 02 11:03:46 CST 2020] [INFO] class java.util.logging.LogRecord：讀取檔案
[Mon Nov 02 11:03:56 CST 2020] [INFO] class java.util.logging.LogRecord：讀取對比檔案
[Mon Nov 02 11:03:56 CST 2020] [INFO] class java.util.logging.LogRecord：無新增項目
[Mon Nov 02 11:03:56 CST 2020] [INFO] class java.util.logging.LogRecord：讀取檔案
[Mon Nov 02 11:04:06 CST 2020] [INFO] class java.util.logging.LogRecord：讀取對比檔案
[Mon Nov 02 11:04:06 CST 2020] [INFO] class java.util.logging.LogRecord：無新增項目
[Mon Nov 02 11:04:06 CST 2020] [INFO] class java.util.logging.LogRecord：讀取檔案
[Mon Nov 02 11:04:16 CST 2020] [INFO] class java.util.logging.LogRecord：讀取對比檔案
[Mon Nov 02 11:04:16 CST 2020] [INFO] class java.util.logging.LogRecord：新增：aaf1f162-1a0f-49e2-8e94-fd5590cfeeb3.tmp
[Mon Nov 02 11:04:16 CST 2020] [INFO] class java.util.logging.LogRecord：讀取檔案
[Mon Nov 02 11:04:26 CST 2020] [INFO] class java.util.logging.LogRecord：讀取對比檔案
[Mon Nov 02 11:04:26 CST 2020] [INFO] class java.util.logging.LogRecord：無新增項目
[Mon Nov 02 11:04:26 CST 2020] [INFO] class java.util.logging.LogRecord：讀取檔案
[Mon Nov 02 11:04:36 CST 2020] [INFO] class java.util.logging.LogRecord：讀取對比檔案
[Mon Nov 02 11:04:36 CST 2020] [INFO] class java.util.logging.LogRecord：無新增項目
[Mon Nov 02 11:04:36 CST 2020] [INFO] class java.util.logging.LogRecord：讀取檔案
[Mon Nov 02 11:04:46 CST 2020] [INFO] class java.util.logging.LogRecord：讀取對比檔案
[Mon Nov 02 11:04:46 CST 2020] [INFO] class java.util.logging.LogRecord：新增：c95c22ea-3940-417c-a1e4-a78b88fa9462.tmp
[Mon Nov 02 11:04:46 CST 2020] [INFO] class java.util.logging.LogRecord：讀取檔案
[Mon Nov 02 11:04:56 CST 2020] [INFO] class java.util.logging.LogRecord：讀取對比檔案
[Mon Nov 02 11:04:56 CST 2020] [INFO] class java.util.logging.LogRecord：無新增項目
[Mon Nov 02 11:04:56 CST 2020] [INFO] class java.util.logging.LogRecord：讀取檔案
[Mon Nov 02 11:05:06 CST 2020] [INFO] class java.util.logging.LogRecord：讀取對比檔案
[Mon Nov 02 11:05:06 CST 2020] [INFO] class java.util.logging.LogRecord：無新增項目
[Mon Nov 02 11:05:06 CST 2020] [INFO] class java.util.logging.LogRecord：讀取檔案
[Mon Nov 02 11:05:16 CST 2020] [INFO] class java.util.logging.LogRecord：讀取對比檔案
[Mon Nov 02 11:05:16 CST 2020] [INFO] class java.util.logging.LogRecord：無新增項目
[Mon Nov 02 11:05:16 CST 2020] [INFO] class java.util.logging.LogRecord：讀取檔案
[Mon Nov 02 11:05:26 CST 2020] [INFO] class java.util.logging.LogRecord：讀取對比檔案
[Mon Nov 02 11:05:26 CST 2020] [INFO] class java.util.logging.LogRecord：無新增項目
[Mon Nov 02 11:05:26 CST 2020] [INFO] class java.util.logging.LogRecord：讀取檔案
[Mon Nov 02 11:05:36 CST 2020] [INFO] class java.util.logging.LogRecord：讀取對比檔案
[Mon Nov 02 11:05:36 CST 2020] [INFO] class java.util.logging.LogRecord：無新增項目
[Mon Nov 02 11:05:36 CST 2020] [INFO] class java.util.logging.LogRecord：讀取檔案
[Mon Nov 02 11:05:46 CST 2020] [INFO] class java.util.logging.LogRecord：讀取對比檔案
[Mon Nov 02 11:05:46 CST 2020] [INFO] class java.util.logging.LogRecord：無新增項目
[Mon Nov 02 11:05:46 CST 2020] [INFO] class java.util.logging.LogRecord：讀取檔案
[Mon Nov 02 11:05:56 CST 2020] [INFO] class java.util.logging.LogRecord：讀取對比檔案
[Mon Nov 02 11:05:56 CST 2020] [INFO] class java.util.logging.LogRecord：無新增項目
[Mon Nov 02 11:05:56 CST 2020] [INFO] class java.util.logging.LogRecord：讀取檔案
[Mon Nov 02 11:06:06 CST 2020] [INFO] class java.util.logging.LogRecord：讀取對比檔案
[Mon Nov 02 11:06:06 CST 2020] [INFO] class java.util.logging.LogRecord：新增：0ca7016c-8644-49d7-bd6d-ce8f6fdd4273.tmp
[Mon Nov 02 11:06:06 CST 2020] [INFO] class java.util.logging.LogRecord：新增：30a397cd-982c-4227-9f17-68bc829091ce.tmp
[Mon Nov 02 11:06:06 CST 2020] [INFO] class java.util.logging.LogRecord：讀取檔案
[Mon Nov 02 11:06:16 CST 2020] [INFO] class java.util.logging.LogRecord：讀取對比檔案
[Mon Nov 02 11:06:16 CST 2020] [INFO] class java.util.logging.LogRecord：無新增項目
[Mon Nov 02 11:06:16 CST 2020] [INFO] class java.util.logging.LogRecord：讀取檔案
[Mon Nov 02 11:06:26 CST 2020] [INFO] class java.util.logging.LogRecord：讀取對比檔案
[Mon Nov 02 11:06:26 CST 2020] [INFO] class java.util.logging.LogRecord：無新增項目
[Mon Nov 02 11:06:26 CST 2020] [INFO] class java.util.logging.LogRecord：讀取檔案
[Mon Nov 02 11:06:36 CST 2020] [INFO] class java.util.logging.LogRecord：讀取對比檔案
[Mon Nov 02 11:06:36 CST 2020] [INFO] class java.util.logging.LogRecord：無新增項目
[Mon Nov 02 11:06:36 CST 2020] [INFO] class java.util.logging.LogRecord：讀取檔案
[Mon Nov 02 11:06:46 CST 2020] [INFO] class java.util.logging.LogRecord：讀取對比檔案
[Mon Nov 02 11:06:46 CST 2020] [INFO] class java.util.logging.LogRecord：無新增項目
[Mon Nov 02 11:06:46 CST 2020] [INFO] class java.util.logging.LogRecord：讀取檔案
[Mon Nov 02 11:06:56 CST 2020] [INFO] class java.util.logging.LogRecord：讀取對比檔案
[Mon Nov 02 11:06:56 CST 2020] [INFO] class java.util.logging.LogRecord：無新增項目
[Mon Nov 02 11:06:56 CST 2020] [INFO] class java.util.logging.LogRecord：讀取檔案
[Mon Nov 02 11:07:06 CST 2020] [INFO] class java.util.logging.LogRecord：讀取對比檔案
[Mon Nov 02 11:07:06 CST 2020] [INFO] class java.util.logging.LogRecord：無新增項目
[Mon Nov 02 11:07:06 CST 2020] [INFO] class java.util.logging.LogRecord：讀取檔案
[Mon Nov 02 11:07:16 CST 2020] [INFO] class java.util.logging.LogRecord：讀取對比檔案
[Mon Nov 02 11:07:16 CST 2020] [INFO] class java.util.logging.LogRecord：無新增項目
[Mon Nov 02 11:07:16 CST 2020] [INFO] class java.util.logging.LogRecord：讀取檔案
[Mon Nov 02 11:07:26 CST 2020] [INFO] class java.util.logging.LogRecord：讀取對比檔案
[Mon Nov 02 11:07:26 CST 2020] [INFO] class java.util.logging.LogRecord：無新增項目
[Mon Nov 02 11:07:26 CST 2020] [INFO] class java.util.logging.LogRecord：讀取檔案
[Mon Nov 02 11:07:36 CST 2020] [INFO] class java.util.logging.LogRecord：讀取對比檔案
[Mon Nov 02 11:07:36 CST 2020] [INFO] class java.util.logging.LogRecord：新增：386ddadc-c139-470e-a1d2-2163d21ecdea.tmp
[Mon Nov 02 11:07:36 CST 2020] [INFO] class java.util.logging.LogRecord：讀取檔案
[Mon Nov 02 11:07:46 CST 2020] [INFO] class java.util.logging.LogRecord：讀取對比檔案
[Mon Nov 02 11:07:46 CST 2020] [INFO] class java.util.logging.LogRecord：無新增項目
[Mon Nov 02 11:07:46 CST 2020] [INFO] class java.util.logging.LogRecord：讀取檔案
[Mon Nov 02 11:07:56 CST 2020] [INFO] class java.util.logging.LogRecord：讀取對比檔案
[Mon Nov 02 11:07:56 CST 2020] [INFO] class java.util.logging.LogRecord：無新增項目
[Mon Nov 02 11:07:56 CST 2020] [INFO] class java.util.logging.LogRecord：讀取檔案
[Mon Nov 02 11:08:06 CST 2020] [INFO] class java.util.logging.LogRecord：讀取對比檔案
[Mon Nov 02 11:08:06 CST 2020] [INFO] class java.util.logging.LogRecord：無新增項目
[Mon Nov 02 11:08:06 CST 2020] [INFO] class java.util.logging.LogRecord：讀取檔案
[Mon Nov 02 11:08:16 CST 2020] [INFO] class java.util.logging.LogRecord：讀取對比檔案
[Mon Nov 02 11:08:16 CST 2020] [INFO] class java.util.logging.LogRecord：無新增項目
[Mon Nov 02 11:08:16 CST 2020] [INFO] class java.util.logging.LogRecord：讀取檔案
[Mon Nov 02 11:08:26 CST 2020] [INFO] class java.util.logging.LogRecord：讀取對比檔案
[Mon Nov 02 11:08:27 CST 2020] [INFO] class java.util.logging.LogRecord：無新增項目
[Mon Nov 02 11:08:27 CST 2020] [INFO] class java.util.logging.LogRecord：讀取檔案
[Mon Nov 02 11:08:37 CST 2020] [INFO] class java.util.logging.LogRecord：讀取對比檔案
[Mon Nov 02 11:08:37 CST 2020] [INFO] class java.util.logging.LogRecord：無新增項目
[Mon Nov 02 11:08:37 CST 2020] [INFO] class java.util.logging.LogRecord：讀取檔案
[Mon Nov 02 11:08:47 CST 2020] [INFO] class java.util.logging.LogRecord：讀取對比檔案
[Mon Nov 02 11:08:47 CST 2020] [INFO] class java.util.logging.LogRecord：無新增項目
[Mon Nov 02 11:08:47 CST 2020] [INFO] class java.util.logging.LogRecord：讀取檔案
[Mon Nov 02 11:08:57 CST 2020] [INFO] class java.util.logging.LogRecord：讀取對比檔案
[Mon Nov 02 11:08:57 CST 2020] [INFO] class java.util.logging.LogRecord：無新增項目
[Mon Nov 02 11:08:57 CST 2020] [INFO] class java.util.logging.LogRecord：讀取檔案
[Mon Nov 02 11:09:07 CST 2020] [INFO] class java.util.logging.LogRecord：讀取對比檔案
[Mon Nov 02 11:09:07 CST 2020] [INFO] class java.util.logging.LogRecord：無新增項目
[Mon Nov 02 11:09:07 CST 2020] [INFO] class java.util.logging.LogRecord：讀取檔案
[Mon Nov 02 11:09:17 CST 2020] [INFO] class java.util.logging.LogRecord：讀取對比檔案
[Mon Nov 02 11:09:17 CST 2020] [INFO] class java.util.logging.LogRecord：無新增項目
[Mon Nov 02 11:09:17 CST 2020] [INFO] class java.util.logging.LogRecord：讀取檔案
[Mon Nov 02 11:09:27 CST 2020] [INFO] class java.util.logging.LogRecord：讀取對比檔案
[Mon Nov 02 11:09:27 CST 2020] [INFO] class java.util.logging.LogRecord：無新增項目
[Mon Nov 02 11:09:27 CST 2020] [INFO] class java.util.logging.LogRecord：讀取檔案
[Mon Nov 02 11:09:37 CST 2020] [INFO] class java.util.logging.LogRecord：讀取對比檔案
[Mon Nov 02 11:09:37 CST 2020] [INFO] class java.util.logging.LogRecord：無新增項目
[Mon Nov 02 11:09:37 CST 2020] [INFO] class java.util.logging.LogRecord：讀取檔案
[Mon Nov 02 11:09:47 CST 2020] [INFO] class java.util.logging.LogRecord：讀取對比檔案
[Mon Nov 02 11:09:47 CST 2020] [INFO] class java.util.logging.LogRecord：無新增項目
[Mon Nov 02 11:09:47 CST 2020] [INFO] class java.util.logging.LogRecord：讀取檔案
[Mon Nov 02 11:09:57 CST 2020] [INFO] class java.util.logging.LogRecord：讀取對比檔案
[Mon Nov 02 11:09:57 CST 2020] [INFO] class java.util.logging.LogRecord：新增：89bf2b7f-ee9c-413a-a5df-d443e245c2f8.tmp
[Mon Nov 02 11:09:57 CST 2020] [INFO] class java.util.logging.LogRecord：讀取檔案
[Mon Nov 02 11:10:07 CST 2020] [INFO] class java.util.logging.LogRecord：讀取對比檔案
[Mon Nov 02 11:10:07 CST 2020] [INFO] class java.util.logging.LogRecord：無新增項目
[Mon Nov 02 11:10:07 CST 2020] [INFO] class java.util.logging.LogRecord：讀取檔案
[Mon Nov 02 11:10:17 CST 2020] [INFO] class java.util.logging.LogRecord：讀取對比檔案
[Mon Nov 02 11:10:17 CST 2020] [INFO] class java.util.logging.LogRecord：無新增項目
[Mon Nov 02 11:10:17 CST 2020] [INFO] class java.util.logging.LogRecord：讀取檔案
[Mon Nov 02 11:10:27 CST 2020] [INFO] class java.util.logging.LogRecord：讀取對比檔案
[Mon Nov 02 11:10:27 CST 2020] [INFO] class java.util.logging.LogRecord：無新增項目
[Mon Nov 02 11:10:27 CST 2020] [INFO] class java.util.logging.LogRecord：讀取檔案
[Mon Nov 02 11:10:37 CST 2020] [INFO] class java.util.logging.LogRecord：讀取對比檔案
[Mon Nov 02 11:10:37 CST 2020] [INFO] class java.util.logging.LogRecord：無新增項目
[Mon Nov 02 11:10:37 CST 2020] [INFO] class java.util.logging.LogRecord：讀取檔案
[Mon Nov 02 11:10:47 CST 2020] [INFO] class java.util.logging.LogRecord：讀取對比檔案
[Mon Nov 02 11:10:47 CST 2020] [INFO] class java.util.logging.LogRecord：無新增項目
[Mon Nov 02 11:10:47 CST 2020] [INFO] class java.util.logging.LogRecord：讀取檔案
[Mon Nov 02 11:10:57 CST 2020] [INFO] class java.util.logging.LogRecord：讀取對比檔案
[Mon Nov 02 11:10:57 CST 2020] [INFO] class java.util.logging.LogRecord：無新增項目
[Mon Nov 02 11:10:57 CST 2020] [INFO] class java.util.logging.LogRecord：讀取檔案
[Mon Nov 02 11:11:07 CST 2020] [INFO] class java.util.logging.LogRecord：讀取對比檔案
[Mon Nov 02 11:11:07 CST 2020] [INFO] class java.util.logging.LogRecord：新增：e3154bbf-f270-4c74-8dae-f4dfe9b7bdb2.tmp
[Mon Nov 02 11:11:07 CST 2020] [INFO] class java.util.logging.LogRecord：新增：f8fbfa25-f84f-4213-9e15-2efb063ea78a.tmp
[Mon Nov 02 11:11:07 CST 2020] [INFO] class java.util.logging.LogRecord：讀取檔案
[Mon Nov 02 11:11:17 CST 2020] [INFO] class java.util.logging.LogRecord：讀取對比檔案
[Mon Nov 02 11:11:17 CST 2020] [INFO] class java.util.logging.LogRecord：無新增項目
[Mon Nov 02 11:11:17 CST 2020] [INFO] class java.util.logging.LogRecord：讀取檔案
[Mon Nov 02 11:11:27 CST 2020] [INFO] class java.util.logging.LogRecord：讀取對比檔案
[Mon Nov 02 11:11:27 CST 2020] [INFO] class java.util.logging.LogRecord：無新增項目
[Mon Nov 02 11:11:27 CST 2020] [INFO] class java.util.logging.LogRecord：讀取檔案
[Mon Nov 02 11:11:37 CST 2020] [INFO] class java.util.logging.LogRecord：讀取對比檔案
[Mon Nov 02 11:11:37 CST 2020] [INFO] class java.util.logging.LogRecord：無新增項目
[Mon Nov 02 11:11:37 CST 2020] [INFO] class java.util.logging.LogRecord：讀取檔案
[Mon Nov 02 11:11:47 CST 2020] [INFO] class java.util.logging.LogRecord：讀取對比檔案
[Mon Nov 02 11:11:47 CST 2020] [INFO] class java.util.logging.LogRecord：無新增項目
[Mon Nov 02 11:11:47 CST 2020] [INFO] class java.util.logging.LogRecord：讀取檔案
[Mon Nov 02 11:11:57 CST 2020] [INFO] class java.util.logging.LogRecord：讀取對比檔案
[Mon Nov 02 11:11:57 CST 2020] [INFO] class java.util.logging.LogRecord：無新增項目
[Mon Nov 02 11:11:57 CST 2020] [INFO] class java.util.logging.LogRecord：讀取檔案
[Mon Nov 02 11:12:07 CST 2020] [INFO] class java.util.logging.LogRecord：讀取對比檔案
[Mon Nov 02 11:12:07 CST 2020] [INFO] class java.util.logging.LogRecord：無新增項目
[Mon Nov 02 11:12:07 CST 2020] [INFO] class java.util.logging.LogRecord：讀取檔案
[Mon Nov 02 11:12:17 CST 2020] [INFO] class java.util.logging.LogRecord：讀取對比檔案
[Mon Nov 02 11:12:17 CST 2020] [INFO] class java.util.logging.LogRecord：無新增項目
[Mon Nov 02 11:12:17 CST 2020] [INFO] class java.util.logging.LogRecord：讀取檔案
[Mon Nov 02 11:12:27 CST 2020] [INFO] class java.util.logging.LogRecord：讀取對比檔案
[Mon Nov 02 11:12:27 CST 2020] [INFO] class java.util.logging.LogRecord：無新增項目
[Mon Nov 02 11:12:27 CST 2020] [INFO] class java.util.logging.LogRecord：讀取檔案
[Mon Nov 02 11:12:37 CST 2020] [INFO] class java.util.logging.LogRecord：讀取對比檔案
[Mon Nov 02 11:12:37 CST 2020] [INFO] class java.util.logging.LogRecord：無新增項目
[Mon Nov 02 11:12:37 CST 2020] [INFO] class java.util.logging.LogRecord：讀取檔案
[Mon Nov 02 11:12:47 CST 2020] [INFO] class java.util.logging.LogRecord：讀取對比檔案
[Mon Nov 02 11:12:47 CST 2020] [INFO] class java.util.logging.LogRecord：無新增項目
[Mon Nov 02 11:12:47 CST 2020] [INFO] class java.util.logging.LogRecord：讀取檔案
[Mon Nov 02 11:12:57 CST 2020] [INFO] class java.util.logging.LogRecord：讀取對比檔案
[Mon Nov 02 11:12:57 CST 2020] [INFO] class java.util.logging.LogRecord：無新增項目
[Mon Nov 02 11:12:57 CST 2020] [INFO] class java.util.logging.LogRecord：讀取檔案
[Mon Nov 02 11:13:07 CST 2020] [INFO] class java.util.logging.LogRecord：讀取對比檔案
[Mon Nov 02 11:13:07 CST 2020] [INFO] class java.util.logging.LogRecord：無新增項目
[Mon Nov 02 11:13:07 CST 2020] [INFO] class java.util.logging.LogRecord：讀取檔案
[Mon Nov 02 11:13:17 CST 2020] [INFO] class java.util.logging.LogRecord：讀取對比檔案
[Mon Nov 02 11:13:17 CST 2020] [INFO] class java.util.logging.LogRecord：無新增項目
[Mon Nov 02 11:13:17 CST 2020] [INFO] class java.util.logging.LogRecord：讀取檔案
[Mon Nov 02 11:13:27 CST 2020] [INFO] class java.util.logging.LogRecord：讀取對比檔案
[Mon Nov 02 11:13:27 CST 2020] [INFO] class java.util.logging.LogRecord：無新增項目
[Mon Nov 02 11:13:27 CST 2020] [INFO] class java.util.logging.LogRecord：讀取檔案
[Mon Nov 02 11:13:37 CST 2020] [INFO] class java.util.logging.LogRecord：讀取對比檔案
[Mon Nov 02 11:13:37 CST 2020] [INFO] class java.util.logging.LogRecord：無新增項目
[Mon Nov 02 11:13:37 CST 2020] [INFO] class java.util.logging.LogRecord：讀取檔案
[Mon Nov 02 11:13:47 CST 2020] [INFO] class java.util.logging.LogRecord：讀取對比檔案
[Mon Nov 02 11:13:47 CST 2020] [INFO] class java.util.logging.LogRecord：無新增項目
[Mon Nov 02 11:13:47 CST 2020] [INFO] class java.util.logging.LogRecord：讀取檔案
[Mon Nov 02 11:13:57 CST 2020] [INFO] class java.util.logging.LogRecord：讀取對比檔案
[Mon Nov 02 11:13:57 CST 2020] [INFO] class java.util.logging.LogRecord：無新增項目
[Mon Nov 02 11:13:57 CST 2020] [INFO] class java.util.logging.LogRecord：讀取檔案
[Mon Nov 02 11:14:07 CST 2020] [INFO] class java.util.logging.LogRecord：讀取對比檔案
[Mon Nov 02 11:14:07 CST 2020] [INFO] class java.util.logging.LogRecord：無新增項目
[Mon Nov 02 11:14:07 CST 2020] [INFO] class java.util.logging.LogRecord：讀取檔案
[Mon Nov 02 11:14:17 CST 2020] [INFO] class java.util.logging.LogRecord：讀取對比檔案
[Mon Nov 02 11:14:17 CST 2020] [INFO] class java.util.logging.LogRecord：無新增項目
[Mon Nov 02 11:14:17 CST 2020] [INFO] class java.util.logging.LogRecord：讀取檔案
[Mon Nov 02 11:14:27 CST 2020] [INFO] class java.util.logging.LogRecord：讀取對比檔案
[Mon Nov 02 11:14:27 CST 2020] [INFO] class java.util.logging.LogRecord：無新增項目
[Mon Nov 02 11:14:27 CST 2020] [INFO] class java.util.logging.LogRecord：讀取檔案
[Mon Nov 02 11:14:37 CST 2020] [INFO] class java.util.logging.LogRecord：讀取對比檔案
[Mon Nov 02 11:14:37 CST 2020] [INFO] class java.util.logging.LogRecord：無新增項目
[Mon Nov 02 11:14:37 CST 2020] [INFO] class java.util.logging.LogRecord：讀取檔案
[Mon Nov 02 11:14:47 CST 2020] [INFO] class java.util.logging.LogRecord：讀取對比檔案
[Mon Nov 02 11:14:47 CST 2020] [INFO] class java.util.logging.LogRecord：無新增項目
[Mon Nov 02 11:14:47 CST 2020] [INFO] class java.util.logging.LogRecord：讀取檔案
[Mon Nov 02 11:14:57 CST 2020] [INFO] class java.util.logging.LogRecord：讀取對比檔案
[Mon Nov 02 11:14:57 CST 2020] [INFO] class java.util.logging.LogRecord：無新增項目
[Mon Nov 02 11:14:57 CST 2020] [INFO] class java.util.logging.LogRecord：讀取檔案
[Mon Nov 02 11:15:07 CST 2020] [INFO] class java.util.logging.LogRecord：讀取對比檔案
[Mon Nov 02 11:15:07 CST 2020] [INFO] class java.util.logging.LogRecord：無新增項目
[Mon Nov 02 11:15:07 CST 2020] [INFO] class java.util.logging.LogRecord：讀取檔案
[Mon Nov 02 11:15:17 CST 2020] [INFO] class java.util.logging.LogRecord：讀取對比檔案
[Mon Nov 02 11:15:17 CST 2020] [INFO] class java.util.logging.LogRecord：無新增項目
[Mon Nov 02 11:15:17 CST 2020] [INFO] class java.util.logging.LogRecord：讀取檔案
[Mon Nov 02 11:15:27 CST 2020] [INFO] class java.util.logging.LogRecord：讀取對比檔案
[Mon Nov 02 11:15:27 CST 2020] [INFO] class java.util.logging.LogRecord：無新增項目
[Mon Nov 02 11:15:27 CST 2020] [INFO] class java.util.logging.LogRecord：讀取檔案
[Mon Nov 02 11:15:37 CST 2020] [INFO] class java.util.logging.LogRecord：讀取對比檔案
[Mon Nov 02 11:15:37 CST 2020] [INFO] class java.util.logging.LogRecord：無新增項目
[Mon Nov 02 11:15:37 CST 2020] [INFO] class java.util.logging.LogRecord：讀取檔案
[Mon Nov 02 11:15:47 CST 2020] [INFO] class java.util.logging.LogRecord：讀取對比檔案
[Mon Nov 02 11:15:47 CST 2020] [INFO] class java.util.logging.LogRecord：無新增項目
[Mon Nov 02 11:15:47 CST 2020] [INFO] class java.util.logging.LogRecord：讀取檔案
[Mon Nov 02 11:15:57 CST 2020] [INFO] class java.util.logging.LogRecord：讀取對比檔案
[Mon Nov 02 11:15:57 CST 2020] [INFO] class java.util.logging.LogRecord：無新增項目
[Mon Nov 02 11:15:57 CST 2020] [INFO] class java.util.logging.LogRecord：讀取檔案
[Mon Nov 02 11:16:07 CST 2020] [INFO] class java.util.logging.LogRecord：讀取對比檔案
[Mon Nov 02 11:16:07 CST 2020] [INFO] class java.util.logging.LogRecord：新增：00933336-e7ae-46fe-ac6a-9629ffb10da8.tmp
[Mon Nov 02 11:16:07 CST 2020] [INFO] class java.util.logging.LogRecord：新增：b04622a9-6153-499c-8a5a-40df7fb1c2f4.tmp
[Mon Nov 02 11:16:07 CST 2020] [INFO] class java.util.logging.LogRecord：讀取檔案
[Mon Nov 02 11:16:17 CST 2020] [INFO] class java.util.logging.LogRecord：讀取對比檔案
[Mon Nov 02 11:16:17 CST 2020] [INFO] class java.util.logging.LogRecord：無新增項目
[Mon Nov 02 11:16:17 CST 2020] [INFO] class java.util.logging.LogRecord：讀取檔案
[Mon Nov 02 11:16:27 CST 2020] [INFO] class java.util.logging.LogRecord：讀取對比檔案
[Mon Nov 02 11:16:27 CST 2020] [INFO] class java.util.logging.LogRecord：無新增項目
[Mon Nov 02 11:16:27 CST 2020] [INFO] class java.util.logging.LogRecord：讀取檔案
[Mon Nov 02 11:16:37 CST 2020] [INFO] class java.util.logging.LogRecord：讀取對比檔案
[Mon Nov 02 11:16:37 CST 2020] [INFO] class java.util.logging.LogRecord：無新增項目
[Mon Nov 02 11:16:37 CST 2020] [INFO] class java.util.logging.LogRecord：讀取檔案
[Mon Nov 02 11:16:47 CST 2020] [INFO] class java.util.logging.LogRecord：讀取對比檔案
[Mon Nov 02 11:16:47 CST 2020] [INFO] class java.util.logging.LogRecord：無新增項目
[Mon Nov 02 11:16:47 CST 2020] [INFO] class java.util.logging.LogRecord：讀取檔案
[Mon Nov 02 11:16:57 CST 2020] [INFO] class java.util.logging.LogRecord：讀取對比檔案
[Mon Nov 02 11:16:57 CST 2020] [INFO] class java.util.logging.LogRecord：無新增項目
[Mon Nov 02 11:16:57 CST 2020] [INFO] class java.util.logging.LogRecord：讀取檔案
[Mon Nov 02 11:17:07 CST 2020] [INFO] class java.util.logging.LogRecord：讀取對比檔案
[Mon Nov 02 11:17:07 CST 2020] [INFO] class java.util.logging.LogRecord：無新增項目
[Mon Nov 02 11:17:07 CST 2020] [INFO] class java.util.logging.LogRecord：讀取檔案
[Mon Nov 02 11:17:17 CST 2020] [INFO] class java.util.logging.LogRecord：讀取對比檔案
[Mon Nov 02 11:17:17 CST 2020] [INFO] class java.util.logging.LogRecord：無新增項目
[Mon Nov 02 11:17:17 CST 2020] [INFO] class java.util.logging.LogRecord：讀取檔案
[Mon Nov 02 11:17:27 CST 2020] [INFO] class java.util.logging.LogRecord：讀取對比檔案
[Mon Nov 02 11:17:27 CST 2020] [INFO] class java.util.logging.LogRecord：無新增項目
[Mon Nov 02 11:17:27 CST 2020] [INFO] class java.util.logging.LogRecord：讀取檔案
[Mon Nov 02 11:17:37 CST 2020] [INFO] class java.util.logging.LogRecord：讀取對比檔案
[Mon Nov 02 11:17:37 CST 2020] [INFO] class java.util.logging.LogRecord：無新增項目
[Mon Nov 02 11:17:38 CST 2020] [INFO] class java.util.logging.LogRecord：讀取檔案
[Mon Nov 02 11:17:48 CST 2020] [INFO] class java.util.logging.LogRecord：讀取對比檔案
[Mon Nov 02 11:17:48 CST 2020] [INFO] class java.util.logging.LogRecord：無新增項目
[Mon Nov 02 11:17:48 CST 2020] [INFO] class java.util.logging.LogRecord：讀取檔案
[Mon Nov 02 11:17:58 CST 2020] [INFO] class java.util.logging.LogRecord：讀取對比檔案
[Mon Nov 02 11:17:58 CST 2020] [INFO] class java.util.logging.LogRecord：無新增項目
[Mon Nov 02 11:17:58 CST 2020] [INFO] class java.util.logging.LogRecord：讀取檔案
[Mon Nov 02 11:18:08 CST 2020] [INFO] class java.util.logging.LogRecord：讀取對比檔案
[Mon Nov 02 11:18:08 CST 2020] [INFO] class java.util.logging.LogRecord：無新增項目
[Mon Nov 02 11:18:08 CST 2020] [INFO] class java.util.logging.LogRecord：讀取檔案
[Mon Nov 02 11:18:18 CST 2020] [INFO] class java.util.logging.LogRecord：讀取對比檔案
[Mon Nov 02 11:18:18 CST 2020] [INFO] class java.util.logging.LogRecord：無新增項目
[Mon Nov 02 11:18:18 CST 2020] [INFO] class java.util.logging.LogRecord：讀取檔案
[Mon Nov 02 11:18:28 CST 2020] [INFO] class java.util.logging.LogRecord：讀取對比檔案
[Mon Nov 02 11:18:28 CST 2020] [INFO] class java.util.logging.LogRecord：無新增項目
[Mon Nov 02 11:18:28 CST 2020] [INFO] class java.util.logging.LogRecord：讀取檔案
[Mon Nov 02 11:18:38 CST 2020] [INFO] class java.util.logging.LogRecord：讀取對比檔案
[Mon Nov 02 11:18:38 CST 2020] [INFO] class java.util.logging.LogRecord：無新增項目
[Mon Nov 02 11:18:38 CST 2020] [INFO] class java.util.logging.LogRecord：讀取檔案
[Mon Nov 02 11:18:48 CST 2020] [INFO] class java.util.logging.LogRecord：讀取對比檔案
[Mon Nov 02 11:18:48 CST 2020] [INFO] class java.util.logging.LogRecord：無新增項目
[Mon Nov 02 11:18:48 CST 2020] [INFO] class java.util.logging.LogRecord：讀取檔案
[Mon Nov 02 11:18:58 CST 2020] [INFO] class java.util.logging.LogRecord：讀取對比檔案
[Mon Nov 02 11:18:58 CST 2020] [INFO] class java.util.logging.LogRecord：無新增項目
[Mon Nov 02 11:18:58 CST 2020] [INFO] class java.util.logging.LogRecord：讀取檔案
[Mon Nov 02 11:19:08 CST 2020] [INFO] class java.util.logging.LogRecord：讀取對比檔案
[Mon Nov 02 11:19:08 CST 2020] [INFO] class java.util.logging.LogRecord：無新增項目
[Mon Nov 02 11:19:08 CST 2020] [INFO] class java.util.logging.LogRecord：讀取檔案
[Mon Nov 02 11:19:18 CST 2020] [INFO] class java.util.logging.LogRecord：讀取對比檔案
[Mon Nov 02 11:19:18 CST 2020] [INFO] class java.util.logging.LogRecord：無新增項目
[Mon Nov 02 11:19:18 CST 2020] [INFO] class java.util.logging.LogRecord：讀取檔案
[Mon Nov 02 11:19:28 CST 2020] [INFO] class java.util.logging.LogRecord：讀取對比檔案
[Mon Nov 02 11:19:28 CST 2020] [INFO] class java.util.logging.LogRecord：無新增項目
[Mon Nov 02 11:19:28 CST 2020] [INFO] class java.util.logging.LogRecord：讀取檔案
[Mon Nov 02 11:19:38 CST 2020] [INFO] class java.util.logging.LogRecord：讀取對比檔案
[Mon Nov 02 11:19:38 CST 2020] [INFO] class java.util.logging.LogRecord：無新增項目
[Mon Nov 02 11:19:38 CST 2020] [INFO] class java.util.logging.LogRecord：讀取檔案
[Mon Nov 02 11:19:48 CST 2020] [INFO] class java.util.logging.LogRecord：讀取對比檔案
[Mon Nov 02 11:19:48 CST 2020] [INFO] class java.util.logging.LogRecord：無新增項目
[Mon Nov 02 11:19:48 CST 2020] [INFO] class java.util.logging.LogRecord：讀取檔案
[Mon Nov 02 11:19:58 CST 2020] [INFO] class java.util.logging.LogRecord：讀取對比檔案
[Mon Nov 02 11:19:58 CST 2020] [INFO] class java.util.logging.LogRecord：無新增項目
[Mon Nov 02 11:19:58 CST 2020] [INFO] class java.util.logging.LogRecord：讀取檔案
[Mon Nov 02 11:20:08 CST 2020] [INFO] class java.util.logging.LogRecord：讀取對比檔案
[Mon Nov 02 11:20:08 CST 2020] [INFO] class java.util.logging.LogRecord：無新增項目
[Mon Nov 02 11:20:08 CST 2020] [INFO] class java.util.logging.LogRecord：讀取檔案
[Mon Nov 02 11:20:18 CST 2020] [INFO] class java.util.logging.LogRecord：讀取對比檔案
[Mon Nov 02 11:20:18 CST 2020] [INFO] class java.util.logging.LogRecord：無新增項目
[Mon Nov 02 11:20:18 CST 2020] [INFO] class java.util.logging.LogRecord：讀取檔案
[Mon Nov 02 11:20:28 CST 2020] [INFO] class java.util.logging.LogRecord：讀取對比檔案
[Mon Nov 02 11:20:28 CST 2020] [INFO] class java.util.logging.LogRecord：無新增項目
[Mon Nov 02 11:20:28 CST 2020] [INFO] class java.util.logging.LogRecord：讀取檔案
[Mon Nov 02 11:20:38 CST 2020] [INFO] class java.util.logging.LogRecord：讀取對比檔案
[Mon Nov 02 11:20:38 CST 2020] [INFO] class java.util.logging.LogRecord：無新增項目
[Mon Nov 02 11:20:38 CST 2020] [INFO] class java.util.logging.LogRecord：讀取檔案
[Mon Nov 02 11:20:48 CST 2020] [INFO] class java.util.logging.LogRecord：讀取對比檔案
[Mon Nov 02 11:20:48 CST 2020] [INFO] class java.util.logging.LogRecord：無新增項目
[Mon Nov 02 11:20:48 CST 2020] [INFO] class java.util.logging.LogRecord：讀取檔案
[Mon Nov 02 11:20:58 CST 2020] [INFO] class java.util.logging.LogRecord：讀取對比檔案
[Mon Nov 02 11:20:58 CST 2020] [INFO] class java.util.logging.LogRecord：無新增項目
[Mon Nov 02 11:20:58 CST 2020] [INFO] class java.util.logging.LogRecord：讀取檔案
[Mon Nov 02 11:21:08 CST 2020] [INFO] class java.util.logging.LogRecord：讀取對比檔案
[Mon Nov 02 11:21:08 CST 2020] [INFO] class java.util.logging.LogRecord：新增：07e0ca32-00fd-4587-aff1-cbc0fe980f18.tmp
[Mon Nov 02 11:21:08 CST 2020] [INFO] class java.util.logging.LogRecord：新增：4607184a-10ab-4c2f-b742-51f5c2ddc858.tmp
[Mon Nov 02 11:21:08 CST 2020] [INFO] class java.util.logging.LogRecord：讀取檔案
[Mon Nov 02 11:21:18 CST 2020] [INFO] class java.util.logging.LogRecord：讀取對比檔案
[Mon Nov 02 11:21:18 CST 2020] [INFO] class java.util.logging.LogRecord：無新增項目
[Mon Nov 02 11:21:18 CST 2020] [INFO] class java.util.logging.LogRecord：讀取檔案
[Mon Nov 02 11:21:28 CST 2020] [INFO] class java.util.logging.LogRecord：讀取對比檔案
[Mon Nov 02 11:21:28 CST 2020] [INFO] class java.util.logging.LogRecord：無新增項目
[Mon Nov 02 11:21:28 CST 2020] [INFO] class java.util.logging.LogRecord：讀取檔案
[Mon Nov 02 11:21:38 CST 2020] [INFO] class java.util.logging.LogRecord：讀取對比檔案
[Mon Nov 02 11:21:38 CST 2020] [INFO] class java.util.logging.LogRecord：無新增項目
[Mon Nov 02 11:21:38 CST 2020] [INFO] class java.util.logging.LogRecord：讀取檔案
[Mon Nov 02 11:21:48 CST 2020] [INFO] class java.util.logging.LogRecord：讀取對比檔案
[Mon Nov 02 11:21:48 CST 2020] [INFO] class java.util.logging.LogRecord：無新增項目
[Mon Nov 02 11:21:48 CST 2020] [INFO] class java.util.logging.LogRecord：讀取檔案
[Mon Nov 02 11:21:58 CST 2020] [INFO] class java.util.logging.LogRecord：讀取對比檔案
[Mon Nov 02 11:21:58 CST 2020] [INFO] class java.util.logging.LogRecord：無新增項目
[Mon Nov 02 11:21:58 CST 2020] [INFO] class java.util.logging.LogRecord：讀取檔案
[Mon Nov 02 11:22:08 CST 2020] [INFO] class java.util.logging.LogRecord：讀取對比檔案
[Mon Nov 02 11:22:08 CST 2020] [INFO] class java.util.logging.LogRecord：無新增項目
[Mon Nov 02 11:22:08 CST 2020] [INFO] class java.util.logging.LogRecord：讀取檔案
[Mon Nov 02 11:22:18 CST 2020] [INFO] class java.util.logging.LogRecord：讀取對比檔案
[Mon Nov 02 11:22:18 CST 2020] [INFO] class java.util.logging.LogRecord：無新增項目
[Mon Nov 02 11:22:18 CST 2020] [INFO] class java.util.logging.LogRecord：讀取檔案
[Mon Nov 02 11:22:28 CST 2020] [INFO] class java.util.logging.LogRecord：讀取對比檔案
[Mon Nov 02 11:22:28 CST 2020] [INFO] class java.util.logging.LogRecord：無新增項目
[Mon Nov 02 11:22:28 CST 2020] [INFO] class java.util.logging.LogRecord：讀取檔案
[Mon Nov 02 11:22:38 CST 2020] [INFO] class java.util.logging.LogRecord：讀取對比檔案
[Mon Nov 02 11:22:38 CST 2020] [INFO] class java.util.logging.LogRecord：無新增項目
[Mon Nov 02 11:22:38 CST 2020] [INFO] class java.util.logging.LogRecord：讀取檔案
[Mon Nov 02 11:22:48 CST 2020] [INFO] class java.util.logging.LogRecord：讀取對比檔案
[Mon Nov 02 11:22:48 CST 2020] [INFO] class java.util.logging.LogRecord：無新增項目
[Mon Nov 02 11:22:48 CST 2020] [INFO] class java.util.logging.LogRecord：讀取檔案
[Mon Nov 02 11:22:58 CST 2020] [INFO] class java.util.logging.LogRecord：讀取對比檔案
[Mon Nov 02 11:22:58 CST 2020] [INFO] class java.util.logging.LogRecord：無新增項目
[Mon Nov 02 11:22:58 CST 2020] [INFO] class java.util.logging.LogRecord：讀取檔案
[Mon Nov 02 11:23:08 CST 2020] [INFO] class java.util.logging.LogRecord：讀取對比檔案
[Mon Nov 02 11:23:08 CST 2020] [INFO] class java.util.logging.LogRecord：無新增項目
[Mon Nov 02 11:23:08 CST 2020] [INFO] class java.util.logging.LogRecord：讀取檔案
[Mon Nov 02 11:23:18 CST 2020] [INFO] class java.util.logging.LogRecord：讀取對比檔案
[Mon Nov 02 11:23:18 CST 2020] [INFO] class java.util.logging.LogRecord：無新增項目
[Mon Nov 02 11:23:18 CST 2020] [INFO] class java.util.logging.LogRecord：讀取檔案
[Mon Nov 02 11:23:28 CST 2020] [INFO] class java.util.logging.LogRecord：讀取對比檔案
[Mon Nov 02 11:23:28 CST 2020] [INFO] class java.util.logging.LogRecord：無新增項目
[Mon Nov 02 11:23:28 CST 2020] [INFO] class java.util.logging.LogRecord：讀取檔案
[Mon Nov 02 11:23:38 CST 2020] [INFO] class java.util.logging.LogRecord：讀取對比檔案
[Mon Nov 02 11:23:38 CST 2020] [INFO] class java.util.logging.LogRecord：無新增項目
[Mon Nov 02 11:23:38 CST 2020] [INFO] class java.util.logging.LogRecord：讀取檔案
[Mon Nov 02 11:23:48 CST 2020] [INFO] class java.util.logging.LogRecord：讀取對比檔案
[Mon Nov 02 11:23:48 CST 2020] [INFO] class java.util.logging.LogRecord：無新增項目
[Mon Nov 02 11:23:48 CST 2020] [INFO] class java.util.logging.LogRecord：讀取檔案
[Mon Nov 02 11:23:58 CST 2020] [INFO] class java.util.logging.LogRecord：讀取對比檔案
[Mon Nov 02 11:23:58 CST 2020] [INFO] class java.util.logging.LogRecord：無新增項目
[Mon Nov 02 11:23:58 CST 2020] [INFO] class java.util.logging.LogRecord：讀取檔案
[Mon Nov 02 11:24:08 CST 2020] [INFO] class java.util.logging.LogRecord：讀取對比檔案
[Mon Nov 02 11:24:08 CST 2020] [INFO] class java.util.logging.LogRecord：無新增項目
[Mon Nov 02 11:24:08 CST 2020] [INFO] class java.util.logging.LogRecord：讀取檔案
[Mon Nov 02 11:24:18 CST 2020] [INFO] class java.util.logging.LogRecord：讀取對比檔案
[Mon Nov 02 11:24:18 CST 2020] [INFO] class java.util.logging.LogRecord：無新增項目
[Mon Nov 02 11:24:18 CST 2020] [INFO] class java.util.logging.LogRecord：讀取檔案
[Mon Nov 02 11:24:28 CST 2020] [INFO] class java.util.logging.LogRecord：讀取對比檔案
[Mon Nov 02 11:24:28 CST 2020] [INFO] class java.util.logging.LogRecord：無新增項目
[Mon Nov 02 11:24:28 CST 2020] [INFO] class java.util.logging.LogRecord：讀取檔案
[Mon Nov 02 11:24:38 CST 2020] [INFO] class java.util.logging.LogRecord：讀取對比檔案
[Mon Nov 02 11:24:38 CST 2020] [INFO] class java.util.logging.LogRecord：無新增項目
[Mon Nov 02 11:24:38 CST 2020] [INFO] class java.util.logging.LogRecord：讀取檔案
[Mon Nov 02 11:24:48 CST 2020] [INFO] class java.util.logging.LogRecord：讀取對比檔案
[Mon Nov 02 11:24:48 CST 2020] [INFO] class java.util.logging.LogRecord：無新增項目
[Mon Nov 02 11:24:48 CST 2020] [INFO] class java.util.logging.LogRecord：讀取檔案
[Mon Nov 02 11:24:58 CST 2020] [INFO] class java.util.logging.LogRecord：讀取對比檔案
[Mon Nov 02 11:24:58 CST 2020] [INFO] class java.util.logging.LogRecord：無新增項目
[Mon Nov 02 11:24:58 CST 2020] [INFO] class java.util.logging.LogRecord：讀取檔案
[Mon Nov 02 11:25:08 CST 2020] [INFO] class java.util.logging.LogRecord：讀取對比檔案
[Mon Nov 02 11:25:08 CST 2020] [INFO] class java.util.logging.LogRecord：無新增項目
[Mon Nov 02 11:25:08 CST 2020] [INFO] class java.util.logging.LogRecord：讀取檔案
[Mon Nov 02 11:25:18 CST 2020] [INFO] class java.util.logging.LogRecord：讀取對比檔案
[Mon Nov 02 11:25:18 CST 2020] [INFO] class java.util.logging.LogRecord：無新增項目
[Mon Nov 02 11:25:18 CST 2020] [INFO] class java.util.logging.LogRecord：讀取檔案
[Mon Nov 02 11:25:28 CST 2020] [INFO] class java.util.logging.LogRecord：讀取對比檔案
[Mon Nov 02 11:25:28 CST 2020] [INFO] class java.util.logging.LogRecord：無新增項目
[Mon Nov 02 11:25:28 CST 2020] [INFO] class java.util.logging.LogRecord：讀取檔案
[Mon Nov 02 11:25:38 CST 2020] [INFO] class java.util.logging.LogRecord：讀取對比檔案
[Mon Nov 02 11:25:38 CST 2020] [INFO] class java.util.logging.LogRecord：無新增項目
[Mon Nov 02 11:25:38 CST 2020] [INFO] class java.util.logging.LogRecord：讀取檔案
[Mon Nov 02 11:25:48 CST 2020] [INFO] class java.util.logging.LogRecord：讀取對比檔案
[Mon Nov 02 11:25:48 CST 2020] [INFO] class java.util.logging.LogRecord：無新增項目
[Mon Nov 02 11:25:48 CST 2020] [INFO] class java.util.logging.LogRecord：讀取檔案
[Mon Nov 02 11:25:58 CST 2020] [INFO] class java.util.logging.LogRecord：讀取對比檔案
[Mon Nov 02 11:25:58 CST 2020] [INFO] class java.util.logging.LogRecord：無新增項目
[Mon Nov 02 11:25:58 CST 2020] [INFO] class java.util.logging.LogRecord：讀取檔案
[Mon Nov 02 11:26:08 CST 2020] [INFO] class java.util.logging.LogRecord：讀取對比檔案
[Mon Nov 02 11:26:08 CST 2020] [INFO] class java.util.logging.LogRecord：新增：ad9163a7-48cf-4b31-8cf5-367e4d2d5a36.tmp
[Mon Nov 02 11:26:08 CST 2020] [INFO] class java.util.logging.LogRecord：新增：e3c1310a-c6ab-4369-8e23-6f6913e39768.tmp
[Mon Nov 02 11:26:08 CST 2020] [INFO] class java.util.logging.LogRecord：讀取檔案
[Mon Nov 02 11:26:18 CST 2020] [INFO] class java.util.logging.LogRecord：讀取對比檔案
[Mon Nov 02 11:26:18 CST 2020] [INFO] class java.util.logging.LogRecord：無新增項目
[Mon Nov 02 11:26:18 CST 2020] [INFO] class java.util.logging.LogRecord：讀取檔案
[Mon Nov 02 11:26:28 CST 2020] [INFO] class java.util.logging.LogRecord：讀取對比檔案
[Mon Nov 02 11:26:28 CST 2020] [INFO] class java.util.logging.LogRecord：無新增項目
[Mon Nov 02 11:26:28 CST 2020] [INFO] class java.util.logging.LogRecord：讀取檔案
[Mon Nov 02 11:26:38 CST 2020] [INFO] class java.util.logging.LogRecord：讀取對比檔案
[Mon Nov 02 11:26:38 CST 2020] [INFO] class java.util.logging.LogRecord：無新增項目
[Mon Nov 02 11:26:39 CST 2020] [INFO] class java.util.logging.LogRecord：讀取檔案
[Mon Nov 02 11:26:49 CST 2020] [INFO] class java.util.logging.LogRecord：讀取對比檔案
[Mon Nov 02 11:26:49 CST 2020] [INFO] class java.util.logging.LogRecord：無新增項目
[Mon Nov 02 11:26:49 CST 2020] [INFO] class java.util.logging.LogRecord：讀取檔案
[Mon Nov 02 11:26:59 CST 2020] [INFO] class java.util.logging.LogRecord：讀取對比檔案
[Mon Nov 02 11:26:59 CST 2020] [INFO] class java.util.logging.LogRecord：無新增項目
[Mon Nov 02 11:26:59 CST 2020] [INFO] class java.util.logging.LogRecord：讀取檔案
[Mon Nov 02 11:27:09 CST 2020] [INFO] class java.util.logging.LogRecord：讀取對比檔案
[Mon Nov 02 11:27:09 CST 2020] [INFO] class java.util.logging.LogRecord：無新增項目
[Mon Nov 02 11:27:09 CST 2020] [INFO] class java.util.logging.LogRecord：讀取檔案
[Mon Nov 02 11:27:19 CST 2020] [INFO] class java.util.logging.LogRecord：讀取對比檔案
[Mon Nov 02 11:27:19 CST 2020] [INFO] class java.util.logging.LogRecord：無新增項目
[Mon Nov 02 11:27:19 CST 2020] [INFO] class java.util.logging.LogRecord：讀取檔案
[Mon Nov 02 11:27:29 CST 2020] [INFO] class java.util.logging.LogRecord：讀取對比檔案
[Mon Nov 02 11:27:29 CST 2020] [INFO] class java.util.logging.LogRecord：無新增項目
[Mon Nov 02 11:27:29 CST 2020] [INFO] class java.util.logging.LogRecord：讀取檔案
[Mon Nov 02 11:27:39 CST 2020] [INFO] class java.util.logging.LogRecord：讀取對比檔案
[Mon Nov 02 11:27:39 CST 2020] [INFO] class java.util.logging.LogRecord：無新增項目
[Mon Nov 02 11:27:39 CST 2020] [INFO] class java.util.logging.LogRecord：讀取檔案
[Mon Nov 02 11:27:49 CST 2020] [INFO] class java.util.logging.LogRecord：讀取對比檔案
[Mon Nov 02 11:27:49 CST 2020] [INFO] class java.util.logging.LogRecord：無新增項目
[Mon Nov 02 11:27:49 CST 2020] [INFO] class java.util.logging.LogRecord：讀取檔案
[Mon Nov 02 11:27:59 CST 2020] [INFO] class java.util.logging.LogRecord：讀取對比檔案
[Mon Nov 02 11:27:59 CST 2020] [INFO] class java.util.logging.LogRecord：無新增項目
[Mon Nov 02 11:27:59 CST 2020] [INFO] class java.util.logging.LogRecord：讀取檔案
[Mon Nov 02 11:28:09 CST 2020] [INFO] class java.util.logging.LogRecord：讀取對比檔案
[Mon Nov 02 11:28:09 CST 2020] [INFO] class java.util.logging.LogRecord：無新增項目
[Mon Nov 02 11:28:09 CST 2020] [INFO] class java.util.logging.LogRecord：讀取檔案
[Mon Nov 02 11:28:19 CST 2020] [INFO] class java.util.logging.LogRecord：讀取對比檔案
[Mon Nov 02 11:28:19 CST 2020] [INFO] class java.util.logging.LogRecord：無新增項目
[Mon Nov 02 11:28:19 CST 2020] [INFO] class java.util.logging.LogRecord：讀取檔案
[Mon Nov 02 11:28:29 CST 2020] [INFO] class java.util.logging.LogRecord：讀取對比檔案
[Mon Nov 02 11:28:29 CST 2020] [INFO] class java.util.logging.LogRecord：無新增項目
[Mon Nov 02 11:28:29 CST 2020] [INFO] class java.util.logging.LogRecord：讀取檔案
[Mon Nov 02 11:28:39 CST 2020] [INFO] class java.util.logging.LogRecord：讀取對比檔案
[Mon Nov 02 11:28:39 CST 2020] [INFO] class java.util.logging.LogRecord：無新增項目
[Mon Nov 02 11:28:39 CST 2020] [INFO] class java.util.logging.LogRecord：讀取檔案
[Mon Nov 02 11:28:49 CST 2020] [INFO] class java.util.logging.LogRecord：讀取對比檔案
[Mon Nov 02 11:28:49 CST 2020] [INFO] class java.util.logging.LogRecord：無新增項目
[Mon Nov 02 11:28:49 CST 2020] [INFO] class java.util.logging.LogRecord：讀取檔案
[Mon Nov 02 11:28:59 CST 2020] [INFO] class java.util.logging.LogRecord：讀取對比檔案
[Mon Nov 02 11:28:59 CST 2020] [INFO] class java.util.logging.LogRecord：無新增項目
[Mon Nov 02 11:28:59 CST 2020] [INFO] class java.util.logging.LogRecord：讀取檔案
[Mon Nov 02 11:29:09 CST 2020] [INFO] class java.util.logging.LogRecord：讀取對比檔案
[Mon Nov 02 11:29:09 CST 2020] [INFO] class java.util.logging.LogRecord：無新增項目
[Mon Nov 02 11:29:09 CST 2020] [INFO] class java.util.logging.LogRecord：讀取檔案
[Mon Nov 02 11:29:19 CST 2020] [INFO] class java.util.logging.LogRecord：讀取對比檔案
[Mon Nov 02 11:29:19 CST 2020] [INFO] class java.util.logging.LogRecord：無新增項目
[Mon Nov 02 11:29:19 CST 2020] [INFO] class java.util.logging.LogRecord：讀取檔案
[Mon Nov 02 11:29:29 CST 2020] [INFO] class java.util.logging.LogRecord：讀取對比檔案
[Mon Nov 02 11:29:29 CST 2020] [INFO] class java.util.logging.LogRecord：無新增項目
[Mon Nov 02 11:29:29 CST 2020] [INFO] class java.util.logging.LogRecord：讀取檔案
[Mon Nov 02 11:29:39 CST 2020] [INFO] class java.util.logging.LogRecord：讀取對比檔案
[Mon Nov 02 11:29:39 CST 2020] [INFO] class java.util.logging.LogRecord：無新增項目
[Mon Nov 02 11:29:39 CST 2020] [INFO] class java.util.logging.LogRecord：讀取檔案
[Mon Nov 02 11:29:49 CST 2020] [INFO] class java.util.logging.LogRecord：讀取對比檔案
[Mon Nov 02 11:29:49 CST 2020] [INFO] class java.util.logging.LogRecord：無新增項目
[Mon Nov 02 11:29:49 CST 2020] [INFO] class java.util.logging.LogRecord：讀取檔案
[Mon Nov 02 11:29:59 CST 2020] [INFO] class java.util.logging.LogRecord：讀取對比檔案
[Mon Nov 02 11:29:59 CST 2020] [INFO] class java.util.logging.LogRecord：無新增項目
[Mon Nov 02 11:29:59 CST 2020] [INFO] class java.util.logging.LogRecord：讀取檔案
[Mon Nov 02 11:30:09 CST 2020] [INFO] class java.util.logging.LogRecord：讀取對比檔案
[Mon Nov 02 11:30:09 CST 2020] [INFO] class java.util.logging.LogRecord：無新增項目
[Mon Nov 02 11:30:09 CST 2020] [INFO] class java.util.logging.LogRecord：讀取檔案
[Mon Nov 02 11:30:19 CST 2020] [INFO] class java.util.logging.LogRecord：讀取對比檔案
[Mon Nov 02 11:30:19 CST 2020] [INFO] class java.util.logging.LogRecord：無新增項目
[Mon Nov 02 11:30:19 CST 2020] [INFO] class java.util.logging.LogRecord：讀取檔案
[Mon Nov 02 11:30:29 CST 2020] [INFO] class java.util.logging.LogRecord：讀取對比檔案
[Mon Nov 02 11:30:29 CST 2020] [INFO] class java.util.logging.LogRecord：無新增項目
[Mon Nov 02 11:30:29 CST 2020] [INFO] class java.util.logging.LogRecord：讀取檔案
[Mon Nov 02 11:30:39 CST 2020] [INFO] class java.util.logging.LogRecord：讀取對比檔案
[Mon Nov 02 11:30:39 CST 2020] [INFO] class java.util.logging.LogRecord：無新增項目
[Mon Nov 02 11:30:39 CST 2020] [INFO] class java.util.logging.LogRecord：讀取檔案
[Mon Nov 02 11:30:49 CST 2020] [INFO] class java.util.logging.LogRecord：讀取對比檔案
[Mon Nov 02 11:30:49 CST 2020] [INFO] class java.util.logging.LogRecord：無新增項目
[Mon Nov 02 11:30:49 CST 2020] [INFO] class java.util.logging.LogRecord：讀取檔案
[Mon Nov 02 11:30:59 CST 2020] [INFO] class java.util.logging.LogRecord：讀取對比檔案
[Mon Nov 02 11:30:59 CST 2020] [INFO] class java.util.logging.LogRecord：新增：003903b4-82a9-409b-82b3-5eed81b3062a.tmp
[Mon Nov 02 11:30:59 CST 2020] [INFO] class java.util.logging.LogRecord：新增：00dd8041-1eb0-44c9-acd2-b0be7f7b6537.tmp
[Mon Nov 02 11:30:59 CST 2020] [INFO] class java.util.logging.LogRecord：讀取檔案
[Mon Nov 02 11:31:09 CST 2020] [INFO] class java.util.logging.LogRecord：讀取對比檔案
[Mon Nov 02 11:31:09 CST 2020] [INFO] class java.util.logging.LogRecord：無新增項目
[Mon Nov 02 11:31:09 CST 2020] [INFO] class java.util.logging.LogRecord：讀取檔案
[Mon Nov 02 11:31:19 CST 2020] [INFO] class java.util.logging.LogRecord：讀取對比檔案
[Mon Nov 02 11:31:19 CST 2020] [INFO] class java.util.logging.LogRecord：無新增項目
[Mon Nov 02 11:31:19 CST 2020] [INFO] class java.util.logging.LogRecord：讀取檔案
[Mon Nov 02 11:31:29 CST 2020] [INFO] class java.util.logging.LogRecord：讀取對比檔案
[Mon Nov 02 11:31:29 CST 2020] [INFO] class java.util.logging.LogRecord：無新增項目
[Mon Nov 02 11:31:29 CST 2020] [INFO] class java.util.logging.LogRecord：讀取檔案
[Mon Nov 02 11:31:39 CST 2020] [INFO] class java.util.logging.LogRecord：讀取對比檔案
[Mon Nov 02 11:31:39 CST 2020] [INFO] class java.util.logging.LogRecord：無新增項目
[Mon Nov 02 11:31:39 CST 2020] [INFO] class java.util.logging.LogRecord：讀取檔案
[Mon Nov 02 11:31:49 CST 2020] [INFO] class java.util.logging.LogRecord：讀取對比檔案
[Mon Nov 02 11:31:49 CST 2020] [INFO] class java.util.logging.LogRecord：無新增項目
[Mon Nov 02 11:31:49 CST 2020] [INFO] class java.util.logging.LogRecord：讀取檔案
[Mon Nov 02 11:31:59 CST 2020] [INFO] class java.util.logging.LogRecord：讀取對比檔案
[Mon Nov 02 11:31:59 CST 2020] [INFO] class java.util.logging.LogRecord：無新增項目
[Mon Nov 02 11:31:59 CST 2020] [INFO] class java.util.logging.LogRecord：讀取檔案
[Mon Nov 02 11:32:09 CST 2020] [INFO] class java.util.logging.LogRecord：讀取對比檔案
[Mon Nov 02 11:32:09 CST 2020] [INFO] class java.util.logging.LogRecord：無新增項目
[Mon Nov 02 11:32:09 CST 2020] [INFO] class java.util.logging.LogRecord：讀取檔案
[Mon Nov 02 11:32:19 CST 2020] [INFO] class java.util.logging.LogRecord：讀取對比檔案
[Mon Nov 02 11:32:19 CST 2020] [INFO] class java.util.logging.LogRecord：無新增項目
[Mon Nov 02 11:32:19 CST 2020] [INFO] class java.util.logging.LogRecord：讀取檔案
[Mon Nov 02 11:32:29 CST 2020] [INFO] class java.util.logging.LogRecord：讀取對比檔案
[Mon Nov 02 11:32:29 CST 2020] [INFO] class java.util.logging.LogRecord：無新增項目
[Mon Nov 02 11:32:29 CST 2020] [INFO] class java.util.logging.LogRecord：讀取檔案
[Mon Nov 02 11:32:39 CST 2020] [INFO] class java.util.logging.LogRecord：讀取對比檔案
[Mon Nov 02 11:32:39 CST 2020] [INFO] class java.util.logging.LogRecord：無新增項目
[Mon Nov 02 11:32:39 CST 2020] [INFO] class java.util.logging.LogRecord：讀取檔案
[Mon Nov 02 11:32:49 CST 2020] [INFO] class java.util.logging.LogRecord：讀取對比檔案
[Mon Nov 02 11:32:49 CST 2020] [INFO] class java.util.logging.LogRecord：無新增項目
[Mon Nov 02 11:32:49 CST 2020] [INFO] class java.util.logging.LogRecord：讀取檔案
[Mon Nov 02 11:32:59 CST 2020] [INFO] class java.util.logging.LogRecord：讀取對比檔案
[Mon Nov 02 11:32:59 CST 2020] [INFO] class java.util.logging.LogRecord：無新增項目
[Mon Nov 02 11:32:59 CST 2020] [INFO] class java.util.logging.LogRecord：讀取檔案
[Mon Nov 02 11:33:09 CST 2020] [INFO] class java.util.logging.LogRecord：讀取對比檔案
[Mon Nov 02 11:33:09 CST 2020] [INFO] class java.util.logging.LogRecord：無新增項目
[Mon Nov 02 11:33:09 CST 2020] [INFO] class java.util.logging.LogRecord：讀取檔案
[Mon Nov 02 11:33:19 CST 2020] [INFO] class java.util.logging.LogRecord：讀取對比檔案
[Mon Nov 02 11:33:19 CST 2020] [INFO] class java.util.logging.LogRecord：無新增項目
[Mon Nov 02 11:33:19 CST 2020] [INFO] class java.util.logging.LogRecord：讀取檔案
[Mon Nov 02 11:33:29 CST 2020] [INFO] class java.util.logging.LogRecord：讀取對比檔案
[Mon Nov 02 11:33:29 CST 2020] [INFO] class java.util.logging.LogRecord：無新增項目
[Mon Nov 02 11:33:29 CST 2020] [INFO] class java.util.logging.LogRecord：讀取檔案
[Mon Nov 02 11:33:39 CST 2020] [INFO] class java.util.logging.LogRecord：讀取對比檔案
[Mon Nov 02 11:33:39 CST 2020] [INFO] class java.util.logging.LogRecord：無新增項目
[Mon Nov 02 11:33:39 CST 2020] [INFO] class java.util.logging.LogRecord：讀取檔案
[Mon Nov 02 11:33:49 CST 2020] [INFO] class java.util.logging.LogRecord：讀取對比檔案
[Mon Nov 02 11:33:49 CST 2020] [INFO] class java.util.logging.LogRecord：無新增項目
[Mon Nov 02 11:33:49 CST 2020] [INFO] class java.util.logging.LogRecord：讀取檔案
[Mon Nov 02 11:33:59 CST 2020] [INFO] class java.util.logging.LogRecord：讀取對比檔案
[Mon Nov 02 11:33:59 CST 2020] [INFO] class java.util.logging.LogRecord：無新增項目
[Mon Nov 02 11:33:59 CST 2020] [INFO] class java.util.logging.LogRecord：讀取檔案
[Mon Nov 02 11:34:09 CST 2020] [INFO] class java.util.logging.LogRecord：讀取對比檔案
[Mon Nov 02 11:34:09 CST 2020] [INFO] class java.util.logging.LogRecord：無新增項目
[Mon Nov 02 11:34:09 CST 2020] [INFO] class java.util.logging.LogRecord：讀取檔案
[Mon Nov 02 11:34:19 CST 2020] [INFO] class java.util.logging.LogRecord：讀取對比檔案
[Mon Nov 02 11:34:19 CST 2020] [INFO] class java.util.logging.LogRecord：無新增項目
[Mon Nov 02 11:34:19 CST 2020] [INFO] class java.util.logging.LogRecord：讀取檔案
[Mon Nov 02 11:34:29 CST 2020] [INFO] class java.util.logging.LogRecord：讀取對比檔案
[Mon Nov 02 11:34:29 CST 2020] [INFO] class java.util.logging.LogRecord：無新增項目
[Mon Nov 02 11:34:29 CST 2020] [INFO] class java.util.logging.LogRecord：讀取檔案
[Mon Nov 02 11:34:39 CST 2020] [INFO] class java.util.logging.LogRecord：讀取對比檔案
[Mon Nov 02 11:34:39 CST 2020] [INFO] class java.util.logging.LogRecord：無新增項目
[Mon Nov 02 11:34:39 CST 2020] [INFO] class java.util.logging.LogRecord：讀取檔案
[Mon Nov 02 11:34:49 CST 2020] [INFO] class java.util.logging.LogRecord：讀取對比檔案
[Mon Nov 02 11:34:49 CST 2020] [INFO] class java.util.logging.LogRecord：無新增項目
[Mon Nov 02 11:34:49 CST 2020] [INFO] class java.util.logging.LogRecord：讀取檔案
[Mon Nov 02 11:34:59 CST 2020] [INFO] class java.util.logging.LogRecord：讀取對比檔案
[Mon Nov 02 11:34:59 CST 2020] [INFO] class java.util.logging.LogRecord：無新增項目
[Mon Nov 02 11:34:59 CST 2020] [INFO] class java.util.logging.LogRecord：讀取檔案
[Mon Nov 02 11:35:09 CST 2020] [INFO] class java.util.logging.LogRecord：讀取對比檔案
[Mon Nov 02 11:35:09 CST 2020] [INFO] class java.util.logging.LogRecord：無新增項目
[Mon Nov 02 11:35:09 CST 2020] [INFO] class java.util.logging.LogRecord：讀取檔案
[Mon Nov 02 11:35:19 CST 2020] [INFO] class java.util.logging.LogRecord：讀取對比檔案
[Mon Nov 02 11:35:19 CST 2020] [INFO] class java.util.logging.LogRecord：無新增項目
[Mon Nov 02 11:35:19 CST 2020] [INFO] class java.util.logging.LogRecord：讀取檔案
[Mon Nov 02 11:35:29 CST 2020] [INFO] class java.util.logging.LogRecord：讀取對比檔案
[Mon Nov 02 11:35:29 CST 2020] [INFO] class java.util.logging.LogRecord：無新增項目
[Mon Nov 02 11:35:29 CST 2020] [INFO] class java.util.logging.LogRecord：讀取檔案
[Mon Nov 02 11:35:39 CST 2020] [INFO] class java.util.logging.LogRecord：讀取對比檔案
[Mon Nov 02 11:35:39 CST 2020] [INFO] class java.util.logging.LogRecord：無新增項目
[Mon Nov 02 11:35:39 CST 2020] [INFO] class java.util.logging.LogRecord：讀取檔案
[Mon Nov 02 11:35:49 CST 2020] [INFO] class java.util.logging.LogRecord：讀取對比檔案
[Mon Nov 02 11:35:49 CST 2020] [INFO] class java.util.logging.LogRecord：無新增項目
[Mon Nov 02 11:35:49 CST 2020] [INFO] class java.util.logging.LogRecord：讀取檔案
[Mon Nov 02 11:35:59 CST 2020] [INFO] class java.util.logging.LogRecord：讀取對比檔案
[Mon Nov 02 11:35:59 CST 2020] [INFO] class java.util.logging.LogRecord：新增：1063ddda-8c8d-4609-a38f-392ced432262.tmp
[Mon Nov 02 11:35:59 CST 2020] [INFO] class java.util.logging.LogRecord：新增：b60e0f3d-8673-4f5d-9fa9-2f145c5340ed.tmp
[Mon Nov 02 11:35:59 CST 2020] [INFO] class java.util.logging.LogRecord：讀取檔案
[Mon Nov 02 11:36:09 CST 2020] [INFO] class java.util.logging.LogRecord：讀取對比檔案
[Mon Nov 02 11:36:09 CST 2020] [INFO] class java.util.logging.LogRecord：無新增項目
[Mon Nov 02 11:36:09 CST 2020] [INFO] class java.util.logging.LogRecord：讀取檔案
[Mon Nov 02 11:36:19 CST 2020] [INFO] class java.util.logging.LogRecord：讀取對比檔案
[Mon Nov 02 11:36:19 CST 2020] [INFO] class java.util.logging.LogRecord：無新增項目
[Mon Nov 02 11:36:19 CST 2020] [INFO] class java.util.logging.LogRecord：讀取檔案
[Mon Nov 02 11:36:29 CST 2020] [INFO] class java.util.logging.LogRecord：讀取對比檔案
[Mon Nov 02 11:36:29 CST 2020] [INFO] class java.util.logging.LogRecord：無新增項目
[Mon Nov 02 11:36:30 CST 2020] [INFO] class java.util.logging.LogRecord：讀取檔案
[Mon Nov 02 11:36:40 CST 2020] [INFO] class java.util.logging.LogRecord：讀取對比檔案
[Mon Nov 02 11:36:40 CST 2020] [INFO] class java.util.logging.LogRecord：無新增項目
[Mon Nov 02 11:36:40 CST 2020] [INFO] class java.util.logging.LogRecord：讀取檔案
[Mon Nov 02 11:36:50 CST 2020] [INFO] class java.util.logging.LogRecord：讀取對比檔案
[Mon Nov 02 11:36:50 CST 2020] [INFO] class java.util.logging.LogRecord：無新增項目
[Mon Nov 02 11:36:50 CST 2020] [INFO] class java.util.logging.LogRecord：讀取檔案
[Mon Nov 02 11:37:00 CST 2020] [INFO] class java.util.logging.LogRecord：讀取對比檔案
[Mon Nov 02 11:37:00 CST 2020] [INFO] class java.util.logging.LogRecord：無新增項目
[Mon Nov 02 11:37:00 CST 2020] [INFO] class java.util.logging.LogRecord：讀取檔案
[Mon Nov 02 11:37:10 CST 2020] [INFO] class java.util.logging.LogRecord：讀取對比檔案
[Mon Nov 02 11:37:10 CST 2020] [INFO] class java.util.logging.LogRecord：無新增項目
[Mon Nov 02 11:37:10 CST 2020] [INFO] class java.util.logging.LogRecord：讀取檔案
[Mon Nov 02 11:37:20 CST 2020] [INFO] class java.util.logging.LogRecord：讀取對比檔案
[Mon Nov 02 11:37:20 CST 2020] [INFO] class java.util.logging.LogRecord：無新增項目
[Mon Nov 02 11:37:20 CST 2020] [INFO] class java.util.logging.LogRecord：讀取檔案
[Mon Nov 02 11:37:30 CST 2020] [INFO] class java.util.logging.LogRecord：讀取對比檔案
[Mon Nov 02 11:37:30 CST 2020] [INFO] class java.util.logging.LogRecord：無新增項目
[Mon Nov 02 11:37:30 CST 2020] [INFO] class java.util.logging.LogRecord：讀取檔案
[Mon Nov 02 11:37:40 CST 2020] [INFO] class java.util.logging.LogRecord：讀取對比檔案
[Mon Nov 02 11:37:40 CST 2020] [INFO] class java.util.logging.LogRecord：無新增項目
[Mon Nov 02 11:37:40 CST 2020] [INFO] class java.util.logging.LogRecord：讀取檔案
[Mon Nov 02 11:37:50 CST 2020] [INFO] class java.util.logging.LogRecord：讀取對比檔案
[Mon Nov 02 11:37:50 CST 2020] [INFO] class java.util.logging.LogRecord：無新增項目
[Mon Nov 02 11:37:50 CST 2020] [INFO] class java.util.logging.LogRecord：讀取檔案
[Mon Nov 02 11:38:00 CST 2020] [INFO] class java.util.logging.LogRecord：讀取對比檔案
[Mon Nov 02 11:38:00 CST 2020] [INFO] class java.util.logging.LogRecord：無新增項目
[Mon Nov 02 11:38:00 CST 2020] [INFO] class java.util.logging.LogRecord：讀取檔案
[Mon Nov 02 11:38:10 CST 2020] [INFO] class java.util.logging.LogRecord：讀取對比檔案
[Mon Nov 02 11:38:10 CST 2020] [INFO] class java.util.logging.LogRecord：無新增項目
[Mon Nov 02 11:38:10 CST 2020] [INFO] class java.util.logging.LogRecord：讀取檔案
[Mon Nov 02 11:38:20 CST 2020] [INFO] class java.util.logging.LogRecord：讀取對比檔案
[Mon Nov 02 11:38:20 CST 2020] [INFO] class java.util.logging.LogRecord：無新增項目
[Mon Nov 02 11:38:20 CST 2020] [INFO] class java.util.logging.LogRecord：讀取檔案
[Mon Nov 02 11:38:30 CST 2020] [INFO] class java.util.logging.LogRecord：讀取對比檔案
[Mon Nov 02 11:38:30 CST 2020] [INFO] class java.util.logging.LogRecord：無新增項目
[Mon Nov 02 11:38:30 CST 2020] [INFO] class java.util.logging.LogRecord：讀取檔案
[Mon Nov 02 11:38:40 CST 2020] [INFO] class java.util.logging.LogRecord：讀取對比檔案
[Mon Nov 02 11:38:40 CST 2020] [INFO] class java.util.logging.LogRecord：無新增項目
[Mon Nov 02 11:38:40 CST 2020] [INFO] class java.util.logging.LogRecord：讀取檔案
[Mon Nov 02 11:38:50 CST 2020] [INFO] class java.util.logging.LogRecord：讀取對比檔案
[Mon Nov 02 11:38:50 CST 2020] [INFO] class java.util.logging.LogRecord：無新增項目
[Mon Nov 02 11:38:50 CST 2020] [INFO] class java.util.logging.LogRecord：讀取檔案
[Mon Nov 02 11:39:00 CST 2020] [INFO] class java.util.logging.LogRecord：讀取對比檔案
[Mon Nov 02 11:39:00 CST 2020] [INFO] class java.util.logging.LogRecord：無新增項目
[Mon Nov 02 11:39:00 CST 2020] [INFO] class java.util.logging.LogRecord：讀取檔案
[Mon Nov 02 11:39:10 CST 2020] [INFO] class java.util.logging.LogRecord：讀取對比檔案
[Mon Nov 02 11:39:10 CST 2020] [INFO] class java.util.logging.LogRecord：無新增項目
[Mon Nov 02 11:39:10 CST 2020] [INFO] class java.util.logging.LogRecord：讀取檔案
[Mon Nov 02 11:39:20 CST 2020] [INFO] class java.util.logging.LogRecord：讀取對比檔案
[Mon Nov 02 11:39:20 CST 2020] [INFO] class java.util.logging.LogRecord：無新增項目
[Mon Nov 02 11:39:20 CST 2020] [INFO] class java.util.logging.LogRecord：讀取檔案
[Mon Nov 02 11:39:30 CST 2020] [INFO] class java.util.logging.LogRecord：讀取對比檔案
[Mon Nov 02 11:39:30 CST 2020] [INFO] class java.util.logging.LogRecord：無新增項目
[Mon Nov 02 11:39:30 CST 2020] [INFO] class java.util.logging.LogRecord：讀取檔案
[Mon Nov 02 11:39:40 CST 2020] [INFO] class java.util.logging.LogRecord：讀取對比檔案
[Mon Nov 02 11:39:40 CST 2020] [INFO] class java.util.logging.LogRecord：無新增項目
[Mon Nov 02 11:39:40 CST 2020] [INFO] class java.util.logging.LogRecord：讀取檔案
[Mon Nov 02 11:39:50 CST 2020] [INFO] class java.util.logging.LogRecord：讀取對比檔案
[Mon Nov 02 11:39:50 CST 2020] [INFO] class java.util.logging.LogRecord：無新增項目
[Mon Nov 02 11:39:50 CST 2020] [INFO] class java.util.logging.LogRecord：讀取檔案
[Mon Nov 02 11:40:00 CST 2020] [INFO] class java.util.logging.LogRecord：讀取對比檔案
[Mon Nov 02 11:40:00 CST 2020] [INFO] class java.util.logging.LogRecord：無新增項目
[Mon Nov 02 11:40:00 CST 2020] [INFO] class java.util.logging.LogRecord：讀取檔案
[Mon Nov 02 11:40:10 CST 2020] [INFO] class java.util.logging.LogRecord：讀取對比檔案
[Mon Nov 02 11:40:10 CST 2020] [INFO] class java.util.logging.LogRecord：無新增項目
[Mon Nov 02 11:40:10 CST 2020] [INFO] class java.util.logging.LogRecord：讀取檔案
[Mon Nov 02 11:40:20 CST 2020] [INFO] class java.util.logging.LogRecord：讀取對比檔案
[Mon Nov 02 11:40:20 CST 2020] [INFO] class java.util.logging.LogRecord：無新增項目
[Mon Nov 02 11:40:20 CST 2020] [INFO] class java.util.logging.LogRecord：讀取檔案
[Mon Nov 02 11:40:30 CST 2020] [INFO] class java.util.logging.LogRecord：讀取對比檔案
[Mon Nov 02 11:40:30 CST 2020] [INFO] class java.util.logging.LogRecord：無新增項目
[Mon Nov 02 11:40:30 CST 2020] [INFO] class java.util.logging.LogRecord：讀取檔案
[Mon Nov 02 11:40:40 CST 2020] [INFO] class java.util.logging.LogRecord：讀取對比檔案
[Mon Nov 02 11:40:40 CST 2020] [INFO] class java.util.logging.LogRecord：無新增項目
[Mon Nov 02 11:40:40 CST 2020] [INFO] class java.util.logging.LogRecord：讀取檔案
[Mon Nov 02 11:40:50 CST 2020] [INFO] class java.util.logging.LogRecord：讀取對比檔案
[Mon Nov 02 11:40:50 CST 2020] [INFO] class java.util.logging.LogRecord：無新增項目
[Mon Nov 02 11:40:50 CST 2020] [INFO] class java.util.logging.LogRecord：讀取檔案
[Mon Nov 02 11:41:00 CST 2020] [INFO] class java.util.logging.LogRecord：讀取對比檔案
[Mon Nov 02 11:41:00 CST 2020] [INFO] class java.util.logging.LogRecord：新增：6116c64e-095d-4cb5-9b20-8583edf82844.tmp
[Mon Nov 02 11:41:00 CST 2020] [INFO] class java.util.logging.LogRecord：新增：6199ec4a-8152-4543-b25b-697c45c66ccf.tmp
[Mon Nov 02 11:41:00 CST 2020] [INFO] class java.util.logging.LogRecord：讀取檔案
[Mon Nov 02 11:41:10 CST 2020] [INFO] class java.util.logging.LogRecord：讀取對比檔案
[Mon Nov 02 11:41:10 CST 2020] [INFO] class java.util.logging.LogRecord：無新增項目
[Mon Nov 02 11:41:10 CST 2020] [INFO] class java.util.logging.LogRecord：讀取檔案
[Mon Nov 02 11:41:20 CST 2020] [INFO] class java.util.logging.LogRecord：讀取對比檔案
[Mon Nov 02 11:41:20 CST 2020] [INFO] class java.util.logging.LogRecord：無新增項目
[Mon Nov 02 11:41:20 CST 2020] [INFO] class java.util.logging.LogRecord：讀取檔案
[Mon Nov 02 11:41:30 CST 2020] [INFO] class java.util.logging.LogRecord：讀取對比檔案
[Mon Nov 02 11:41:30 CST 2020] [INFO] class java.util.logging.LogRecord：無新增項目
[Mon Nov 02 11:41:30 CST 2020] [INFO] class java.util.logging.LogRecord：讀取檔案
[Mon Nov 02 11:41:40 CST 2020] [INFO] class java.util.logging.LogRecord：讀取對比檔案
[Mon Nov 02 11:41:40 CST 2020] [INFO] class java.util.logging.LogRecord：無新增項目
[Mon Nov 02 11:41:40 CST 2020] [INFO] class java.util.logging.LogRecord：讀取檔案
[Mon Nov 02 11:41:50 CST 2020] [INFO] class java.util.logging.LogRecord：讀取對比檔案
[Mon Nov 02 11:41:50 CST 2020] [INFO] class java.util.logging.LogRecord：無新增項目
[Mon Nov 02 11:41:50 CST 2020] [INFO] class java.util.logging.LogRecord：讀取檔案
[Mon Nov 02 11:42:00 CST 2020] [INFO] class java.util.logging.LogRecord：讀取對比檔案
[Mon Nov 02 11:42:00 CST 2020] [INFO] class java.util.logging.LogRecord：無新增項目
[Mon Nov 02 11:42:00 CST 2020] [INFO] class java.util.logging.LogRecord：讀取檔案
[Mon Nov 02 11:42:10 CST 2020] [INFO] class java.util.logging.LogRecord：讀取對比檔案
[Mon Nov 02 11:42:10 CST 2020] [INFO] class java.util.logging.LogRecord：無新增項目
[Mon Nov 02 11:42:10 CST 2020] [INFO] class java.util.logging.LogRecord：讀取檔案
[Mon Nov 02 11:42:20 CST 2020] [INFO] class java.util.logging.LogRecord：讀取對比檔案
[Mon Nov 02 11:42:20 CST 2020] [INFO] class java.util.logging.LogRecord：無新增項目
[Mon Nov 02 11:42:20 CST 2020] [INFO] class java.util.logging.LogRecord：讀取檔案
[Mon Nov 02 11:42:30 CST 2020] [INFO] class java.util.logging.LogRecord：讀取對比檔案
[Mon Nov 02 11:42:30 CST 2020] [INFO] class java.util.logging.LogRecord：無新增項目
[Mon Nov 02 11:42:30 CST 2020] [INFO] class java.util.logging.LogRecord：讀取檔案
[Mon Nov 02 11:42:40 CST 2020] [INFO] class java.util.logging.LogRecord：讀取對比檔案
[Mon Nov 02 11:42:40 CST 2020] [INFO] class java.util.logging.LogRecord：無新增項目
[Mon Nov 02 11:42:40 CST 2020] [INFO] class java.util.logging.LogRecord：讀取檔案
[Mon Nov 02 11:42:50 CST 2020] [INFO] class java.util.logging.LogRecord：讀取對比檔案
[Mon Nov 02 11:42:50 CST 2020] [INFO] class java.util.logging.LogRecord：無新增項目
[Mon Nov 02 11:42:50 CST 2020] [INFO] class java.util.logging.LogRecord：讀取檔案
[Mon Nov 02 11:43:00 CST 2020] [INFO] class java.util.logging.LogRecord：讀取對比檔案
[Mon Nov 02 11:43:00 CST 2020] [INFO] class java.util.logging.LogRecord：無新增項目
[Mon Nov 02 11:43:00 CST 2020] [INFO] class java.util.logging.LogRecord：讀取檔案
[Mon Nov 02 11:43:10 CST 2020] [INFO] class java.util.logging.LogRecord：讀取對比檔案
[Mon Nov 02 11:43:10 CST 2020] [INFO] class java.util.logging.LogRecord：無新增項目
[Mon Nov 02 11:43:10 CST 2020] [INFO] class java.util.logging.LogRecord：讀取檔案
[Mon Nov 02 11:43:20 CST 2020] [INFO] class java.util.logging.LogRecord：讀取對比檔案
[Mon Nov 02 11:43:20 CST 2020] [INFO] class java.util.logging.LogRecord：無新增項目
[Mon Nov 02 11:43:20 CST 2020] [INFO] class java.util.logging.LogRecord：讀取檔案
[Mon Nov 02 11:43:30 CST 2020] [INFO] class java.util.logging.LogRecord：讀取對比檔案
[Mon Nov 02 11:43:30 CST 2020] [INFO] class java.util.logging.LogRecord：無新增項目
[Mon Nov 02 11:43:30 CST 2020] [INFO] class java.util.logging.LogRecord：讀取檔案
[Mon Nov 02 11:43:40 CST 2020] [INFO] class java.util.logging.LogRecord：讀取對比檔案
[Mon Nov 02 11:43:40 CST 2020] [INFO] class java.util.logging.LogRecord：無新增項目
[Mon Nov 02 11:43:40 CST 2020] [INFO] class java.util.logging.LogRecord：讀取檔案
[Mon Nov 02 11:43:50 CST 2020] [INFO] class java.util.logging.LogRecord：讀取對比檔案
[Mon Nov 02 11:43:50 CST 2020] [INFO] class java.util.logging.LogRecord：無新增項目
[Mon Nov 02 11:43:50 CST 2020] [INFO] class java.util.logging.LogRecord：讀取檔案
[Mon Nov 02 11:44:00 CST 2020] [INFO] class java.util.logging.LogRecord：讀取對比檔案
[Mon Nov 02 11:44:00 CST 2020] [INFO] class java.util.logging.LogRecord：無新增項目
[Mon Nov 02 11:44:00 CST 2020] [INFO] class java.util.logging.LogRecord：讀取檔案
[Mon Nov 02 11:44:10 CST 2020] [INFO] class java.util.logging.LogRecord：讀取對比檔案
[Mon Nov 02 11:44:10 CST 2020] [INFO] class java.util.logging.LogRecord：無新增項目
[Mon Nov 02 11:44:10 CST 2020] [INFO] class java.util.logging.LogRecord：讀取檔案
[Mon Nov 02 11:44:20 CST 2020] [INFO] class java.util.logging.LogRecord：讀取對比檔案
[Mon Nov 02 11:44:20 CST 2020] [INFO] class java.util.logging.LogRecord：無新增項目
[Mon Nov 02 11:44:20 CST 2020] [INFO] class java.util.logging.LogRecord：讀取檔案
[Mon Nov 02 11:44:30 CST 2020] [INFO] class java.util.logging.LogRecord：讀取對比檔案
[Mon Nov 02 11:44:30 CST 2020] [INFO] class java.util.logging.LogRecord：無新增項目
[Mon Nov 02 11:44:30 CST 2020] [INFO] class java.util.logging.LogRecord：讀取檔案
[Mon Nov 02 11:44:40 CST 2020] [INFO] class java.util.logging.LogRecord：讀取對比檔案
[Mon Nov 02 11:44:40 CST 2020] [INFO] class java.util.logging.LogRecord：無新增項目
[Mon Nov 02 11:44:40 CST 2020] [INFO] class java.util.logging.LogRecord：讀取檔案
[Mon Nov 02 11:44:50 CST 2020] [INFO] class java.util.logging.LogRecord：讀取對比檔案
[Mon Nov 02 11:44:50 CST 2020] [INFO] class java.util.logging.LogRecord：新增：PKM887E.tmp
[Mon Nov 02 11:44:50 CST 2020] [INFO] class java.util.logging.LogRecord：讀取檔案
[Mon Nov 02 11:45:00 CST 2020] [INFO] class java.util.logging.LogRecord：讀取對比檔案
[Mon Nov 02 11:45:00 CST 2020] [INFO] class java.util.logging.LogRecord：無新增項目
[Mon Nov 02 11:45:00 CST 2020] [INFO] class java.util.logging.LogRecord：讀取檔案
[Mon Nov 02 11:45:10 CST 2020] [INFO] class java.util.logging.LogRecord：讀取對比檔案
[Mon Nov 02 11:45:10 CST 2020] [INFO] class java.util.logging.LogRecord：無新增項目
[Mon Nov 02 11:45:10 CST 2020] [INFO] class java.util.logging.LogRecord：讀取檔案
[Mon Nov 02 11:45:20 CST 2020] [INFO] class java.util.logging.LogRecord：讀取對比檔案
[Mon Nov 02 11:45:20 CST 2020] [INFO] class java.util.logging.LogRecord：無新增項目
[Mon Nov 02 11:45:20 CST 2020] [INFO] class java.util.logging.LogRecord：讀取檔案
[Mon Nov 02 11:45:30 CST 2020] [INFO] class java.util.logging.LogRecord：讀取對比檔案
[Mon Nov 02 11:45:30 CST 2020] [INFO] class java.util.logging.LogRecord：無新增項目
[Mon Nov 02 11:45:30 CST 2020] [INFO] class java.util.logging.LogRecord：讀取檔案
[Mon Nov 02 11:45:40 CST 2020] [INFO] class java.util.logging.LogRecord：讀取對比檔案
[Mon Nov 02 11:45:41 CST 2020] [INFO] class java.util.logging.LogRecord：無新增項目
[Mon Nov 02 11:45:41 CST 2020] [INFO] class java.util.logging.LogRecord：讀取檔案
[Mon Nov 02 11:45:51 CST 2020] [INFO] class java.util.logging.LogRecord：讀取對比檔案
[Mon Nov 02 11:45:51 CST 2020] [INFO] class java.util.logging.LogRecord：無新增項目
[Mon Nov 02 11:45:51 CST 2020] [INFO] class java.util.logging.LogRecord：讀取檔案
[Mon Nov 02 11:46:01 CST 2020] [INFO] class java.util.logging.LogRecord：讀取對比檔案
[Mon Nov 02 11:46:01 CST 2020] [INFO] class java.util.logging.LogRecord：新增：86eeb876-a1a1-4928-ac82-e5bea64b06a9.tmp
[Mon Nov 02 11:46:01 CST 2020] [INFO] class java.util.logging.LogRecord：新增：91db9360-ab9b-4df0-b257-666d6ed85acc.tmp
[Mon Nov 02 11:46:01 CST 2020] [INFO] class java.util.logging.LogRecord：讀取檔案
[Mon Nov 02 11:46:11 CST 2020] [INFO] class java.util.logging.LogRecord：讀取對比檔案
[Mon Nov 02 11:46:11 CST 2020] [INFO] class java.util.logging.LogRecord：無新增項目
[Mon Nov 02 11:46:11 CST 2020] [INFO] class java.util.logging.LogRecord：讀取檔案
[Mon Nov 02 11:46:21 CST 2020] [INFO] class java.util.logging.LogRecord：讀取對比檔案
[Mon Nov 02 11:46:21 CST 2020] [INFO] class java.util.logging.LogRecord：無新增項目
[Mon Nov 02 11:46:21 CST 2020] [INFO] class java.util.logging.LogRecord：讀取檔案
