[Mon Nov 02 12:20:40 CST 2020] [INFO] class java.util.logging.LogRecord：讀取檔案
[Mon Nov 02 12:20:50 CST 2020] [INFO] class java.util.logging.LogRecord：讀取對比檔案
[Mon Nov 02 12:20:50 CST 2020] [INFO] class java.util.logging.LogRecord：無新增項目
[Mon Nov 02 12:20:50 CST 2020] [INFO] class java.util.logging.LogRecord：讀取檔案
[Mon Nov 02 12:21:00 CST 2020] [INFO] class java.util.logging.LogRecord：讀取對比檔案
[Mon Nov 02 12:21:00 CST 2020] [INFO] class java.util.logging.LogRecord：無新增項目
[Mon Nov 02 12:21:00 CST 2020] [INFO] class java.util.logging.LogRecord：讀取檔案
[Mon Nov 02 12:21:10 CST 2020] [INFO] class java.util.logging.LogRecord：讀取對比檔案
[Mon Nov 02 12:21:10 CST 2020] [INFO] class java.util.logging.LogRecord：新增：PKM455.tmp
[Mon Nov 02 12:21:10 CST 2020] [INFO] class java.util.logging.LogRecord：刪除：PKM455.tmp
[Mon Nov 02 12:21:11 CST 2020] [INFO] class java.util.logging.LogRecord：讀取檔案
[Mon Nov 02 12:21:21 CST 2020] [INFO] class java.util.logging.LogRecord：讀取對比檔案
[Mon Nov 02 12:21:21 CST 2020] [INFO] class java.util.logging.LogRecord：無新增項目
[Mon Nov 02 12:21:21 CST 2020] [INFO] class java.util.logging.LogRecord：讀取檔案
[Mon Nov 02 12:21:31 CST 2020] [INFO] class java.util.logging.LogRecord：讀取對比檔案
[Mon Nov 02 12:21:31 CST 2020] [INFO] class java.util.logging.LogRecord：新增：PKM455.tmp
[Mon Nov 02 12:21:31 CST 2020] [INFO] class java.util.logging.LogRecord：刪除：PKM455.tmp
[Mon Nov 02 12:21:32 CST 2020] [INFO] class java.util.logging.LogRecord：讀取檔案
[Mon Nov 02 12:21:42 CST 2020] [INFO] class java.util.logging.LogRecord：讀取對比檔案
[Mon Nov 02 12:21:42 CST 2020] [INFO] class java.util.logging.LogRecord：無新增項目
[Mon Nov 02 12:21:42 CST 2020] [INFO] class java.util.logging.LogRecord：讀取檔案
[Mon Nov 02 12:21:52 CST 2020] [INFO] class java.util.logging.LogRecord：讀取對比檔案
[Mon Nov 02 12:21:52 CST 2020] [INFO] class java.util.logging.LogRecord：新增：PKM455.tmp
[Mon Nov 02 12:21:52 CST 2020] [INFO] class java.util.logging.LogRecord：刪除：PKM455.tmp
[Mon Nov 02 12:21:53 CST 2020] [INFO] class java.util.logging.LogRecord：讀取檔案
[Mon Nov 02 12:22:03 CST 2020] [INFO] class java.util.logging.LogRecord：讀取對比檔案
[Mon Nov 02 12:22:03 CST 2020] [INFO] class java.util.logging.LogRecord：新增：291ebf12-d406-45be-8d8a-fda8326590a0.tmp
[Mon Nov 02 12:22:03 CST 2020] [INFO] class java.util.logging.LogRecord：新增：9f59a24d-6214-4b12-836b-19de926ee96f.tmp
[Mon Nov 02 12:22:03 CST 2020] [INFO] class java.util.logging.LogRecord：新增：PKM455.tmp
[Mon Nov 02 12:22:03 CST 2020] [INFO] class java.util.logging.LogRecord：刪除：PKM455.tmp
[Mon Nov 02 12:22:04 CST 2020] [INFO] class java.util.logging.LogRecord：讀取檔案
[Mon Nov 02 12:22:14 CST 2020] [INFO] class java.util.logging.LogRecord：讀取對比檔案
[Mon Nov 02 12:22:14 CST 2020] [INFO] class java.util.logging.LogRecord：新增：PKM455.tmp
[Mon Nov 02 12:22:14 CST 2020] [INFO] class java.util.logging.LogRecord：刪除：PKM455.tmp
[Mon Nov 02 12:22:15 CST 2020] [INFO] class java.util.logging.LogRecord：讀取檔案
[Mon Nov 02 12:22:25 CST 2020] [INFO] class java.util.logging.LogRecord：讀取對比檔案
[Mon Nov 02 12:22:25 CST 2020] [INFO] class java.util.logging.LogRecord：新增：PKM455.tmp
[Mon Nov 02 12:22:25 CST 2020] [INFO] class java.util.logging.LogRecord：刪除：PKM455.tmp
[Mon Nov 02 12:22:26 CST 2020] [INFO] class java.util.logging.LogRecord：讀取檔案
[Mon Nov 02 12:22:36 CST 2020] [INFO] class java.util.logging.LogRecord：讀取對比檔案
[Mon Nov 02 12:22:36 CST 2020] [INFO] class java.util.logging.LogRecord：新增：PKM455.tmp
[Mon Nov 02 12:22:36 CST 2020] [INFO] class java.util.logging.LogRecord：刪除：PKM455.tmp
[Mon Nov 02 12:22:37 CST 2020] [INFO] class java.util.logging.LogRecord：讀取檔案
[Mon Nov 02 12:22:47 CST 2020] [INFO] class java.util.logging.LogRecord：讀取對比檔案
[Mon Nov 02 12:22:47 CST 2020] [INFO] class java.util.logging.LogRecord：新增：PKM455.tmp
[Mon Nov 02 12:22:47 CST 2020] [INFO] class java.util.logging.LogRecord：刪除：PKM455.tmp
[Mon Nov 02 12:22:48 CST 2020] [INFO] class java.util.logging.LogRecord：讀取檔案
[Mon Nov 02 12:22:58 CST 2020] [INFO] class java.util.logging.LogRecord：讀取對比檔案
[Mon Nov 02 12:22:58 CST 2020] [INFO] class java.util.logging.LogRecord：無新增項目
[Mon Nov 02 12:22:58 CST 2020] [INFO] class java.util.logging.LogRecord：讀取檔案
[Mon Nov 02 12:23:08 CST 2020] [INFO] class java.util.logging.LogRecord：讀取對比檔案
[Mon Nov 02 12:23:08 CST 2020] [INFO] class java.util.logging.LogRecord：無新增項目
[Mon Nov 02 12:23:08 CST 2020] [INFO] class java.util.logging.LogRecord：讀取檔案
