[Mon Nov 02 10:48:57 CST 2020] [INFO] class java.util.logging.LogRecord：讀取檔案
[Mon Nov 02 10:49:07 CST 2020] [INFO] class java.util.logging.LogRecord：讀取對比檔案
[Mon Nov 02 10:49:07 CST 2020] [INFO] class java.util.logging.LogRecord：新增：mat-debug-9676.log
[Mon Nov 02 10:49:07 CST 2020] [INFO] class java.util.logging.LogRecord：讀取檔案
[Mon Nov 02 10:49:17 CST 2020] [INFO] class java.util.logging.LogRecord：讀取對比檔案
[Mon Nov 02 10:49:17 CST 2020] [INFO] class java.util.logging.LogRecord：無新增項目
[Mon Nov 02 10:49:17 CST 2020] [INFO] class java.util.logging.LogRecord：讀取檔案
[Mon Nov 02 10:49:27 CST 2020] [INFO] class java.util.logging.LogRecord：讀取對比檔案
[Mon Nov 02 10:49:27 CST 2020] [INFO] class java.util.logging.LogRecord：新增：PKM455.tmp
[Mon Nov 02 10:49:27 CST 2020] [INFO] class java.util.logging.LogRecord：刪除：PKM455.tmp
[Mon Nov 02 10:49:28 CST 2020] [INFO] class java.util.logging.LogRecord：刪除：PKM455.tmp
[Mon Nov 02 10:49:29 CST 2020] [INFO] class java.util.logging.LogRecord：刪除：PKM455.tmp
[Mon Nov 02 10:49:30 CST 2020] [INFO] class java.util.logging.LogRecord：讀取檔案
[Mon Nov 02 10:49:40 CST 2020] [INFO] class java.util.logging.LogRecord：讀取對比檔案
[Mon Nov 02 10:49:40 CST 2020] [INFO] class java.util.logging.LogRecord：新增：PKM455.tmp
[Mon Nov 02 10:49:40 CST 2020] [INFO] class java.util.logging.LogRecord：刪除：PKM455.tmp
[Mon Nov 02 10:49:41 CST 2020] [INFO] class java.util.logging.LogRecord：讀取檔案
[Mon Nov 02 10:49:51 CST 2020] [INFO] class java.util.logging.LogRecord：讀取對比檔案
[Mon Nov 02 10:49:51 CST 2020] [INFO] class java.util.logging.LogRecord：新增：PKM455.tmp
[Mon Nov 02 10:49:51 CST 2020] [INFO] class java.util.logging.LogRecord：刪除：PKM455.tmp
[Mon Nov 02 10:49:52 CST 2020] [INFO] class java.util.logging.LogRecord：讀取檔案
[Mon Nov 02 10:50:02 CST 2020] [INFO] class java.util.logging.LogRecord：讀取對比檔案
[Mon Nov 02 10:50:02 CST 2020] [INFO] class java.util.logging.LogRecord：新增：PKM455.tmp
[Mon Nov 02 10:50:02 CST 2020] [INFO] class java.util.logging.LogRecord：刪除：PKM455.tmp
[Mon Nov 02 10:50:03 CST 2020] [INFO] class java.util.logging.LogRecord：刪除：PKM455.tmp
[Mon Nov 02 10:50:04 CST 2020] [INFO] class java.util.logging.LogRecord：刪除：PKM455.tmp
[Mon Nov 02 10:50:05 CST 2020] [INFO] class java.util.logging.LogRecord：刪除：PKM455.tmp
[Mon Nov 02 10:50:06 CST 2020] [INFO] class java.util.logging.LogRecord：刪除：PKM455.tmp
[Mon Nov 02 10:50:07 CST 2020] [INFO] class java.util.logging.LogRecord：刪除：PKM455.tmp
[Mon Nov 02 10:50:08 CST 2020] [INFO] class java.util.logging.LogRecord：刪除：PKM455.tmp
[Mon Nov 02 10:50:09 CST 2020] [INFO] class java.util.logging.LogRecord：刪除：PKM455.tmp
[Mon Nov 02 10:50:10 CST 2020] [INFO] class java.util.logging.LogRecord：讀取檔案
[Mon Nov 02 10:50:20 CST 2020] [INFO] class java.util.logging.LogRecord：讀取對比檔案
[Mon Nov 02 10:50:20 CST 2020] [INFO] class java.util.logging.LogRecord：新增：PKM455.tmp
[Mon Nov 02 10:50:20 CST 2020] [INFO] class java.util.logging.LogRecord：刪除：PKM455.tmp
[Mon Nov 02 10:50:21 CST 2020] [INFO] class java.util.logging.LogRecord：讀取檔案
