[Tue Nov 03 15:50:33 CST 2020] [INFO] class java.util.logging.LogRecord：讀取檔案
[Tue Nov 03 15:50:43 CST 2020] [INFO] class java.util.logging.LogRecord：讀取對比檔案
[Tue Nov 03 15:50:43 CST 2020] [INFO] class java.util.logging.LogRecord：無新增項目
[Tue Nov 03 15:50:43 CST 2020] [INFO] class java.util.logging.LogRecord：讀取檔案
[Tue Nov 03 15:50:53 CST 2020] [INFO] class java.util.logging.LogRecord：讀取對比檔案
[Tue Nov 03 15:50:53 CST 2020] [INFO] class java.util.logging.LogRecord：新增：1dc16884-ce60-4989-bc86-eec372333620.tmp
[Tue Nov 03 15:50:53 CST 2020] [INFO] class java.util.logging.LogRecord：新增：2b61892f-03c9-472a-8e69-32ccf2d7fda6.tmp
[Tue Nov 03 15:50:53 CST 2020] [INFO] class java.util.logging.LogRecord：新增：2e681a58-1790-457b-b0bf-0dac9bf62c07.tmp
[Tue Nov 03 15:50:53 CST 2020] [INFO] class java.util.logging.LogRecord：新增：3d8cc156-6cfd-43c6-a14c-3bd277822ff5.tmp
[Tue Nov 03 15:50:53 CST 2020] [INFO] class java.util.logging.LogRecord：新增：540d1594-7d28-489e-b583-d436bcc542b7.tmp
[Tue Nov 03 15:50:53 CST 2020] [INFO] class java.util.logging.LogRecord：新增：a856b869-2024-4b0d-84be-8a04cec52111.tmp
[Tue Nov 03 15:50:53 CST 2020] [INFO] class java.util.logging.LogRecord：新增：af38dbe2-6f00-4fd6-8cd4-47719813cb2b.tmp
[Tue Nov 03 15:50:53 CST 2020] [INFO] class java.util.logging.LogRecord：新增：e44eada0-20dd-4f82-817c-6630389eb388.tmp
[Tue Nov 03 15:50:53 CST 2020] [INFO] class java.util.logging.LogRecord：讀取檔案
[Tue Nov 03 15:51:03 CST 2020] [INFO] class java.util.logging.LogRecord：讀取對比檔案
[Tue Nov 03 15:51:03 CST 2020] [INFO] class java.util.logging.LogRecord：新增：1fcbbc1e-0c07-41ef-b45d-9d5a307e89e8.tmp
[Tue Nov 03 15:51:03 CST 2020] [INFO] class java.util.logging.LogRecord：新增：38a4aa44-e471-4457-b5b8-fc4036fdab5e.tmp
[Tue Nov 03 15:51:03 CST 2020] [INFO] class java.util.logging.LogRecord：新增：773f837f-eb67-4d84-98d6-9dfc53801e07.tmp
[Tue Nov 03 15:51:03 CST 2020] [INFO] class java.util.logging.LogRecord：新增：7c00adde-95a8-4e76-a980-f8aa983e45aa.tmp
[Tue Nov 03 15:51:03 CST 2020] [INFO] class java.util.logging.LogRecord：新增：88e60d44-7891-4ed7-9069-dad020a2a667.tmp
[Tue Nov 03 15:51:03 CST 2020] [INFO] class java.util.logging.LogRecord：讀取檔案
[Tue Nov 03 15:51:13 CST 2020] [INFO] class java.util.logging.LogRecord：讀取對比檔案
[Tue Nov 03 15:51:13 CST 2020] [INFO] class java.util.logging.LogRecord：無新增項目
[Tue Nov 03 15:51:13 CST 2020] [INFO] class java.util.logging.LogRecord：讀取檔案
[Tue Nov 03 15:51:23 CST 2020] [INFO] class java.util.logging.LogRecord：讀取對比檔案
[Tue Nov 03 15:51:23 CST 2020] [INFO] class java.util.logging.LogRecord：無新增項目
[Tue Nov 03 15:51:23 CST 2020] [INFO] class java.util.logging.LogRecord：讀取檔案
[Tue Nov 03 15:51:33 CST 2020] [INFO] class java.util.logging.LogRecord：讀取對比檔案
[Tue Nov 03 15:51:33 CST 2020] [INFO] class java.util.logging.LogRecord：無新增項目
[Tue Nov 03 15:51:33 CST 2020] [INFO] class java.util.logging.LogRecord：讀取檔案
[Tue Nov 03 15:51:43 CST 2020] [INFO] class java.util.logging.LogRecord：讀取對比檔案
[Tue Nov 03 15:51:43 CST 2020] [INFO] class java.util.logging.LogRecord：無新增項目
[Tue Nov 03 15:51:43 CST 2020] [INFO] class java.util.logging.LogRecord：讀取檔案
[Tue Nov 03 15:51:53 CST 2020] [INFO] class java.util.logging.LogRecord：讀取對比檔案
[Tue Nov 03 15:51:53 CST 2020] [INFO] class java.util.logging.LogRecord：無新增項目
[Tue Nov 03 15:51:53 CST 2020] [INFO] class java.util.logging.LogRecord：讀取檔案
[Tue Nov 03 15:52:03 CST 2020] [INFO] class java.util.logging.LogRecord：讀取對比檔案
[Tue Nov 03 15:52:03 CST 2020] [INFO] class java.util.logging.LogRecord：無新增項目
[Tue Nov 03 15:52:03 CST 2020] [INFO] class java.util.logging.LogRecord：讀取檔案
[Tue Nov 03 15:52:13 CST 2020] [INFO] class java.util.logging.LogRecord：讀取對比檔案
[Tue Nov 03 15:52:13 CST 2020] [INFO] class java.util.logging.LogRecord：無新增項目
[Tue Nov 03 15:52:13 CST 2020] [INFO] class java.util.logging.LogRecord：讀取檔案
[Tue Nov 03 15:52:23 CST 2020] [INFO] class java.util.logging.LogRecord：讀取對比檔案
[Tue Nov 03 15:52:23 CST 2020] [INFO] class java.util.logging.LogRecord：無新增項目
[Tue Nov 03 15:52:23 CST 2020] [INFO] class java.util.logging.LogRecord：讀取檔案
[Tue Nov 03 15:52:33 CST 2020] [INFO] class java.util.logging.LogRecord：讀取對比檔案
[Tue Nov 03 15:52:33 CST 2020] [INFO] class java.util.logging.LogRecord：無新增項目
[Tue Nov 03 15:52:33 CST 2020] [INFO] class java.util.logging.LogRecord：讀取檔案
[Tue Nov 03 15:52:43 CST 2020] [INFO] class java.util.logging.LogRecord：讀取對比檔案
[Tue Nov 03 15:52:43 CST 2020] [INFO] class java.util.logging.LogRecord：無新增項目
[Tue Nov 03 15:52:43 CST 2020] [INFO] class java.util.logging.LogRecord：讀取檔案
[Tue Nov 03 15:52:53 CST 2020] [INFO] class java.util.logging.LogRecord：讀取對比檔案
[Tue Nov 03 15:52:53 CST 2020] [INFO] class java.util.logging.LogRecord：無新增項目
[Tue Nov 03 15:52:53 CST 2020] [INFO] class java.util.logging.LogRecord：讀取檔案
[Tue Nov 03 15:53:03 CST 2020] [INFO] class java.util.logging.LogRecord：讀取對比檔案
[Tue Nov 03 15:53:03 CST 2020] [INFO] class java.util.logging.LogRecord：無新增項目
[Tue Nov 03 15:53:03 CST 2020] [INFO] class java.util.logging.LogRecord：讀取檔案
[Tue Nov 03 15:53:13 CST 2020] [INFO] class java.util.logging.LogRecord：讀取對比檔案
[Tue Nov 03 15:53:13 CST 2020] [INFO] class java.util.logging.LogRecord：無新增項目
[Tue Nov 03 15:53:13 CST 2020] [INFO] class java.util.logging.LogRecord：讀取檔案
[Tue Nov 03 15:53:23 CST 2020] [INFO] class java.util.logging.LogRecord：讀取對比檔案
[Tue Nov 03 15:53:23 CST 2020] [INFO] class java.util.logging.LogRecord：無新增項目
[Tue Nov 03 15:53:23 CST 2020] [INFO] class java.util.logging.LogRecord：讀取檔案
[Tue Nov 03 15:53:33 CST 2020] [INFO] class java.util.logging.LogRecord：讀取對比檔案
[Tue Nov 03 15:53:33 CST 2020] [INFO] class java.util.logging.LogRecord：無新增項目
[Tue Nov 03 15:53:33 CST 2020] [INFO] class java.util.logging.LogRecord：讀取檔案
[Tue Nov 03 15:53:43 CST 2020] [INFO] class java.util.logging.LogRecord：讀取對比檔案
[Tue Nov 03 15:53:43 CST 2020] [INFO] class java.util.logging.LogRecord：無新增項目
[Tue Nov 03 15:53:43 CST 2020] [INFO] class java.util.logging.LogRecord：讀取檔案
[Tue Nov 03 15:53:53 CST 2020] [INFO] class java.util.logging.LogRecord：讀取對比檔案
[Tue Nov 03 15:53:53 CST 2020] [INFO] class java.util.logging.LogRecord：無新增項目
[Tue Nov 03 15:53:53 CST 2020] [INFO] class java.util.logging.LogRecord：讀取檔案
[Tue Nov 03 15:54:03 CST 2020] [INFO] class java.util.logging.LogRecord：讀取對比檔案
[Tue Nov 03 15:54:03 CST 2020] [INFO] class java.util.logging.LogRecord：無新增項目
[Tue Nov 03 15:54:03 CST 2020] [INFO] class java.util.logging.LogRecord：讀取檔案
[Tue Nov 03 15:54:13 CST 2020] [INFO] class java.util.logging.LogRecord：讀取對比檔案
[Tue Nov 03 15:54:13 CST 2020] [INFO] class java.util.logging.LogRecord：無新增項目
[Tue Nov 03 15:54:13 CST 2020] [INFO] class java.util.logging.LogRecord：讀取檔案
[Tue Nov 03 15:54:23 CST 2020] [INFO] class java.util.logging.LogRecord：讀取對比檔案
[Tue Nov 03 15:54:23 CST 2020] [INFO] class java.util.logging.LogRecord：無新增項目
[Tue Nov 03 15:54:23 CST 2020] [INFO] class java.util.logging.LogRecord：讀取檔案
[Tue Nov 03 15:54:34 CST 2020] [INFO] class java.util.logging.LogRecord：讀取對比檔案
[Tue Nov 03 15:54:34 CST 2020] [INFO] class java.util.logging.LogRecord：無新增項目
[Tue Nov 03 15:54:34 CST 2020] [INFO] class java.util.logging.LogRecord：讀取檔案
[Tue Nov 03 15:54:44 CST 2020] [INFO] class java.util.logging.LogRecord：讀取對比檔案
[Tue Nov 03 15:54:44 CST 2020] [INFO] class java.util.logging.LogRecord：無新增項目
[Tue Nov 03 15:54:44 CST 2020] [INFO] class java.util.logging.LogRecord：讀取檔案
[Tue Nov 03 15:54:54 CST 2020] [INFO] class java.util.logging.LogRecord：讀取對比檔案
[Tue Nov 03 15:54:54 CST 2020] [INFO] class java.util.logging.LogRecord：無新增項目
[Tue Nov 03 15:54:54 CST 2020] [INFO] class java.util.logging.LogRecord：讀取檔案
[Tue Nov 03 15:55:04 CST 2020] [INFO] class java.util.logging.LogRecord：讀取對比檔案
[Tue Nov 03 15:55:04 CST 2020] [INFO] class java.util.logging.LogRecord：無新增項目
[Tue Nov 03 15:55:04 CST 2020] [INFO] class java.util.logging.LogRecord：讀取檔案
[Tue Nov 03 15:55:14 CST 2020] [INFO] class java.util.logging.LogRecord：讀取對比檔案
[Tue Nov 03 15:55:14 CST 2020] [INFO] class java.util.logging.LogRecord：無新增項目
[Tue Nov 03 15:55:14 CST 2020] [INFO] class java.util.logging.LogRecord：讀取檔案
[Tue Nov 03 15:55:24 CST 2020] [INFO] class java.util.logging.LogRecord：讀取對比檔案
[Tue Nov 03 15:55:24 CST 2020] [INFO] class java.util.logging.LogRecord：無新增項目
[Tue Nov 03 15:55:24 CST 2020] [INFO] class java.util.logging.LogRecord：讀取檔案
[Tue Nov 03 15:55:34 CST 2020] [INFO] class java.util.logging.LogRecord：讀取對比檔案
[Tue Nov 03 15:55:34 CST 2020] [INFO] class java.util.logging.LogRecord：無新增項目
[Tue Nov 03 15:55:34 CST 2020] [INFO] class java.util.logging.LogRecord：讀取檔案
[Tue Nov 03 15:55:44 CST 2020] [INFO] class java.util.logging.LogRecord：讀取對比檔案
[Tue Nov 03 15:55:44 CST 2020] [INFO] class java.util.logging.LogRecord：無新增項目
[Tue Nov 03 15:55:44 CST 2020] [INFO] class java.util.logging.LogRecord：讀取檔案
[Tue Nov 03 15:55:54 CST 2020] [INFO] class java.util.logging.LogRecord：讀取對比檔案
[Tue Nov 03 15:55:54 CST 2020] [INFO] class java.util.logging.LogRecord：無新增項目
[Tue Nov 03 15:55:54 CST 2020] [INFO] class java.util.logging.LogRecord：讀取檔案
[Tue Nov 03 15:56:04 CST 2020] [INFO] class java.util.logging.LogRecord：讀取對比檔案
[Tue Nov 03 15:56:04 CST 2020] [INFO] class java.util.logging.LogRecord：新增：bc48e3e3-0ddd-42f1-ba4f-f07534a2d3d5.tmp
[Tue Nov 03 15:56:04 CST 2020] [INFO] class java.util.logging.LogRecord：新增：bd15d17e-a716-4f87-b295-874450c4cdce.tmp
[Tue Nov 03 15:56:04 CST 2020] [INFO] class java.util.logging.LogRecord：讀取檔案
[Tue Nov 03 15:56:14 CST 2020] [INFO] class java.util.logging.LogRecord：讀取對比檔案
[Tue Nov 03 15:56:14 CST 2020] [INFO] class java.util.logging.LogRecord：無新增項目
[Tue Nov 03 15:56:14 CST 2020] [INFO] class java.util.logging.LogRecord：讀取檔案
[Tue Nov 03 15:56:24 CST 2020] [INFO] class java.util.logging.LogRecord：讀取對比檔案
[Tue Nov 03 15:56:24 CST 2020] [INFO] class java.util.logging.LogRecord：無新增項目
[Tue Nov 03 15:56:24 CST 2020] [INFO] class java.util.logging.LogRecord：讀取檔案
[Tue Nov 03 15:56:34 CST 2020] [INFO] class java.util.logging.LogRecord：讀取對比檔案
[Tue Nov 03 15:56:34 CST 2020] [INFO] class java.util.logging.LogRecord：無新增項目
[Tue Nov 03 15:56:34 CST 2020] [INFO] class java.util.logging.LogRecord：讀取檔案
[Tue Nov 03 15:56:44 CST 2020] [INFO] class java.util.logging.LogRecord：讀取對比檔案
[Tue Nov 03 15:56:44 CST 2020] [INFO] class java.util.logging.LogRecord：無新增項目
[Tue Nov 03 15:56:44 CST 2020] [INFO] class java.util.logging.LogRecord：讀取檔案
[Tue Nov 03 15:56:54 CST 2020] [INFO] class java.util.logging.LogRecord：讀取對比檔案
[Tue Nov 03 15:56:54 CST 2020] [INFO] class java.util.logging.LogRecord：無新增項目
[Tue Nov 03 15:56:54 CST 2020] [INFO] class java.util.logging.LogRecord：讀取檔案
[Tue Nov 03 15:57:04 CST 2020] [INFO] class java.util.logging.LogRecord：讀取對比檔案
[Tue Nov 03 15:57:04 CST 2020] [INFO] class java.util.logging.LogRecord：無新增項目
[Tue Nov 03 15:57:04 CST 2020] [INFO] class java.util.logging.LogRecord：讀取檔案
[Tue Nov 03 15:57:14 CST 2020] [INFO] class java.util.logging.LogRecord：讀取對比檔案
[Tue Nov 03 15:57:14 CST 2020] [INFO] class java.util.logging.LogRecord：無新增項目
[Tue Nov 03 15:57:14 CST 2020] [INFO] class java.util.logging.LogRecord：讀取檔案
[Tue Nov 03 15:57:24 CST 2020] [INFO] class java.util.logging.LogRecord：讀取對比檔案
[Tue Nov 03 15:57:24 CST 2020] [INFO] class java.util.logging.LogRecord：無新增項目
[Tue Nov 03 15:57:24 CST 2020] [INFO] class java.util.logging.LogRecord：讀取檔案
[Tue Nov 03 15:57:34 CST 2020] [INFO] class java.util.logging.LogRecord：讀取對比檔案
[Tue Nov 03 15:57:34 CST 2020] [INFO] class java.util.logging.LogRecord：無新增項目
[Tue Nov 03 15:57:34 CST 2020] [INFO] class java.util.logging.LogRecord：讀取檔案
[Tue Nov 03 15:57:44 CST 2020] [INFO] class java.util.logging.LogRecord：讀取對比檔案
[Tue Nov 03 15:57:44 CST 2020] [INFO] class java.util.logging.LogRecord：無新增項目
[Tue Nov 03 15:57:44 CST 2020] [INFO] class java.util.logging.LogRecord：讀取檔案
[Tue Nov 03 15:57:54 CST 2020] [INFO] class java.util.logging.LogRecord：讀取對比檔案
[Tue Nov 03 15:57:54 CST 2020] [INFO] class java.util.logging.LogRecord：無新增項目
[Tue Nov 03 15:57:54 CST 2020] [INFO] class java.util.logging.LogRecord：讀取檔案
[Tue Nov 03 15:58:04 CST 2020] [INFO] class java.util.logging.LogRecord：讀取對比檔案
[Tue Nov 03 15:58:04 CST 2020] [INFO] class java.util.logging.LogRecord：無新增項目
[Tue Nov 03 15:58:04 CST 2020] [INFO] class java.util.logging.LogRecord：讀取檔案
[Tue Nov 03 15:58:14 CST 2020] [INFO] class java.util.logging.LogRecord：讀取對比檔案
[Tue Nov 03 15:58:14 CST 2020] [INFO] class java.util.logging.LogRecord：無新增項目
[Tue Nov 03 15:58:14 CST 2020] [INFO] class java.util.logging.LogRecord：讀取檔案
[Tue Nov 03 15:58:24 CST 2020] [INFO] class java.util.logging.LogRecord：讀取對比檔案
[Tue Nov 03 15:58:24 CST 2020] [INFO] class java.util.logging.LogRecord：無新增項目
[Tue Nov 03 15:58:24 CST 2020] [INFO] class java.util.logging.LogRecord：讀取檔案
[Tue Nov 03 15:58:34 CST 2020] [INFO] class java.util.logging.LogRecord：讀取對比檔案
[Tue Nov 03 15:58:34 CST 2020] [INFO] class java.util.logging.LogRecord：無新增項目
[Tue Nov 03 15:58:34 CST 2020] [INFO] class java.util.logging.LogRecord：讀取檔案
[Tue Nov 03 15:58:44 CST 2020] [INFO] class java.util.logging.LogRecord：讀取對比檔案
[Tue Nov 03 15:58:44 CST 2020] [INFO] class java.util.logging.LogRecord：無新增項目
[Tue Nov 03 15:58:44 CST 2020] [INFO] class java.util.logging.LogRecord：讀取檔案
[Tue Nov 03 15:58:54 CST 2020] [INFO] class java.util.logging.LogRecord：讀取對比檔案
[Tue Nov 03 15:58:54 CST 2020] [INFO] class java.util.logging.LogRecord：無新增項目
[Tue Nov 03 15:58:54 CST 2020] [INFO] class java.util.logging.LogRecord：讀取檔案
[Tue Nov 03 15:59:04 CST 2020] [INFO] class java.util.logging.LogRecord：讀取對比檔案
[Tue Nov 03 15:59:04 CST 2020] [INFO] class java.util.logging.LogRecord：無新增項目
[Tue Nov 03 15:59:04 CST 2020] [INFO] class java.util.logging.LogRecord：讀取檔案
[Tue Nov 03 15:59:14 CST 2020] [INFO] class java.util.logging.LogRecord：讀取對比檔案
[Tue Nov 03 15:59:14 CST 2020] [INFO] class java.util.logging.LogRecord：無新增項目
[Tue Nov 03 15:59:14 CST 2020] [INFO] class java.util.logging.LogRecord：讀取檔案
[Tue Nov 03 15:59:24 CST 2020] [INFO] class java.util.logging.LogRecord：讀取對比檔案
[Tue Nov 03 15:59:24 CST 2020] [INFO] class java.util.logging.LogRecord：無新增項目
[Tue Nov 03 15:59:24 CST 2020] [INFO] class java.util.logging.LogRecord：讀取檔案
[Tue Nov 03 15:59:34 CST 2020] [INFO] class java.util.logging.LogRecord：讀取對比檔案
[Tue Nov 03 15:59:34 CST 2020] [INFO] class java.util.logging.LogRecord：無新增項目
[Tue Nov 03 15:59:34 CST 2020] [INFO] class java.util.logging.LogRecord：讀取檔案
[Tue Nov 03 15:59:44 CST 2020] [INFO] class java.util.logging.LogRecord：讀取對比檔案
[Tue Nov 03 15:59:44 CST 2020] [INFO] class java.util.logging.LogRecord：無新增項目
[Tue Nov 03 15:59:44 CST 2020] [INFO] class java.util.logging.LogRecord：讀取檔案
[Tue Nov 03 15:59:54 CST 2020] [INFO] class java.util.logging.LogRecord：讀取對比檔案
[Tue Nov 03 15:59:54 CST 2020] [INFO] class java.util.logging.LogRecord：無新增項目
[Tue Nov 03 15:59:54 CST 2020] [INFO] class java.util.logging.LogRecord：讀取檔案
[Tue Nov 03 16:00:04 CST 2020] [INFO] class java.util.logging.LogRecord：讀取對比檔案
[Tue Nov 03 16:00:04 CST 2020] [INFO] class java.util.logging.LogRecord：無新增項目
[Tue Nov 03 16:00:04 CST 2020] [INFO] class java.util.logging.LogRecord：讀取檔案
[Tue Nov 03 16:00:14 CST 2020] [INFO] class java.util.logging.LogRecord：讀取對比檔案
[Tue Nov 03 16:00:14 CST 2020] [INFO] class java.util.logging.LogRecord：無新增項目
[Tue Nov 03 16:00:14 CST 2020] [INFO] class java.util.logging.LogRecord：讀取檔案
[Tue Nov 03 16:00:24 CST 2020] [INFO] class java.util.logging.LogRecord：讀取對比檔案
[Tue Nov 03 16:00:24 CST 2020] [INFO] class java.util.logging.LogRecord：無新增項目
[Tue Nov 03 16:00:24 CST 2020] [INFO] class java.util.logging.LogRecord：讀取檔案
[Tue Nov 03 16:00:34 CST 2020] [INFO] class java.util.logging.LogRecord：讀取對比檔案
[Tue Nov 03 16:00:34 CST 2020] [INFO] class java.util.logging.LogRecord：無新增項目
[Tue Nov 03 16:00:34 CST 2020] [INFO] class java.util.logging.LogRecord：讀取檔案
[Tue Nov 03 16:00:44 CST 2020] [INFO] class java.util.logging.LogRecord：讀取對比檔案
[Tue Nov 03 16:00:44 CST 2020] [INFO] class java.util.logging.LogRecord：無新增項目
[Tue Nov 03 16:00:44 CST 2020] [INFO] class java.util.logging.LogRecord：讀取檔案
[Tue Nov 03 16:00:54 CST 2020] [INFO] class java.util.logging.LogRecord：讀取對比檔案
[Tue Nov 03 16:00:54 CST 2020] [INFO] class java.util.logging.LogRecord：無新增項目
[Tue Nov 03 16:00:54 CST 2020] [INFO] class java.util.logging.LogRecord：讀取檔案
[Tue Nov 03 16:01:04 CST 2020] [INFO] class java.util.logging.LogRecord：讀取對比檔案
[Tue Nov 03 16:01:04 CST 2020] [INFO] class java.util.logging.LogRecord：新增：229f29cb-ffc2-4e57-a84f-824637adfe9f.tmp
[Tue Nov 03 16:01:04 CST 2020] [INFO] class java.util.logging.LogRecord：新增：254c59b4-5874-4559-a4b6-f7cf5708171b.tmp
[Tue Nov 03 16:01:04 CST 2020] [INFO] class java.util.logging.LogRecord：讀取檔案
[Tue Nov 03 16:01:14 CST 2020] [INFO] class java.util.logging.LogRecord：讀取對比檔案
[Tue Nov 03 16:01:14 CST 2020] [INFO] class java.util.logging.LogRecord：無新增項目
[Tue Nov 03 16:01:14 CST 2020] [INFO] class java.util.logging.LogRecord：讀取檔案
[Tue Nov 03 16:01:24 CST 2020] [INFO] class java.util.logging.LogRecord：讀取對比檔案
[Tue Nov 03 16:01:24 CST 2020] [INFO] class java.util.logging.LogRecord：無新增項目
[Tue Nov 03 16:01:24 CST 2020] [INFO] class java.util.logging.LogRecord：讀取檔案
[Tue Nov 03 16:01:34 CST 2020] [INFO] class java.util.logging.LogRecord：讀取對比檔案
[Tue Nov 03 16:01:34 CST 2020] [INFO] class java.util.logging.LogRecord：無新增項目
[Tue Nov 03 16:01:34 CST 2020] [INFO] class java.util.logging.LogRecord：讀取檔案
[Tue Nov 03 16:01:44 CST 2020] [INFO] class java.util.logging.LogRecord：讀取對比檔案
[Tue Nov 03 16:01:44 CST 2020] [INFO] class java.util.logging.LogRecord：無新增項目
[Tue Nov 03 16:01:44 CST 2020] [INFO] class java.util.logging.LogRecord：讀取檔案
[Tue Nov 03 16:01:54 CST 2020] [INFO] class java.util.logging.LogRecord：讀取對比檔案
[Tue Nov 03 16:01:54 CST 2020] [INFO] class java.util.logging.LogRecord：無新增項目
[Tue Nov 03 16:01:54 CST 2020] [INFO] class java.util.logging.LogRecord：讀取檔案
[Tue Nov 03 16:02:04 CST 2020] [INFO] class java.util.logging.LogRecord：讀取對比檔案
[Tue Nov 03 16:02:04 CST 2020] [INFO] class java.util.logging.LogRecord：無新增項目
[Tue Nov 03 16:02:04 CST 2020] [INFO] class java.util.logging.LogRecord：讀取檔案
[Tue Nov 03 16:02:14 CST 2020] [INFO] class java.util.logging.LogRecord：讀取對比檔案
[Tue Nov 03 16:02:14 CST 2020] [INFO] class java.util.logging.LogRecord：無新增項目
[Tue Nov 03 16:02:14 CST 2020] [INFO] class java.util.logging.LogRecord：讀取檔案
[Tue Nov 03 16:02:24 CST 2020] [INFO] class java.util.logging.LogRecord：讀取對比檔案
[Tue Nov 03 16:02:24 CST 2020] [INFO] class java.util.logging.LogRecord：無新增項目
[Tue Nov 03 16:02:24 CST 2020] [INFO] class java.util.logging.LogRecord：讀取檔案
[Tue Nov 03 16:02:34 CST 2020] [INFO] class java.util.logging.LogRecord：讀取對比檔案
[Tue Nov 03 16:02:34 CST 2020] [INFO] class java.util.logging.LogRecord：無新增項目
[Tue Nov 03 16:02:34 CST 2020] [INFO] class java.util.logging.LogRecord：讀取檔案
[Tue Nov 03 16:02:44 CST 2020] [INFO] class java.util.logging.LogRecord：讀取對比檔案
[Tue Nov 03 16:02:44 CST 2020] [INFO] class java.util.logging.LogRecord：無新增項目
[Tue Nov 03 16:02:44 CST 2020] [INFO] class java.util.logging.LogRecord：讀取檔案
[Tue Nov 03 16:02:54 CST 2020] [INFO] class java.util.logging.LogRecord：讀取對比檔案
[Tue Nov 03 16:02:54 CST 2020] [INFO] class java.util.logging.LogRecord：無新增項目
[Tue Nov 03 16:02:54 CST 2020] [INFO] class java.util.logging.LogRecord：讀取檔案
[Tue Nov 03 16:03:04 CST 2020] [INFO] class java.util.logging.LogRecord：讀取對比檔案
[Tue Nov 03 16:03:04 CST 2020] [INFO] class java.util.logging.LogRecord：無新增項目
[Tue Nov 03 16:03:04 CST 2020] [INFO] class java.util.logging.LogRecord：讀取檔案
[Tue Nov 03 16:03:14 CST 2020] [INFO] class java.util.logging.LogRecord：讀取對比檔案
[Tue Nov 03 16:03:14 CST 2020] [INFO] class java.util.logging.LogRecord：無新增項目
[Tue Nov 03 16:03:14 CST 2020] [INFO] class java.util.logging.LogRecord：讀取檔案
[Tue Nov 03 16:03:24 CST 2020] [INFO] class java.util.logging.LogRecord：讀取對比檔案
[Tue Nov 03 16:03:24 CST 2020] [INFO] class java.util.logging.LogRecord：無新增項目
[Tue Nov 03 16:03:24 CST 2020] [INFO] class java.util.logging.LogRecord：讀取檔案
[Tue Nov 03 16:03:34 CST 2020] [INFO] class java.util.logging.LogRecord：讀取對比檔案
[Tue Nov 03 16:03:34 CST 2020] [INFO] class java.util.logging.LogRecord：無新增項目
[Tue Nov 03 16:03:34 CST 2020] [INFO] class java.util.logging.LogRecord：讀取檔案
[Tue Nov 03 16:03:44 CST 2020] [INFO] class java.util.logging.LogRecord：讀取對比檔案
[Tue Nov 03 16:03:44 CST 2020] [INFO] class java.util.logging.LogRecord：無新增項目
[Tue Nov 03 16:03:44 CST 2020] [INFO] class java.util.logging.LogRecord：讀取檔案
[Tue Nov 03 16:03:54 CST 2020] [INFO] class java.util.logging.LogRecord：讀取對比檔案
[Tue Nov 03 16:03:54 CST 2020] [INFO] class java.util.logging.LogRecord：無新增項目
[Tue Nov 03 16:03:54 CST 2020] [INFO] class java.util.logging.LogRecord：讀取檔案
[Tue Nov 03 16:04:04 CST 2020] [INFO] class java.util.logging.LogRecord：讀取對比檔案
[Tue Nov 03 16:04:05 CST 2020] [INFO] class java.util.logging.LogRecord：無新增項目
[Tue Nov 03 16:04:05 CST 2020] [INFO] class java.util.logging.LogRecord：讀取檔案
[Tue Nov 03 16:04:15 CST 2020] [INFO] class java.util.logging.LogRecord：讀取對比檔案
[Tue Nov 03 16:04:15 CST 2020] [INFO] class java.util.logging.LogRecord：無新增項目
[Tue Nov 03 16:04:15 CST 2020] [INFO] class java.util.logging.LogRecord：讀取檔案
[Tue Nov 03 16:04:25 CST 2020] [INFO] class java.util.logging.LogRecord：讀取對比檔案
[Tue Nov 03 16:04:25 CST 2020] [INFO] class java.util.logging.LogRecord：無新增項目
[Tue Nov 03 16:04:25 CST 2020] [INFO] class java.util.logging.LogRecord：讀取檔案
[Tue Nov 03 16:04:35 CST 2020] [INFO] class java.util.logging.LogRecord：讀取對比檔案
[Tue Nov 03 16:04:35 CST 2020] [INFO] class java.util.logging.LogRecord：無新增項目
[Tue Nov 03 16:04:35 CST 2020] [INFO] class java.util.logging.LogRecord：讀取檔案
[Tue Nov 03 16:04:45 CST 2020] [INFO] class java.util.logging.LogRecord：讀取對比檔案
[Tue Nov 03 16:04:45 CST 2020] [INFO] class java.util.logging.LogRecord：無新增項目
[Tue Nov 03 16:04:45 CST 2020] [INFO] class java.util.logging.LogRecord：讀取檔案
[Tue Nov 03 16:04:55 CST 2020] [INFO] class java.util.logging.LogRecord：讀取對比檔案
[Tue Nov 03 16:04:55 CST 2020] [INFO] class java.util.logging.LogRecord：無新增項目
[Tue Nov 03 16:04:55 CST 2020] [INFO] class java.util.logging.LogRecord：讀取檔案
[Tue Nov 03 16:05:05 CST 2020] [INFO] class java.util.logging.LogRecord：讀取對比檔案
[Tue Nov 03 16:05:05 CST 2020] [INFO] class java.util.logging.LogRecord：無新增項目
[Tue Nov 03 16:05:05 CST 2020] [INFO] class java.util.logging.LogRecord：讀取檔案
[Tue Nov 03 16:05:15 CST 2020] [INFO] class java.util.logging.LogRecord：讀取對比檔案
[Tue Nov 03 16:05:15 CST 2020] [INFO] class java.util.logging.LogRecord：無新增項目
[Tue Nov 03 16:05:15 CST 2020] [INFO] class java.util.logging.LogRecord：讀取檔案
[Tue Nov 03 16:05:25 CST 2020] [INFO] class java.util.logging.LogRecord：讀取對比檔案
[Tue Nov 03 16:05:25 CST 2020] [INFO] class java.util.logging.LogRecord：無新增項目
[Tue Nov 03 16:05:25 CST 2020] [INFO] class java.util.logging.LogRecord：讀取檔案
[Tue Nov 03 16:05:35 CST 2020] [INFO] class java.util.logging.LogRecord：讀取對比檔案
[Tue Nov 03 16:05:35 CST 2020] [INFO] class java.util.logging.LogRecord：無新增項目
[Tue Nov 03 16:05:35 CST 2020] [INFO] class java.util.logging.LogRecord：讀取檔案
[Tue Nov 03 16:05:45 CST 2020] [INFO] class java.util.logging.LogRecord：讀取對比檔案
[Tue Nov 03 16:05:45 CST 2020] [INFO] class java.util.logging.LogRecord：無新增項目
[Tue Nov 03 16:05:45 CST 2020] [INFO] class java.util.logging.LogRecord：讀取檔案
[Tue Nov 03 16:05:55 CST 2020] [INFO] class java.util.logging.LogRecord：讀取對比檔案
[Tue Nov 03 16:05:55 CST 2020] [INFO] class java.util.logging.LogRecord：無新增項目
[Tue Nov 03 16:05:55 CST 2020] [INFO] class java.util.logging.LogRecord：讀取檔案
[Tue Nov 03 16:06:05 CST 2020] [INFO] class java.util.logging.LogRecord：讀取對比檔案
[Tue Nov 03 16:06:05 CST 2020] [INFO] class java.util.logging.LogRecord：新增：43a51c19-8131-400e-8a6a-dbcc6bad9015.tmp
[Tue Nov 03 16:06:05 CST 2020] [INFO] class java.util.logging.LogRecord：新增：b35e2250-7fc0-48f7-a48d-7c578b19f3c8.tmp
[Tue Nov 03 16:06:05 CST 2020] [INFO] class java.util.logging.LogRecord：讀取檔案
[Tue Nov 03 16:06:15 CST 2020] [INFO] class java.util.logging.LogRecord：讀取對比檔案
[Tue Nov 03 16:06:15 CST 2020] [INFO] class java.util.logging.LogRecord：無新增項目
[Tue Nov 03 16:06:15 CST 2020] [INFO] class java.util.logging.LogRecord：讀取檔案
[Tue Nov 03 16:06:25 CST 2020] [INFO] class java.util.logging.LogRecord：讀取對比檔案
[Tue Nov 03 16:06:25 CST 2020] [INFO] class java.util.logging.LogRecord：無新增項目
[Tue Nov 03 16:06:25 CST 2020] [INFO] class java.util.logging.LogRecord：讀取檔案
[Tue Nov 03 16:06:35 CST 2020] [INFO] class java.util.logging.LogRecord：讀取對比檔案
[Tue Nov 03 16:06:35 CST 2020] [INFO] class java.util.logging.LogRecord：無新增項目
[Tue Nov 03 16:06:35 CST 2020] [INFO] class java.util.logging.LogRecord：讀取檔案
[Tue Nov 03 16:06:45 CST 2020] [INFO] class java.util.logging.LogRecord：讀取對比檔案
[Tue Nov 03 16:06:45 CST 2020] [INFO] class java.util.logging.LogRecord：無新增項目
[Tue Nov 03 16:06:45 CST 2020] [INFO] class java.util.logging.LogRecord：讀取檔案
[Tue Nov 03 16:06:55 CST 2020] [INFO] class java.util.logging.LogRecord：讀取對比檔案
[Tue Nov 03 16:06:55 CST 2020] [INFO] class java.util.logging.LogRecord：無新增項目
[Tue Nov 03 16:06:55 CST 2020] [INFO] class java.util.logging.LogRecord：讀取檔案
[Tue Nov 03 16:07:05 CST 2020] [INFO] class java.util.logging.LogRecord：讀取對比檔案
[Tue Nov 03 16:07:05 CST 2020] [INFO] class java.util.logging.LogRecord：無新增項目
[Tue Nov 03 16:07:05 CST 2020] [INFO] class java.util.logging.LogRecord：讀取檔案
[Tue Nov 03 16:07:15 CST 2020] [INFO] class java.util.logging.LogRecord：讀取對比檔案
[Tue Nov 03 16:07:15 CST 2020] [INFO] class java.util.logging.LogRecord：無新增項目
[Tue Nov 03 16:07:15 CST 2020] [INFO] class java.util.logging.LogRecord：讀取檔案
[Tue Nov 03 16:07:25 CST 2020] [INFO] class java.util.logging.LogRecord：讀取對比檔案
[Tue Nov 03 16:07:25 CST 2020] [INFO] class java.util.logging.LogRecord：無新增項目
[Tue Nov 03 16:07:25 CST 2020] [INFO] class java.util.logging.LogRecord：讀取檔案
[Tue Nov 03 16:07:35 CST 2020] [INFO] class java.util.logging.LogRecord：讀取對比檔案
[Tue Nov 03 16:07:35 CST 2020] [INFO] class java.util.logging.LogRecord：無新增項目
[Tue Nov 03 16:07:35 CST 2020] [INFO] class java.util.logging.LogRecord：讀取檔案
[Tue Nov 03 16:07:45 CST 2020] [INFO] class java.util.logging.LogRecord：讀取對比檔案
[Tue Nov 03 16:07:45 CST 2020] [INFO] class java.util.logging.LogRecord：無新增項目
[Tue Nov 03 16:07:45 CST 2020] [INFO] class java.util.logging.LogRecord：讀取檔案
[Tue Nov 03 16:07:55 CST 2020] [INFO] class java.util.logging.LogRecord：讀取對比檔案
[Tue Nov 03 16:07:55 CST 2020] [INFO] class java.util.logging.LogRecord：無新增項目
[Tue Nov 03 16:07:55 CST 2020] [INFO] class java.util.logging.LogRecord：讀取檔案
[Tue Nov 03 16:08:05 CST 2020] [INFO] class java.util.logging.LogRecord：讀取對比檔案
[Tue Nov 03 16:08:05 CST 2020] [INFO] class java.util.logging.LogRecord：無新增項目
[Tue Nov 03 16:08:05 CST 2020] [INFO] class java.util.logging.LogRecord：讀取檔案
[Tue Nov 03 16:08:15 CST 2020] [INFO] class java.util.logging.LogRecord：讀取對比檔案
[Tue Nov 03 16:08:15 CST 2020] [INFO] class java.util.logging.LogRecord：無新增項目
[Tue Nov 03 16:08:15 CST 2020] [INFO] class java.util.logging.LogRecord：讀取檔案
[Tue Nov 03 16:08:25 CST 2020] [INFO] class java.util.logging.LogRecord：讀取對比檔案
[Tue Nov 03 16:08:25 CST 2020] [INFO] class java.util.logging.LogRecord：無新增項目
[Tue Nov 03 16:08:25 CST 2020] [INFO] class java.util.logging.LogRecord：讀取檔案
[Tue Nov 03 16:08:35 CST 2020] [INFO] class java.util.logging.LogRecord：讀取對比檔案
[Tue Nov 03 16:08:35 CST 2020] [INFO] class java.util.logging.LogRecord：無新增項目
[Tue Nov 03 16:08:35 CST 2020] [INFO] class java.util.logging.LogRecord：讀取檔案
[Tue Nov 03 16:08:45 CST 2020] [INFO] class java.util.logging.LogRecord：讀取對比檔案
[Tue Nov 03 16:08:45 CST 2020] [INFO] class java.util.logging.LogRecord：無新增項目
[Tue Nov 03 16:08:45 CST 2020] [INFO] class java.util.logging.LogRecord：讀取檔案
[Tue Nov 03 16:08:55 CST 2020] [INFO] class java.util.logging.LogRecord：讀取對比檔案
[Tue Nov 03 16:08:55 CST 2020] [INFO] class java.util.logging.LogRecord：無新增項目
[Tue Nov 03 16:08:55 CST 2020] [INFO] class java.util.logging.LogRecord：讀取檔案
[Tue Nov 03 16:09:05 CST 2020] [INFO] class java.util.logging.LogRecord：讀取對比檔案
[Tue Nov 03 16:09:05 CST 2020] [INFO] class java.util.logging.LogRecord：無新增項目
[Tue Nov 03 16:09:05 CST 2020] [INFO] class java.util.logging.LogRecord：讀取檔案
[Tue Nov 03 16:09:15 CST 2020] [INFO] class java.util.logging.LogRecord：讀取對比檔案
[Tue Nov 03 16:09:15 CST 2020] [INFO] class java.util.logging.LogRecord：無新增項目
[Tue Nov 03 16:09:15 CST 2020] [INFO] class java.util.logging.LogRecord：讀取檔案
[Tue Nov 03 16:09:25 CST 2020] [INFO] class java.util.logging.LogRecord：讀取對比檔案
[Tue Nov 03 16:09:25 CST 2020] [INFO] class java.util.logging.LogRecord：無新增項目
[Tue Nov 03 16:09:25 CST 2020] [INFO] class java.util.logging.LogRecord：讀取檔案
[Tue Nov 03 16:09:35 CST 2020] [INFO] class java.util.logging.LogRecord：讀取對比檔案
[Tue Nov 03 16:09:35 CST 2020] [INFO] class java.util.logging.LogRecord：無新增項目
[Tue Nov 03 16:09:35 CST 2020] [INFO] class java.util.logging.LogRecord：讀取檔案
[Tue Nov 03 16:09:45 CST 2020] [INFO] class java.util.logging.LogRecord：讀取對比檔案
[Tue Nov 03 16:09:45 CST 2020] [INFO] class java.util.logging.LogRecord：無新增項目
[Tue Nov 03 16:09:45 CST 2020] [INFO] class java.util.logging.LogRecord：讀取檔案
[Tue Nov 03 16:09:55 CST 2020] [INFO] class java.util.logging.LogRecord：讀取對比檔案
[Tue Nov 03 16:09:55 CST 2020] [INFO] class java.util.logging.LogRecord：無新增項目
[Tue Nov 03 16:09:55 CST 2020] [INFO] class java.util.logging.LogRecord：讀取檔案
[Tue Nov 03 16:10:05 CST 2020] [INFO] class java.util.logging.LogRecord：讀取對比檔案
[Tue Nov 03 16:10:05 CST 2020] [INFO] class java.util.logging.LogRecord：無新增項目
[Tue Nov 03 16:10:05 CST 2020] [INFO] class java.util.logging.LogRecord：讀取檔案
[Tue Nov 03 16:10:15 CST 2020] [INFO] class java.util.logging.LogRecord：讀取對比檔案
[Tue Nov 03 16:10:15 CST 2020] [INFO] class java.util.logging.LogRecord：無新增項目
[Tue Nov 03 16:10:15 CST 2020] [INFO] class java.util.logging.LogRecord：讀取檔案
[Tue Nov 03 16:10:25 CST 2020] [INFO] class java.util.logging.LogRecord：讀取對比檔案
[Tue Nov 03 16:10:25 CST 2020] [INFO] class java.util.logging.LogRecord：無新增項目
[Tue Nov 03 16:10:25 CST 2020] [INFO] class java.util.logging.LogRecord：讀取檔案
[Tue Nov 03 16:10:35 CST 2020] [INFO] class java.util.logging.LogRecord：讀取對比檔案
[Tue Nov 03 16:10:35 CST 2020] [INFO] class java.util.logging.LogRecord：無新增項目
[Tue Nov 03 16:10:35 CST 2020] [INFO] class java.util.logging.LogRecord：讀取檔案
[Tue Nov 03 16:10:45 CST 2020] [INFO] class java.util.logging.LogRecord：讀取對比檔案
[Tue Nov 03 16:10:45 CST 2020] [INFO] class java.util.logging.LogRecord：無新增項目
[Tue Nov 03 16:10:45 CST 2020] [INFO] class java.util.logging.LogRecord：讀取檔案
[Tue Nov 03 16:10:55 CST 2020] [INFO] class java.util.logging.LogRecord：讀取對比檔案
[Tue Nov 03 16:10:55 CST 2020] [INFO] class java.util.logging.LogRecord：無新增項目
[Tue Nov 03 16:10:55 CST 2020] [INFO] class java.util.logging.LogRecord：讀取檔案
[Tue Nov 03 16:11:05 CST 2020] [INFO] class java.util.logging.LogRecord：讀取對比檔案
[Tue Nov 03 16:11:05 CST 2020] [INFO] class java.util.logging.LogRecord：新增：0e0b54b1-23ff-40c1-9699-18fa5f04bc97.tmp
[Tue Nov 03 16:11:05 CST 2020] [INFO] class java.util.logging.LogRecord：新增：9e85c879-1a2c-4f7d-a962-b4fd97b7d62f.tmp
[Tue Nov 03 16:11:05 CST 2020] [INFO] class java.util.logging.LogRecord：讀取檔案
[Tue Nov 03 16:11:15 CST 2020] [INFO] class java.util.logging.LogRecord：讀取對比檔案
[Tue Nov 03 16:11:15 CST 2020] [INFO] class java.util.logging.LogRecord：無新增項目
[Tue Nov 03 16:11:15 CST 2020] [INFO] class java.util.logging.LogRecord：讀取檔案
[Tue Nov 03 16:11:25 CST 2020] [INFO] class java.util.logging.LogRecord：讀取對比檔案
[Tue Nov 03 16:11:25 CST 2020] [INFO] class java.util.logging.LogRecord：無新增項目
[Tue Nov 03 16:11:25 CST 2020] [INFO] class java.util.logging.LogRecord：讀取檔案
[Tue Nov 03 16:11:35 CST 2020] [INFO] class java.util.logging.LogRecord：讀取對比檔案
[Tue Nov 03 16:11:35 CST 2020] [INFO] class java.util.logging.LogRecord：無新增項目
[Tue Nov 03 16:11:35 CST 2020] [INFO] class java.util.logging.LogRecord：讀取檔案
[Tue Nov 03 16:11:45 CST 2020] [INFO] class java.util.logging.LogRecord：讀取對比檔案
[Tue Nov 03 16:11:45 CST 2020] [INFO] class java.util.logging.LogRecord：無新增項目
[Tue Nov 03 16:11:45 CST 2020] [INFO] class java.util.logging.LogRecord：讀取檔案
[Tue Nov 03 16:11:55 CST 2020] [INFO] class java.util.logging.LogRecord：讀取對比檔案
[Tue Nov 03 16:11:55 CST 2020] [INFO] class java.util.logging.LogRecord：無新增項目
[Tue Nov 03 16:11:55 CST 2020] [INFO] class java.util.logging.LogRecord：讀取檔案
[Tue Nov 03 16:12:05 CST 2020] [INFO] class java.util.logging.LogRecord：讀取對比檔案
[Tue Nov 03 16:12:05 CST 2020] [INFO] class java.util.logging.LogRecord：無新增項目
[Tue Nov 03 16:12:05 CST 2020] [INFO] class java.util.logging.LogRecord：讀取檔案
[Tue Nov 03 16:12:15 CST 2020] [INFO] class java.util.logging.LogRecord：讀取對比檔案
[Tue Nov 03 16:12:15 CST 2020] [INFO] class java.util.logging.LogRecord：無新增項目
[Tue Nov 03 16:12:15 CST 2020] [INFO] class java.util.logging.LogRecord：讀取檔案
[Tue Nov 03 16:12:25 CST 2020] [INFO] class java.util.logging.LogRecord：讀取對比檔案
[Tue Nov 03 16:12:25 CST 2020] [INFO] class java.util.logging.LogRecord：無新增項目
[Tue Nov 03 16:12:25 CST 2020] [INFO] class java.util.logging.LogRecord：讀取檔案
[Tue Nov 03 16:12:35 CST 2020] [INFO] class java.util.logging.LogRecord：讀取對比檔案
[Tue Nov 03 16:12:35 CST 2020] [INFO] class java.util.logging.LogRecord：無新增項目
[Tue Nov 03 16:12:35 CST 2020] [INFO] class java.util.logging.LogRecord：讀取檔案
[Tue Nov 03 16:12:45 CST 2020] [INFO] class java.util.logging.LogRecord：讀取對比檔案
[Tue Nov 03 16:12:45 CST 2020] [INFO] class java.util.logging.LogRecord：無新增項目
[Tue Nov 03 16:12:45 CST 2020] [INFO] class java.util.logging.LogRecord：讀取檔案
[Tue Nov 03 16:12:55 CST 2020] [INFO] class java.util.logging.LogRecord：讀取對比檔案
[Tue Nov 03 16:12:55 CST 2020] [INFO] class java.util.logging.LogRecord：無新增項目
[Tue Nov 03 16:12:55 CST 2020] [INFO] class java.util.logging.LogRecord：讀取檔案
[Tue Nov 03 16:13:05 CST 2020] [INFO] class java.util.logging.LogRecord：讀取對比檔案
[Tue Nov 03 16:13:05 CST 2020] [INFO] class java.util.logging.LogRecord：無新增項目
[Tue Nov 03 16:13:05 CST 2020] [INFO] class java.util.logging.LogRecord：讀取檔案
[Tue Nov 03 16:13:15 CST 2020] [INFO] class java.util.logging.LogRecord：讀取對比檔案
[Tue Nov 03 16:13:15 CST 2020] [INFO] class java.util.logging.LogRecord：無新增項目
[Tue Nov 03 16:13:15 CST 2020] [INFO] class java.util.logging.LogRecord：讀取檔案
[Tue Nov 03 16:13:25 CST 2020] [INFO] class java.util.logging.LogRecord：讀取對比檔案
[Tue Nov 03 16:13:25 CST 2020] [INFO] class java.util.logging.LogRecord：無新增項目
[Tue Nov 03 16:13:25 CST 2020] [INFO] class java.util.logging.LogRecord：讀取檔案
[Tue Nov 03 16:13:35 CST 2020] [INFO] class java.util.logging.LogRecord：讀取對比檔案
[Tue Nov 03 16:13:35 CST 2020] [INFO] class java.util.logging.LogRecord：新增：PKM111F.tmp
[Tue Nov 03 16:13:36 CST 2020] [INFO] class java.util.logging.LogRecord：刪除：PKM111F.tmp
[Tue Nov 03 16:13:37 CST 2020] [INFO] class java.util.logging.LogRecord：刪除：PKM111F.tmp
[Tue Nov 03 16:13:38 CST 2020] [INFO] class java.util.logging.LogRecord：刪除：PKM111F.tmp
[Tue Nov 03 16:13:40 CST 2020] [INFO] class java.util.logging.LogRecord：刪除：PKM111F.tmp
[Tue Nov 03 16:13:41 CST 2020] [INFO] class java.util.logging.LogRecord：刪除：PKM111F.tmp
[Tue Nov 03 16:13:42 CST 2020] [INFO] class java.util.logging.LogRecord：刪除：PKM111F.tmp
[Tue Nov 03 16:13:43 CST 2020] [INFO] class java.util.logging.LogRecord：刪除：PKM111F.tmp
[Tue Nov 03 16:13:46 CST 2020] [INFO] class java.util.logging.LogRecord：刪除：PKM111F.tmp
[Tue Nov 03 16:13:47 CST 2020] [INFO] class java.util.logging.LogRecord：刪除：PKM111F.tmp
[Tue Nov 03 16:13:49 CST 2020] [INFO] class java.util.logging.LogRecord：刪除：PKM111F.tmp
[Tue Nov 03 16:13:51 CST 2020] [INFO] class java.util.logging.LogRecord：刪除：PKM111F.tmp
[Tue Nov 03 16:13:53 CST 2020] [INFO] class java.util.logging.LogRecord：刪除：PKM111F.tmp
[Tue Nov 03 16:13:55 CST 2020] [INFO] class java.util.logging.LogRecord：刪除：PKM111F.tmp
[Tue Nov 03 16:13:57 CST 2020] [INFO] class java.util.logging.LogRecord：刪除：PKM111F.tmp
[Tue Nov 03 16:13:59 CST 2020] [INFO] class java.util.logging.LogRecord：刪除：PKM111F.tmp
[Tue Nov 03 16:14:01 CST 2020] [INFO] class java.util.logging.LogRecord：刪除：PKM111F.tmp
[Tue Nov 03 16:14:03 CST 2020] [INFO] class java.util.logging.LogRecord：刪除：PKM111F.tmp
[Tue Nov 03 16:14:05 CST 2020] [INFO] class java.util.logging.LogRecord：刪除：PKM111F.tmp
[Tue Nov 03 16:14:07 CST 2020] [INFO] class java.util.logging.LogRecord：刪除：PKM111F.tmp
[Tue Nov 03 16:14:08 CST 2020] [INFO] class java.util.logging.LogRecord：讀取檔案
[Tue Nov 03 16:14:18 CST 2020] [INFO] class java.util.logging.LogRecord：讀取對比檔案
[Tue Nov 03 16:14:18 CST 2020] [INFO] class java.util.logging.LogRecord：無新增項目
[Tue Nov 03 16:14:18 CST 2020] [INFO] class java.util.logging.LogRecord：讀取檔案
[Tue Nov 03 16:14:28 CST 2020] [INFO] class java.util.logging.LogRecord：讀取對比檔案
[Tue Nov 03 16:14:28 CST 2020] [INFO] class java.util.logging.LogRecord：無新增項目
[Tue Nov 03 16:14:28 CST 2020] [INFO] class java.util.logging.LogRecord：讀取檔案
[Tue Nov 03 16:14:38 CST 2020] [INFO] class java.util.logging.LogRecord：讀取對比檔案
[Tue Nov 03 16:14:38 CST 2020] [INFO] class java.util.logging.LogRecord：無新增項目
[Tue Nov 03 16:14:38 CST 2020] [INFO] class java.util.logging.LogRecord：讀取檔案
[Tue Nov 03 16:14:48 CST 2020] [INFO] class java.util.logging.LogRecord：讀取對比檔案
[Tue Nov 03 16:14:48 CST 2020] [INFO] class java.util.logging.LogRecord：新增：dluaelkj.jxm
[Tue Nov 03 16:14:48 CST 2020] [INFO] class java.util.logging.LogRecord：讀取檔案
[Tue Nov 03 16:14:58 CST 2020] [INFO] class java.util.logging.LogRecord：讀取對比檔案
[Tue Nov 03 16:14:58 CST 2020] [INFO] class java.util.logging.LogRecord：無新增項目
[Tue Nov 03 16:14:58 CST 2020] [INFO] class java.util.logging.LogRecord：讀取檔案
[Tue Nov 03 16:15:08 CST 2020] [INFO] class java.util.logging.LogRecord：讀取對比檔案
[Tue Nov 03 16:15:08 CST 2020] [INFO] class java.util.logging.LogRecord：新增：WER83EB.tmp.WERDataCollectionStatus.txt
[Tue Nov 03 16:15:08 CST 2020] [INFO] class java.util.logging.LogRecord：讀取檔案
