[Mon Nov 02 00:53:41 CST 2020] [INFO] class java.util.logging.LogRecord：讀取檔案
[Mon Nov 02 00:53:51 CST 2020] [INFO] class java.util.logging.LogRecord：讀取對比檔案
[Mon Nov 02 00:53:51 CST 2020] [INFO] class java.util.logging.LogRecord：無新增項目
[Mon Nov 02 00:53:51 CST 2020] [INFO] class java.util.logging.LogRecord：讀取檔案
[Mon Nov 02 00:54:01 CST 2020] [INFO] class java.util.logging.LogRecord：讀取對比檔案
[Mon Nov 02 00:54:01 CST 2020] [INFO] class java.util.logging.LogRecord：無新增項目
[Mon Nov 02 00:54:01 CST 2020] [INFO] class java.util.logging.LogRecord：讀取檔案
[Mon Nov 02 00:54:11 CST 2020] [INFO] class java.util.logging.LogRecord：讀取對比檔案
[Mon Nov 02 00:54:11 CST 2020] [INFO] class java.util.logging.LogRecord：無新增項目
[Mon Nov 02 00:54:12 CST 2020] [INFO] class java.util.logging.LogRecord：讀取檔案
[Mon Nov 02 00:54:22 CST 2020] [INFO] class java.util.logging.LogRecord：讀取對比檔案
[Mon Nov 02 00:54:22 CST 2020] [INFO] class java.util.logging.LogRecord：無新增項目
[Mon Nov 02 00:54:22 CST 2020] [INFO] class java.util.logging.LogRecord：讀取檔案
[Mon Nov 02 00:54:32 CST 2020] [INFO] class java.util.logging.LogRecord：讀取對比檔案
[Mon Nov 02 00:54:32 CST 2020] [INFO] class java.util.logging.LogRecord：無新增項目
[Mon Nov 02 00:54:32 CST 2020] [INFO] class java.util.logging.LogRecord：讀取檔案
[Mon Nov 02 00:54:42 CST 2020] [INFO] class java.util.logging.LogRecord：讀取對比檔案
[Mon Nov 02 00:54:42 CST 2020] [INFO] class java.util.logging.LogRecord：無新增項目
[Mon Nov 02 00:54:42 CST 2020] [INFO] class java.util.logging.LogRecord：讀取檔案
[Mon Nov 02 00:54:52 CST 2020] [INFO] class java.util.logging.LogRecord：讀取對比檔案
[Mon Nov 02 00:54:52 CST 2020] [INFO] class java.util.logging.LogRecord：無新增項目
[Mon Nov 02 00:54:52 CST 2020] [INFO] class java.util.logging.LogRecord：讀取檔案
[Mon Nov 02 00:55:02 CST 2020] [INFO] class java.util.logging.LogRecord：讀取對比檔案
[Mon Nov 02 00:55:02 CST 2020] [INFO] class java.util.logging.LogRecord：無新增項目
[Mon Nov 02 00:55:02 CST 2020] [INFO] class java.util.logging.LogRecord：讀取檔案
[Mon Nov 02 00:55:12 CST 2020] [INFO] class java.util.logging.LogRecord：讀取對比檔案
[Mon Nov 02 00:55:12 CST 2020] [INFO] class java.util.logging.LogRecord：無新增項目
[Mon Nov 02 00:55:12 CST 2020] [INFO] class java.util.logging.LogRecord：讀取檔案
[Mon Nov 02 00:55:22 CST 2020] [INFO] class java.util.logging.LogRecord：讀取對比檔案
[Mon Nov 02 00:55:22 CST 2020] [INFO] class java.util.logging.LogRecord：無新增項目
[Mon Nov 02 00:55:22 CST 2020] [INFO] class java.util.logging.LogRecord：讀取檔案
[Mon Nov 02 00:55:32 CST 2020] [INFO] class java.util.logging.LogRecord：讀取對比檔案
[Mon Nov 02 00:55:32 CST 2020] [INFO] class java.util.logging.LogRecord：無新增項目
[Mon Nov 02 00:55:32 CST 2020] [INFO] class java.util.logging.LogRecord：讀取檔案
[Mon Nov 02 00:55:42 CST 2020] [INFO] class java.util.logging.LogRecord：讀取對比檔案
[Mon Nov 02 00:55:42 CST 2020] [INFO] class java.util.logging.LogRecord：無新增項目
[Mon Nov 02 00:55:42 CST 2020] [INFO] class java.util.logging.LogRecord：讀取檔案
[Mon Nov 02 00:55:52 CST 2020] [INFO] class java.util.logging.LogRecord：讀取對比檔案
[Mon Nov 02 00:55:52 CST 2020] [INFO] class java.util.logging.LogRecord：無新增項目
[Mon Nov 02 00:55:52 CST 2020] [INFO] class java.util.logging.LogRecord：讀取檔案
[Mon Nov 02 00:56:02 CST 2020] [INFO] class java.util.logging.LogRecord：讀取對比檔案
[Mon Nov 02 00:56:02 CST 2020] [INFO] class java.util.logging.LogRecord：新增：3d122a15-c216-4abc-b0b3-98926144c4e1.tmp
[Mon Nov 02 00:56:02 CST 2020] [INFO] class java.util.logging.LogRecord：新增：bf8fe7e7-b080-4560-8330-6ebe78d826a0.tmp
[Mon Nov 02 00:56:02 CST 2020] [INFO] class java.util.logging.LogRecord：讀取檔案
[Mon Nov 02 00:56:12 CST 2020] [INFO] class java.util.logging.LogRecord：讀取對比檔案
[Mon Nov 02 00:56:12 CST 2020] [INFO] class java.util.logging.LogRecord：無新增項目
[Mon Nov 02 00:56:12 CST 2020] [INFO] class java.util.logging.LogRecord：讀取檔案
[Mon Nov 02 00:56:22 CST 2020] [INFO] class java.util.logging.LogRecord：讀取對比檔案
[Mon Nov 02 00:56:22 CST 2020] [INFO] class java.util.logging.LogRecord：無新增項目
[Mon Nov 02 00:56:22 CST 2020] [INFO] class java.util.logging.LogRecord：讀取檔案
[Mon Nov 02 00:56:32 CST 2020] [INFO] class java.util.logging.LogRecord：讀取對比檔案
[Mon Nov 02 00:56:32 CST 2020] [INFO] class java.util.logging.LogRecord：新增：0fac40fd-d323-4f86-b63a-de70881d3786.tmp
[Mon Nov 02 00:56:32 CST 2020] [INFO] class java.util.logging.LogRecord：讀取檔案
[Mon Nov 02 00:56:42 CST 2020] [INFO] class java.util.logging.LogRecord：讀取對比檔案
[Mon Nov 02 00:56:42 CST 2020] [INFO] class java.util.logging.LogRecord：無新增項目
[Mon Nov 02 00:56:42 CST 2020] [INFO] class java.util.logging.LogRecord：讀取檔案
[Mon Nov 02 00:56:52 CST 2020] [INFO] class java.util.logging.LogRecord：讀取對比檔案
[Mon Nov 02 00:56:52 CST 2020] [INFO] class java.util.logging.LogRecord：無新增項目
[Mon Nov 02 00:56:52 CST 2020] [INFO] class java.util.logging.LogRecord：讀取檔案
[Mon Nov 02 00:57:02 CST 2020] [INFO] class java.util.logging.LogRecord：讀取對比檔案
[Mon Nov 02 00:57:02 CST 2020] [INFO] class java.util.logging.LogRecord：無新增項目
[Mon Nov 02 00:57:02 CST 2020] [INFO] class java.util.logging.LogRecord：讀取檔案
[Mon Nov 02 00:57:12 CST 2020] [INFO] class java.util.logging.LogRecord：讀取對比檔案
[Mon Nov 02 00:57:12 CST 2020] [INFO] class java.util.logging.LogRecord：無新增項目
[Mon Nov 02 00:57:12 CST 2020] [INFO] class java.util.logging.LogRecord：讀取檔案
[Mon Nov 02 00:57:22 CST 2020] [INFO] class java.util.logging.LogRecord：讀取對比檔案
[Mon Nov 02 00:57:22 CST 2020] [INFO] class java.util.logging.LogRecord：無新增項目
[Mon Nov 02 00:57:22 CST 2020] [INFO] class java.util.logging.LogRecord：讀取檔案
[Mon Nov 02 00:57:32 CST 2020] [INFO] class java.util.logging.LogRecord：讀取對比檔案
[Mon Nov 02 00:57:32 CST 2020] [INFO] class java.util.logging.LogRecord：無新增項目
[Mon Nov 02 00:57:32 CST 2020] [INFO] class java.util.logging.LogRecord：讀取檔案
[Mon Nov 02 00:57:42 CST 2020] [INFO] class java.util.logging.LogRecord：讀取對比檔案
[Mon Nov 02 00:57:42 CST 2020] [INFO] class java.util.logging.LogRecord：無新增項目
[Mon Nov 02 00:57:42 CST 2020] [INFO] class java.util.logging.LogRecord：讀取檔案
[Mon Nov 02 00:57:52 CST 2020] [INFO] class java.util.logging.LogRecord：讀取對比檔案
[Mon Nov 02 00:57:52 CST 2020] [INFO] class java.util.logging.LogRecord：無新增項目
[Mon Nov 02 00:57:52 CST 2020] [INFO] class java.util.logging.LogRecord：讀取檔案
[Mon Nov 02 00:58:02 CST 2020] [INFO] class java.util.logging.LogRecord：讀取對比檔案
[Mon Nov 02 00:58:02 CST 2020] [INFO] class java.util.logging.LogRecord：無新增項目
[Mon Nov 02 00:58:02 CST 2020] [INFO] class java.util.logging.LogRecord：讀取檔案
[Mon Nov 02 00:58:12 CST 2020] [INFO] class java.util.logging.LogRecord：讀取對比檔案
[Mon Nov 02 00:58:12 CST 2020] [INFO] class java.util.logging.LogRecord：無新增項目
[Mon Nov 02 00:58:12 CST 2020] [INFO] class java.util.logging.LogRecord：讀取檔案
[Mon Nov 02 00:58:22 CST 2020] [INFO] class java.util.logging.LogRecord：讀取對比檔案
[Mon Nov 02 00:58:22 CST 2020] [INFO] class java.util.logging.LogRecord：新增：dd3072b4-6735-4649-84b9-824d3c74a22a.tmp
[Mon Nov 02 00:58:22 CST 2020] [INFO] class java.util.logging.LogRecord：讀取檔案
[Mon Nov 02 00:58:32 CST 2020] [INFO] class java.util.logging.LogRecord：讀取對比檔案
[Mon Nov 02 00:58:32 CST 2020] [INFO] class java.util.logging.LogRecord：無新增項目
[Mon Nov 02 00:58:32 CST 2020] [INFO] class java.util.logging.LogRecord：讀取檔案
[Mon Nov 02 00:58:42 CST 2020] [INFO] class java.util.logging.LogRecord：讀取對比檔案
[Mon Nov 02 00:58:42 CST 2020] [INFO] class java.util.logging.LogRecord：新增：7c839f63-df10-45b4-98a5-2ae6f7437703.tmp
[Mon Nov 02 00:58:42 CST 2020] [INFO] class java.util.logging.LogRecord：讀取檔案
[Mon Nov 02 00:58:52 CST 2020] [INFO] class java.util.logging.LogRecord：讀取對比檔案
[Mon Nov 02 00:58:52 CST 2020] [INFO] class java.util.logging.LogRecord：無新增項目
[Mon Nov 02 00:58:52 CST 2020] [INFO] class java.util.logging.LogRecord：讀取檔案
[Mon Nov 02 00:59:02 CST 2020] [INFO] class java.util.logging.LogRecord：讀取對比檔案
[Mon Nov 02 00:59:02 CST 2020] [INFO] class java.util.logging.LogRecord：無新增項目
[Mon Nov 02 00:59:02 CST 2020] [INFO] class java.util.logging.LogRecord：讀取檔案
[Mon Nov 02 00:59:12 CST 2020] [INFO] class java.util.logging.LogRecord：讀取對比檔案
[Mon Nov 02 00:59:12 CST 2020] [INFO] class java.util.logging.LogRecord：新增：507ad9b2-4ed2-4c35-9fb0-6a8a9f4af2f2.tmp
[Mon Nov 02 00:59:12 CST 2020] [INFO] class java.util.logging.LogRecord：讀取檔案
[Mon Nov 02 00:59:22 CST 2020] [INFO] class java.util.logging.LogRecord：讀取對比檔案
[Mon Nov 02 00:59:22 CST 2020] [INFO] class java.util.logging.LogRecord：無新增項目
[Mon Nov 02 00:59:22 CST 2020] [INFO] class java.util.logging.LogRecord：讀取檔案
[Mon Nov 02 00:59:32 CST 2020] [INFO] class java.util.logging.LogRecord：讀取對比檔案
[Mon Nov 02 00:59:32 CST 2020] [INFO] class java.util.logging.LogRecord：無新增項目
[Mon Nov 02 00:59:32 CST 2020] [INFO] class java.util.logging.LogRecord：讀取檔案
[Mon Nov 02 00:59:42 CST 2020] [INFO] class java.util.logging.LogRecord：讀取對比檔案
[Mon Nov 02 00:59:42 CST 2020] [INFO] class java.util.logging.LogRecord：無新增項目
[Mon Nov 02 00:59:42 CST 2020] [INFO] class java.util.logging.LogRecord：讀取檔案
[Mon Nov 02 00:59:52 CST 2020] [INFO] class java.util.logging.LogRecord：讀取對比檔案
[Mon Nov 02 00:59:52 CST 2020] [INFO] class java.util.logging.LogRecord：無新增項目
[Mon Nov 02 00:59:52 CST 2020] [INFO] class java.util.logging.LogRecord：讀取檔案
[Mon Nov 02 01:00:02 CST 2020] [INFO] class java.util.logging.LogRecord：讀取對比檔案
[Mon Nov 02 01:00:02 CST 2020] [INFO] class java.util.logging.LogRecord：無新增項目
[Mon Nov 02 01:00:02 CST 2020] [INFO] class java.util.logging.LogRecord：讀取檔案
[Mon Nov 02 01:00:12 CST 2020] [INFO] class java.util.logging.LogRecord：讀取對比檔案
[Mon Nov 02 01:00:12 CST 2020] [INFO] class java.util.logging.LogRecord：無新增項目
[Mon Nov 02 01:00:12 CST 2020] [INFO] class java.util.logging.LogRecord：讀取檔案
[Mon Nov 02 01:00:22 CST 2020] [INFO] class java.util.logging.LogRecord：讀取對比檔案
[Mon Nov 02 01:00:22 CST 2020] [INFO] class java.util.logging.LogRecord：無新增項目
[Mon Nov 02 01:00:22 CST 2020] [INFO] class java.util.logging.LogRecord：讀取檔案
[Mon Nov 02 01:00:32 CST 2020] [INFO] class java.util.logging.LogRecord：讀取對比檔案
[Mon Nov 02 01:00:32 CST 2020] [INFO] class java.util.logging.LogRecord：新增：224370c3-025f-4be5-a222-3d1f1c02fd2e.tmp
[Mon Nov 02 01:00:32 CST 2020] [INFO] class java.util.logging.LogRecord：新增：9018cfee-f306-4d2d-9b09-dc50595dc0f5.tmp
[Mon Nov 02 01:00:32 CST 2020] [INFO] class java.util.logging.LogRecord：讀取檔案
[Mon Nov 02 01:00:42 CST 2020] [INFO] class java.util.logging.LogRecord：讀取對比檔案
[Mon Nov 02 01:00:42 CST 2020] [INFO] class java.util.logging.LogRecord：無新增項目
[Mon Nov 02 01:00:42 CST 2020] [INFO] class java.util.logging.LogRecord：讀取檔案
[Mon Nov 02 01:00:52 CST 2020] [INFO] class java.util.logging.LogRecord：讀取對比檔案
[Mon Nov 02 01:00:52 CST 2020] [INFO] class java.util.logging.LogRecord：無新增項目
[Mon Nov 02 01:00:52 CST 2020] [INFO] class java.util.logging.LogRecord：讀取檔案
[Mon Nov 02 01:01:02 CST 2020] [INFO] class java.util.logging.LogRecord：讀取對比檔案
[Mon Nov 02 01:01:02 CST 2020] [INFO] class java.util.logging.LogRecord：新增：11097626-abcc-4a79-81ee-b21523c4b059.tmp
[Mon Nov 02 01:01:02 CST 2020] [INFO] class java.util.logging.LogRecord：新增：569ba05e-4e96-4a03-8734-3cce66f9fb02.tmp
[Mon Nov 02 01:01:02 CST 2020] [INFO] class java.util.logging.LogRecord：讀取檔案
[Mon Nov 02 01:01:12 CST 2020] [INFO] class java.util.logging.LogRecord：讀取對比檔案
[Mon Nov 02 01:01:12 CST 2020] [INFO] class java.util.logging.LogRecord：無新增項目
[Mon Nov 02 01:01:12 CST 2020] [INFO] class java.util.logging.LogRecord：讀取檔案
[Mon Nov 02 01:01:22 CST 2020] [INFO] class java.util.logging.LogRecord：讀取對比檔案
[Mon Nov 02 01:01:22 CST 2020] [INFO] class java.util.logging.LogRecord：無新增項目
[Mon Nov 02 01:01:22 CST 2020] [INFO] class java.util.logging.LogRecord：讀取檔案
[Mon Nov 02 01:01:32 CST 2020] [INFO] class java.util.logging.LogRecord：讀取對比檔案
[Mon Nov 02 01:01:32 CST 2020] [INFO] class java.util.logging.LogRecord：無新增項目
[Mon Nov 02 01:01:32 CST 2020] [INFO] class java.util.logging.LogRecord：讀取檔案
[Mon Nov 02 01:01:42 CST 2020] [INFO] class java.util.logging.LogRecord：讀取對比檔案
[Mon Nov 02 01:01:42 CST 2020] [INFO] class java.util.logging.LogRecord：無新增項目
[Mon Nov 02 01:01:42 CST 2020] [INFO] class java.util.logging.LogRecord：讀取檔案
[Mon Nov 02 01:01:52 CST 2020] [INFO] class java.util.logging.LogRecord：讀取對比檔案
[Mon Nov 02 01:01:52 CST 2020] [INFO] class java.util.logging.LogRecord：無新增項目
[Mon Nov 02 01:01:52 CST 2020] [INFO] class java.util.logging.LogRecord：讀取檔案
[Mon Nov 02 01:02:02 CST 2020] [INFO] class java.util.logging.LogRecord：讀取對比檔案
[Mon Nov 02 01:02:02 CST 2020] [INFO] class java.util.logging.LogRecord：無新增項目
[Mon Nov 02 01:02:02 CST 2020] [INFO] class java.util.logging.LogRecord：讀取檔案
[Mon Nov 02 01:02:12 CST 2020] [INFO] class java.util.logging.LogRecord：讀取對比檔案
[Mon Nov 02 01:02:12 CST 2020] [INFO] class java.util.logging.LogRecord：無新增項目
[Mon Nov 02 01:02:12 CST 2020] [INFO] class java.util.logging.LogRecord：讀取檔案
[Mon Nov 02 01:02:22 CST 2020] [INFO] class java.util.logging.LogRecord：讀取對比檔案
[Mon Nov 02 01:02:22 CST 2020] [INFO] class java.util.logging.LogRecord：新增：06938b5a-8ff0-4069-9027-486d8d8b14ff.tmp
[Mon Nov 02 01:02:22 CST 2020] [INFO] class java.util.logging.LogRecord：讀取檔案
[Mon Nov 02 01:02:32 CST 2020] [INFO] class java.util.logging.LogRecord：讀取對比檔案
[Mon Nov 02 01:02:32 CST 2020] [INFO] class java.util.logging.LogRecord：無新增項目
[Mon Nov 02 01:02:32 CST 2020] [INFO] class java.util.logging.LogRecord：讀取檔案
[Mon Nov 02 01:02:42 CST 2020] [INFO] class java.util.logging.LogRecord：讀取對比檔案
[Mon Nov 02 01:02:42 CST 2020] [INFO] class java.util.logging.LogRecord：無新增項目
[Mon Nov 02 01:02:42 CST 2020] [INFO] class java.util.logging.LogRecord：讀取檔案
[Mon Nov 02 01:02:52 CST 2020] [INFO] class java.util.logging.LogRecord：讀取對比檔案
[Mon Nov 02 01:02:52 CST 2020] [INFO] class java.util.logging.LogRecord：無新增項目
[Mon Nov 02 01:02:52 CST 2020] [INFO] class java.util.logging.LogRecord：讀取檔案
[Mon Nov 02 01:03:03 CST 2020] [INFO] class java.util.logging.LogRecord：讀取對比檔案
[Mon Nov 02 01:03:03 CST 2020] [INFO] class java.util.logging.LogRecord：無新增項目
[Mon Nov 02 01:03:03 CST 2020] [INFO] class java.util.logging.LogRecord：讀取檔案
[Mon Nov 02 01:03:13 CST 2020] [INFO] class java.util.logging.LogRecord：讀取對比檔案
[Mon Nov 02 01:03:13 CST 2020] [INFO] class java.util.logging.LogRecord：無新增項目
[Mon Nov 02 01:03:13 CST 2020] [INFO] class java.util.logging.LogRecord：讀取檔案
[Mon Nov 02 01:03:23 CST 2020] [INFO] class java.util.logging.LogRecord：讀取對比檔案
[Mon Nov 02 01:03:23 CST 2020] [INFO] class java.util.logging.LogRecord：無新增項目
[Mon Nov 02 01:03:23 CST 2020] [INFO] class java.util.logging.LogRecord：讀取檔案
[Mon Nov 02 01:03:33 CST 2020] [INFO] class java.util.logging.LogRecord：讀取對比檔案
[Mon Nov 02 01:03:33 CST 2020] [INFO] class java.util.logging.LogRecord：無新增項目
[Mon Nov 02 01:03:33 CST 2020] [INFO] class java.util.logging.LogRecord：讀取檔案
[Mon Nov 02 01:03:43 CST 2020] [INFO] class java.util.logging.LogRecord：讀取對比檔案
[Mon Nov 02 01:03:43 CST 2020] [INFO] class java.util.logging.LogRecord：新增：.squirrel-lock-A7797E020E5E429A45F2063FD21E1BC84CFB7838
[Mon Nov 02 01:03:43 CST 2020] [INFO] class java.util.logging.LogRecord：讀取檔案
[Mon Nov 02 01:03:53 CST 2020] [INFO] class java.util.logging.LogRecord：讀取對比檔案
[Mon Nov 02 01:03:53 CST 2020] [INFO] class java.util.logging.LogRecord：無新增項目
[Mon Nov 02 01:03:53 CST 2020] [INFO] class java.util.logging.LogRecord：讀取檔案
[Mon Nov 02 01:04:03 CST 2020] [INFO] class java.util.logging.LogRecord：讀取對比檔案
[Mon Nov 02 01:04:03 CST 2020] [INFO] class java.util.logging.LogRecord：新增：mat-debug-18844.log
[Mon Nov 02 01:04:03 CST 2020] [INFO] class java.util.logging.LogRecord：讀取檔案
[Mon Nov 02 01:04:13 CST 2020] [INFO] class java.util.logging.LogRecord：讀取對比檔案
[Mon Nov 02 01:04:13 CST 2020] [INFO] class java.util.logging.LogRecord：無新增項目
[Mon Nov 02 01:04:13 CST 2020] [INFO] class java.util.logging.LogRecord：讀取檔案
[Mon Nov 02 01:04:23 CST 2020] [INFO] class java.util.logging.LogRecord：讀取對比檔案
[Mon Nov 02 01:04:23 CST 2020] [INFO] class java.util.logging.LogRecord：無新增項目
[Mon Nov 02 01:04:23 CST 2020] [INFO] class java.util.logging.LogRecord：讀取檔案
[Mon Nov 02 01:04:33 CST 2020] [INFO] class java.util.logging.LogRecord：讀取對比檔案
[Mon Nov 02 01:04:33 CST 2020] [INFO] class java.util.logging.LogRecord：無新增項目
[Mon Nov 02 01:04:33 CST 2020] [INFO] class java.util.logging.LogRecord：讀取檔案
[Mon Nov 02 01:04:43 CST 2020] [INFO] class java.util.logging.LogRecord：讀取對比檔案
[Mon Nov 02 01:04:43 CST 2020] [INFO] class java.util.logging.LogRecord：無新增項目
[Mon Nov 02 01:04:43 CST 2020] [INFO] class java.util.logging.LogRecord：讀取檔案
[Mon Nov 02 01:04:53 CST 2020] [INFO] class java.util.logging.LogRecord：讀取對比檔案
[Mon Nov 02 01:04:53 CST 2020] [INFO] class java.util.logging.LogRecord：無新增項目
[Mon Nov 02 01:04:53 CST 2020] [INFO] class java.util.logging.LogRecord：讀取檔案
[Mon Nov 02 01:05:03 CST 2020] [INFO] class java.util.logging.LogRecord：讀取對比檔案
[Mon Nov 02 01:05:03 CST 2020] [INFO] class java.util.logging.LogRecord：無新增項目
[Mon Nov 02 01:05:03 CST 2020] [INFO] class java.util.logging.LogRecord：讀取檔案
[Mon Nov 02 01:05:13 CST 2020] [INFO] class java.util.logging.LogRecord：讀取對比檔案
[Mon Nov 02 01:05:13 CST 2020] [INFO] class java.util.logging.LogRecord：無新增項目
[Mon Nov 02 01:05:13 CST 2020] [INFO] class java.util.logging.LogRecord：讀取檔案
[Mon Nov 02 01:05:23 CST 2020] [INFO] class java.util.logging.LogRecord：讀取對比檔案
[Mon Nov 02 01:05:23 CST 2020] [INFO] class java.util.logging.LogRecord：無新增項目
[Mon Nov 02 01:05:23 CST 2020] [INFO] class java.util.logging.LogRecord：讀取檔案
[Mon Nov 02 01:05:33 CST 2020] [INFO] class java.util.logging.LogRecord：讀取對比檔案
[Mon Nov 02 01:05:33 CST 2020] [INFO] class java.util.logging.LogRecord：無新增項目
[Mon Nov 02 01:05:33 CST 2020] [INFO] class java.util.logging.LogRecord：讀取檔案
[Mon Nov 02 01:05:43 CST 2020] [INFO] class java.util.logging.LogRecord：讀取對比檔案
[Mon Nov 02 01:05:43 CST 2020] [INFO] class java.util.logging.LogRecord：無新增項目
[Mon Nov 02 01:05:43 CST 2020] [INFO] class java.util.logging.LogRecord：讀取檔案
[Mon Nov 02 01:05:53 CST 2020] [INFO] class java.util.logging.LogRecord：讀取對比檔案
[Mon Nov 02 01:05:53 CST 2020] [INFO] class java.util.logging.LogRecord：無新增項目
[Mon Nov 02 01:05:53 CST 2020] [INFO] class java.util.logging.LogRecord：讀取檔案
[Mon Nov 02 01:06:03 CST 2020] [INFO] class java.util.logging.LogRecord：讀取對比檔案
[Mon Nov 02 01:06:03 CST 2020] [INFO] class java.util.logging.LogRecord：新增：715a95ed-c518-459e-b813-790ca7e8ffca.tmp
[Mon Nov 02 01:06:03 CST 2020] [INFO] class java.util.logging.LogRecord：新增：f370d03e-9511-4d97-bfbd-81d012c3a205.tmp
[Mon Nov 02 01:06:03 CST 2020] [INFO] class java.util.logging.LogRecord：讀取檔案
[Mon Nov 02 01:06:13 CST 2020] [INFO] class java.util.logging.LogRecord：讀取對比檔案
[Mon Nov 02 01:06:13 CST 2020] [INFO] class java.util.logging.LogRecord：無新增項目
[Mon Nov 02 01:06:13 CST 2020] [INFO] class java.util.logging.LogRecord：讀取檔案
[Mon Nov 02 01:06:23 CST 2020] [INFO] class java.util.logging.LogRecord：讀取對比檔案
[Mon Nov 02 01:06:23 CST 2020] [INFO] class java.util.logging.LogRecord：無新增項目
[Mon Nov 02 01:06:23 CST 2020] [INFO] class java.util.logging.LogRecord：讀取檔案
[Mon Nov 02 01:06:33 CST 2020] [INFO] class java.util.logging.LogRecord：讀取對比檔案
[Mon Nov 02 01:06:33 CST 2020] [INFO] class java.util.logging.LogRecord：無新增項目
[Mon Nov 02 01:06:33 CST 2020] [INFO] class java.util.logging.LogRecord：讀取檔案
[Mon Nov 02 01:06:43 CST 2020] [INFO] class java.util.logging.LogRecord：讀取對比檔案
[Mon Nov 02 01:06:43 CST 2020] [INFO] class java.util.logging.LogRecord：無新增項目
[Mon Nov 02 01:06:43 CST 2020] [INFO] class java.util.logging.LogRecord：讀取檔案
[Mon Nov 02 01:06:53 CST 2020] [INFO] class java.util.logging.LogRecord：讀取對比檔案
[Mon Nov 02 01:06:53 CST 2020] [INFO] class java.util.logging.LogRecord：無新增項目
[Mon Nov 02 01:06:53 CST 2020] [INFO] class java.util.logging.LogRecord：讀取檔案
[Mon Nov 02 01:07:03 CST 2020] [INFO] class java.util.logging.LogRecord：讀取對比檔案
[Mon Nov 02 01:07:03 CST 2020] [INFO] class java.util.logging.LogRecord：無新增項目
[Mon Nov 02 01:07:03 CST 2020] [INFO] class java.util.logging.LogRecord：讀取檔案
[Mon Nov 02 01:07:13 CST 2020] [INFO] class java.util.logging.LogRecord：讀取對比檔案
[Mon Nov 02 01:07:13 CST 2020] [INFO] class java.util.logging.LogRecord：無新增項目
[Mon Nov 02 01:07:13 CST 2020] [INFO] class java.util.logging.LogRecord：讀取檔案
[Mon Nov 02 01:07:23 CST 2020] [INFO] class java.util.logging.LogRecord：讀取對比檔案
[Mon Nov 02 01:07:23 CST 2020] [INFO] class java.util.logging.LogRecord：無新增項目
[Mon Nov 02 01:07:23 CST 2020] [INFO] class java.util.logging.LogRecord：讀取檔案
[Mon Nov 02 01:07:33 CST 2020] [INFO] class java.util.logging.LogRecord：讀取對比檔案
[Mon Nov 02 01:07:33 CST 2020] [INFO] class java.util.logging.LogRecord：無新增項目
[Mon Nov 02 01:07:33 CST 2020] [INFO] class java.util.logging.LogRecord：讀取檔案
[Mon Nov 02 01:07:43 CST 2020] [INFO] class java.util.logging.LogRecord：讀取對比檔案
[Mon Nov 02 01:07:43 CST 2020] [INFO] class java.util.logging.LogRecord：無新增項目
[Mon Nov 02 01:07:43 CST 2020] [INFO] class java.util.logging.LogRecord：讀取檔案
[Mon Nov 02 01:07:53 CST 2020] [INFO] class java.util.logging.LogRecord：讀取對比檔案
[Mon Nov 02 01:07:53 CST 2020] [INFO] class java.util.logging.LogRecord：無新增項目
[Mon Nov 02 01:07:53 CST 2020] [INFO] class java.util.logging.LogRecord：讀取檔案
[Mon Nov 02 01:08:03 CST 2020] [INFO] class java.util.logging.LogRecord：讀取對比檔案
[Mon Nov 02 01:08:03 CST 2020] [INFO] class java.util.logging.LogRecord：無新增項目
[Mon Nov 02 01:08:03 CST 2020] [INFO] class java.util.logging.LogRecord：讀取檔案
[Mon Nov 02 01:08:13 CST 2020] [INFO] class java.util.logging.LogRecord：讀取對比檔案
[Mon Nov 02 01:08:13 CST 2020] [INFO] class java.util.logging.LogRecord：無新增項目
[Mon Nov 02 01:08:13 CST 2020] [INFO] class java.util.logging.LogRecord：讀取檔案
[Mon Nov 02 01:08:23 CST 2020] [INFO] class java.util.logging.LogRecord：讀取對比檔案
[Mon Nov 02 01:08:23 CST 2020] [INFO] class java.util.logging.LogRecord：無新增項目
[Mon Nov 02 01:08:23 CST 2020] [INFO] class java.util.logging.LogRecord：讀取檔案
[Mon Nov 02 01:08:33 CST 2020] [INFO] class java.util.logging.LogRecord：讀取對比檔案
[Mon Nov 02 01:08:33 CST 2020] [INFO] class java.util.logging.LogRecord：無新增項目
[Mon Nov 02 01:08:33 CST 2020] [INFO] class java.util.logging.LogRecord：讀取檔案
[Mon Nov 02 01:08:43 CST 2020] [INFO] class java.util.logging.LogRecord：讀取對比檔案
[Mon Nov 02 01:08:43 CST 2020] [INFO] class java.util.logging.LogRecord：無新增項目
[Mon Nov 02 01:08:43 CST 2020] [INFO] class java.util.logging.LogRecord：讀取檔案
[Mon Nov 02 01:08:53 CST 2020] [INFO] class java.util.logging.LogRecord：讀取對比檔案
[Mon Nov 02 01:08:53 CST 2020] [INFO] class java.util.logging.LogRecord：無新增項目
[Mon Nov 02 01:08:53 CST 2020] [INFO] class java.util.logging.LogRecord：讀取檔案
[Mon Nov 02 01:09:03 CST 2020] [INFO] class java.util.logging.LogRecord：讀取對比檔案
[Mon Nov 02 01:09:03 CST 2020] [INFO] class java.util.logging.LogRecord：無新增項目
[Mon Nov 02 01:09:03 CST 2020] [INFO] class java.util.logging.LogRecord：讀取檔案
[Mon Nov 02 01:09:13 CST 2020] [INFO] class java.util.logging.LogRecord：讀取對比檔案
[Mon Nov 02 01:09:13 CST 2020] [INFO] class java.util.logging.LogRecord：無新增項目
[Mon Nov 02 01:09:13 CST 2020] [INFO] class java.util.logging.LogRecord：讀取檔案
[Mon Nov 02 01:09:23 CST 2020] [INFO] class java.util.logging.LogRecord：讀取對比檔案
[Mon Nov 02 01:09:23 CST 2020] [INFO] class java.util.logging.LogRecord：無新增項目
[Mon Nov 02 01:09:23 CST 2020] [INFO] class java.util.logging.LogRecord：讀取檔案
[Mon Nov 02 01:09:33 CST 2020] [INFO] class java.util.logging.LogRecord：讀取對比檔案
[Mon Nov 02 01:09:33 CST 2020] [INFO] class java.util.logging.LogRecord：無新增項目
[Mon Nov 02 01:09:33 CST 2020] [INFO] class java.util.logging.LogRecord：讀取檔案
[Mon Nov 02 01:09:43 CST 2020] [INFO] class java.util.logging.LogRecord：讀取對比檔案
[Mon Nov 02 01:09:43 CST 2020] [INFO] class java.util.logging.LogRecord：無新增項目
[Mon Nov 02 01:09:43 CST 2020] [INFO] class java.util.logging.LogRecord：讀取檔案
[Mon Nov 02 01:09:53 CST 2020] [INFO] class java.util.logging.LogRecord：讀取對比檔案
[Mon Nov 02 01:09:53 CST 2020] [INFO] class java.util.logging.LogRecord：無新增項目
[Mon Nov 02 01:09:53 CST 2020] [INFO] class java.util.logging.LogRecord：讀取檔案
[Mon Nov 02 01:10:03 CST 2020] [INFO] class java.util.logging.LogRecord：讀取對比檔案
[Mon Nov 02 01:10:03 CST 2020] [INFO] class java.util.logging.LogRecord：無新增項目
[Mon Nov 02 01:10:03 CST 2020] [INFO] class java.util.logging.LogRecord：讀取檔案
[Mon Nov 02 01:10:13 CST 2020] [INFO] class java.util.logging.LogRecord：讀取對比檔案
[Mon Nov 02 01:10:13 CST 2020] [INFO] class java.util.logging.LogRecord：無新增項目
[Mon Nov 02 01:10:13 CST 2020] [INFO] class java.util.logging.LogRecord：讀取檔案
[Mon Nov 02 01:10:23 CST 2020] [INFO] class java.util.logging.LogRecord：讀取對比檔案
[Mon Nov 02 01:10:23 CST 2020] [INFO] class java.util.logging.LogRecord：無新增項目
[Mon Nov 02 01:10:23 CST 2020] [INFO] class java.util.logging.LogRecord：讀取檔案
[Mon Nov 02 01:10:33 CST 2020] [INFO] class java.util.logging.LogRecord：讀取對比檔案
[Mon Nov 02 01:10:33 CST 2020] [INFO] class java.util.logging.LogRecord：無新增項目
[Mon Nov 02 01:10:33 CST 2020] [INFO] class java.util.logging.LogRecord：讀取檔案
[Mon Nov 02 01:10:43 CST 2020] [INFO] class java.util.logging.LogRecord：讀取對比檔案
[Mon Nov 02 01:10:43 CST 2020] [INFO] class java.util.logging.LogRecord：無新增項目
[Mon Nov 02 01:10:43 CST 2020] [INFO] class java.util.logging.LogRecord：讀取檔案
[Mon Nov 02 01:10:53 CST 2020] [INFO] class java.util.logging.LogRecord：讀取對比檔案
[Mon Nov 02 01:10:53 CST 2020] [INFO] class java.util.logging.LogRecord：無新增項目
[Mon Nov 02 01:10:53 CST 2020] [INFO] class java.util.logging.LogRecord：讀取檔案
[Mon Nov 02 01:11:03 CST 2020] [INFO] class java.util.logging.LogRecord：讀取對比檔案
[Mon Nov 02 01:11:03 CST 2020] [INFO] class java.util.logging.LogRecord：新增：5290ebe8-8a2c-4286-b871-777db2243045.tmp
[Mon Nov 02 01:11:03 CST 2020] [INFO] class java.util.logging.LogRecord：新增：bc60f61a-962e-4dda-94d1-90fad3986398.tmp
[Mon Nov 02 01:11:03 CST 2020] [INFO] class java.util.logging.LogRecord：讀取檔案
[Mon Nov 02 01:11:13 CST 2020] [INFO] class java.util.logging.LogRecord：讀取對比檔案
[Mon Nov 02 01:11:13 CST 2020] [INFO] class java.util.logging.LogRecord：無新增項目
[Mon Nov 02 01:11:13 CST 2020] [INFO] class java.util.logging.LogRecord：讀取檔案
[Mon Nov 02 01:11:23 CST 2020] [INFO] class java.util.logging.LogRecord：讀取對比檔案
[Mon Nov 02 01:11:23 CST 2020] [INFO] class java.util.logging.LogRecord：無新增項目
[Mon Nov 02 01:11:23 CST 2020] [INFO] class java.util.logging.LogRecord：讀取檔案
[Mon Nov 02 01:11:33 CST 2020] [INFO] class java.util.logging.LogRecord：讀取對比檔案
[Mon Nov 02 01:11:33 CST 2020] [INFO] class java.util.logging.LogRecord：無新增項目
[Mon Nov 02 01:11:33 CST 2020] [INFO] class java.util.logging.LogRecord：讀取檔案
[Mon Nov 02 01:11:43 CST 2020] [INFO] class java.util.logging.LogRecord：讀取對比檔案
[Mon Nov 02 01:11:43 CST 2020] [INFO] class java.util.logging.LogRecord：無新增項目
[Mon Nov 02 01:11:43 CST 2020] [INFO] class java.util.logging.LogRecord：讀取檔案
[Mon Nov 02 01:11:53 CST 2020] [INFO] class java.util.logging.LogRecord：讀取對比檔案
[Mon Nov 02 01:11:53 CST 2020] [INFO] class java.util.logging.LogRecord：無新增項目
[Mon Nov 02 01:11:53 CST 2020] [INFO] class java.util.logging.LogRecord：讀取檔案
[Mon Nov 02 01:12:03 CST 2020] [INFO] class java.util.logging.LogRecord：讀取對比檔案
[Mon Nov 02 01:12:03 CST 2020] [INFO] class java.util.logging.LogRecord：無新增項目
[Mon Nov 02 01:12:03 CST 2020] [INFO] class java.util.logging.LogRecord：讀取檔案
[Mon Nov 02 01:12:13 CST 2020] [INFO] class java.util.logging.LogRecord：讀取對比檔案
[Mon Nov 02 01:12:13 CST 2020] [INFO] class java.util.logging.LogRecord：無新增項目
[Mon Nov 02 01:12:13 CST 2020] [INFO] class java.util.logging.LogRecord：讀取檔案
[Mon Nov 02 01:12:23 CST 2020] [INFO] class java.util.logging.LogRecord：讀取對比檔案
[Mon Nov 02 01:12:23 CST 2020] [INFO] class java.util.logging.LogRecord：無新增項目
[Mon Nov 02 01:12:23 CST 2020] [INFO] class java.util.logging.LogRecord：讀取檔案
[Mon Nov 02 01:12:33 CST 2020] [INFO] class java.util.logging.LogRecord：讀取對比檔案
[Mon Nov 02 01:12:33 CST 2020] [INFO] class java.util.logging.LogRecord：無新增項目
[Mon Nov 02 01:12:33 CST 2020] [INFO] class java.util.logging.LogRecord：讀取檔案
[Mon Nov 02 01:12:43 CST 2020] [INFO] class java.util.logging.LogRecord：讀取對比檔案
[Mon Nov 02 01:12:43 CST 2020] [INFO] class java.util.logging.LogRecord：無新增項目
[Mon Nov 02 01:12:44 CST 2020] [INFO] class java.util.logging.LogRecord：讀取檔案
[Mon Nov 02 01:12:54 CST 2020] [INFO] class java.util.logging.LogRecord：讀取對比檔案
[Mon Nov 02 01:12:54 CST 2020] [INFO] class java.util.logging.LogRecord：無新增項目
[Mon Nov 02 01:12:54 CST 2020] [INFO] class java.util.logging.LogRecord：讀取檔案
[Mon Nov 02 01:13:04 CST 2020] [INFO] class java.util.logging.LogRecord：讀取對比檔案
[Mon Nov 02 01:13:04 CST 2020] [INFO] class java.util.logging.LogRecord：無新增項目
[Mon Nov 02 01:13:04 CST 2020] [INFO] class java.util.logging.LogRecord：讀取檔案
[Mon Nov 02 01:13:14 CST 2020] [INFO] class java.util.logging.LogRecord：讀取對比檔案
[Mon Nov 02 01:13:14 CST 2020] [INFO] class java.util.logging.LogRecord：無新增項目
[Mon Nov 02 01:13:14 CST 2020] [INFO] class java.util.logging.LogRecord：讀取檔案
[Mon Nov 02 01:13:24 CST 2020] [INFO] class java.util.logging.LogRecord：讀取對比檔案
[Mon Nov 02 01:13:24 CST 2020] [INFO] class java.util.logging.LogRecord：無新增項目
[Mon Nov 02 01:13:24 CST 2020] [INFO] class java.util.logging.LogRecord：讀取檔案
[Mon Nov 02 01:13:34 CST 2020] [INFO] class java.util.logging.LogRecord：讀取對比檔案
[Mon Nov 02 01:13:34 CST 2020] [INFO] class java.util.logging.LogRecord：無新增項目
[Mon Nov 02 01:13:34 CST 2020] [INFO] class java.util.logging.LogRecord：讀取檔案
[Mon Nov 02 01:13:44 CST 2020] [INFO] class java.util.logging.LogRecord：讀取對比檔案
[Mon Nov 02 01:13:44 CST 2020] [INFO] class java.util.logging.LogRecord：無新增項目
[Mon Nov 02 01:13:44 CST 2020] [INFO] class java.util.logging.LogRecord：讀取檔案
[Mon Nov 02 01:13:54 CST 2020] [INFO] class java.util.logging.LogRecord：讀取對比檔案
[Mon Nov 02 01:13:54 CST 2020] [INFO] class java.util.logging.LogRecord：無新增項目
[Mon Nov 02 01:13:54 CST 2020] [INFO] class java.util.logging.LogRecord：讀取檔案
[Mon Nov 02 01:14:04 CST 2020] [INFO] class java.util.logging.LogRecord：讀取對比檔案
[Mon Nov 02 01:14:04 CST 2020] [INFO] class java.util.logging.LogRecord：無新增項目
[Mon Nov 02 01:14:04 CST 2020] [INFO] class java.util.logging.LogRecord：讀取檔案
[Mon Nov 02 01:14:14 CST 2020] [INFO] class java.util.logging.LogRecord：讀取對比檔案
[Mon Nov 02 01:14:14 CST 2020] [INFO] class java.util.logging.LogRecord：無新增項目
[Mon Nov 02 01:14:14 CST 2020] [INFO] class java.util.logging.LogRecord：讀取檔案
[Mon Nov 02 01:14:24 CST 2020] [INFO] class java.util.logging.LogRecord：讀取對比檔案
[Mon Nov 02 01:14:24 CST 2020] [INFO] class java.util.logging.LogRecord：無新增項目
[Mon Nov 02 01:14:24 CST 2020] [INFO] class java.util.logging.LogRecord：讀取檔案
[Mon Nov 02 01:14:34 CST 2020] [INFO] class java.util.logging.LogRecord：讀取對比檔案
[Mon Nov 02 01:14:34 CST 2020] [INFO] class java.util.logging.LogRecord：無新增項目
[Mon Nov 02 01:14:34 CST 2020] [INFO] class java.util.logging.LogRecord：讀取檔案
[Mon Nov 02 01:14:44 CST 2020] [INFO] class java.util.logging.LogRecord：讀取對比檔案
[Mon Nov 02 01:14:44 CST 2020] [INFO] class java.util.logging.LogRecord：無新增項目
[Mon Nov 02 01:14:44 CST 2020] [INFO] class java.util.logging.LogRecord：讀取檔案
[Mon Nov 02 01:14:54 CST 2020] [INFO] class java.util.logging.LogRecord：讀取對比檔案
[Mon Nov 02 01:14:54 CST 2020] [INFO] class java.util.logging.LogRecord：無新增項目
[Mon Nov 02 01:14:54 CST 2020] [INFO] class java.util.logging.LogRecord：讀取檔案
[Mon Nov 02 01:15:04 CST 2020] [INFO] class java.util.logging.LogRecord：讀取對比檔案
[Mon Nov 02 01:15:04 CST 2020] [INFO] class java.util.logging.LogRecord：無新增項目
[Mon Nov 02 01:15:04 CST 2020] [INFO] class java.util.logging.LogRecord：讀取檔案
[Mon Nov 02 01:15:14 CST 2020] [INFO] class java.util.logging.LogRecord：讀取對比檔案
[Mon Nov 02 01:15:14 CST 2020] [INFO] class java.util.logging.LogRecord：無新增項目
[Mon Nov 02 01:15:14 CST 2020] [INFO] class java.util.logging.LogRecord：讀取檔案
[Mon Nov 02 01:15:24 CST 2020] [INFO] class java.util.logging.LogRecord：讀取對比檔案
[Mon Nov 02 01:15:24 CST 2020] [INFO] class java.util.logging.LogRecord：無新增項目
[Mon Nov 02 01:15:24 CST 2020] [INFO] class java.util.logging.LogRecord：讀取檔案
[Mon Nov 02 01:15:34 CST 2020] [INFO] class java.util.logging.LogRecord：讀取對比檔案
[Mon Nov 02 01:15:34 CST 2020] [INFO] class java.util.logging.LogRecord：無新增項目
[Mon Nov 02 01:15:34 CST 2020] [INFO] class java.util.logging.LogRecord：讀取檔案
[Mon Nov 02 01:15:44 CST 2020] [INFO] class java.util.logging.LogRecord：讀取對比檔案
[Mon Nov 02 01:15:44 CST 2020] [INFO] class java.util.logging.LogRecord：無新增項目
[Mon Nov 02 01:15:44 CST 2020] [INFO] class java.util.logging.LogRecord：讀取檔案
[Mon Nov 02 01:15:54 CST 2020] [INFO] class java.util.logging.LogRecord：讀取對比檔案
[Mon Nov 02 01:15:54 CST 2020] [INFO] class java.util.logging.LogRecord：無新增項目
[Mon Nov 02 01:15:54 CST 2020] [INFO] class java.util.logging.LogRecord：讀取檔案
[Mon Nov 02 01:16:04 CST 2020] [INFO] class java.util.logging.LogRecord：讀取對比檔案
[Mon Nov 02 01:16:04 CST 2020] [INFO] class java.util.logging.LogRecord：新增：217f16b8-2585-4dc0-9ee0-a5cc8dfaaf84.tmp
[Mon Nov 02 01:16:04 CST 2020] [INFO] class java.util.logging.LogRecord：新增：b2a7a226-0f7b-40f0-a62d-4f5b54f3526d.tmp
[Mon Nov 02 01:16:04 CST 2020] [INFO] class java.util.logging.LogRecord：讀取檔案
[Mon Nov 02 01:16:14 CST 2020] [INFO] class java.util.logging.LogRecord：讀取對比檔案
[Mon Nov 02 01:16:14 CST 2020] [INFO] class java.util.logging.LogRecord：無新增項目
[Mon Nov 02 01:16:14 CST 2020] [INFO] class java.util.logging.LogRecord：讀取檔案
[Mon Nov 02 01:16:24 CST 2020] [INFO] class java.util.logging.LogRecord：讀取對比檔案
[Mon Nov 02 01:16:24 CST 2020] [INFO] class java.util.logging.LogRecord：無新增項目
[Mon Nov 02 01:16:24 CST 2020] [INFO] class java.util.logging.LogRecord：讀取檔案
[Mon Nov 02 01:16:34 CST 2020] [INFO] class java.util.logging.LogRecord：讀取對比檔案
[Mon Nov 02 01:16:34 CST 2020] [INFO] class java.util.logging.LogRecord：無新增項目
[Mon Nov 02 01:16:34 CST 2020] [INFO] class java.util.logging.LogRecord：讀取檔案
[Mon Nov 02 01:16:44 CST 2020] [INFO] class java.util.logging.LogRecord：讀取對比檔案
[Mon Nov 02 01:16:44 CST 2020] [INFO] class java.util.logging.LogRecord：無新增項目
[Mon Nov 02 01:16:44 CST 2020] [INFO] class java.util.logging.LogRecord：讀取檔案
[Mon Nov 02 01:16:54 CST 2020] [INFO] class java.util.logging.LogRecord：讀取對比檔案
[Mon Nov 02 01:16:54 CST 2020] [INFO] class java.util.logging.LogRecord：無新增項目
[Mon Nov 02 01:16:54 CST 2020] [INFO] class java.util.logging.LogRecord：讀取檔案
[Mon Nov 02 01:17:04 CST 2020] [INFO] class java.util.logging.LogRecord：讀取對比檔案
[Mon Nov 02 01:17:04 CST 2020] [INFO] class java.util.logging.LogRecord：無新增項目
[Mon Nov 02 01:17:04 CST 2020] [INFO] class java.util.logging.LogRecord：讀取檔案
[Mon Nov 02 01:17:14 CST 2020] [INFO] class java.util.logging.LogRecord：讀取對比檔案
[Mon Nov 02 01:17:14 CST 2020] [INFO] class java.util.logging.LogRecord：無新增項目
[Mon Nov 02 01:17:14 CST 2020] [INFO] class java.util.logging.LogRecord：讀取檔案
[Mon Nov 02 01:17:24 CST 2020] [INFO] class java.util.logging.LogRecord：讀取對比檔案
[Mon Nov 02 01:17:24 CST 2020] [INFO] class java.util.logging.LogRecord：無新增項目
[Mon Nov 02 01:17:24 CST 2020] [INFO] class java.util.logging.LogRecord：讀取檔案
[Mon Nov 02 01:17:34 CST 2020] [INFO] class java.util.logging.LogRecord：讀取對比檔案
[Mon Nov 02 01:17:34 CST 2020] [INFO] class java.util.logging.LogRecord：無新增項目
[Mon Nov 02 01:17:34 CST 2020] [INFO] class java.util.logging.LogRecord：讀取檔案
[Mon Nov 02 01:17:44 CST 2020] [INFO] class java.util.logging.LogRecord：讀取對比檔案
[Mon Nov 02 01:17:44 CST 2020] [INFO] class java.util.logging.LogRecord：無新增項目
[Mon Nov 02 01:17:44 CST 2020] [INFO] class java.util.logging.LogRecord：讀取檔案
[Mon Nov 02 01:17:54 CST 2020] [INFO] class java.util.logging.LogRecord：讀取對比檔案
[Mon Nov 02 01:17:54 CST 2020] [INFO] class java.util.logging.LogRecord：無新增項目
[Mon Nov 02 01:17:54 CST 2020] [INFO] class java.util.logging.LogRecord：讀取檔案
[Mon Nov 02 01:18:04 CST 2020] [INFO] class java.util.logging.LogRecord：讀取對比檔案
[Mon Nov 02 01:18:04 CST 2020] [INFO] class java.util.logging.LogRecord：無新增項目
[Mon Nov 02 01:18:04 CST 2020] [INFO] class java.util.logging.LogRecord：讀取檔案
[Mon Nov 02 01:18:14 CST 2020] [INFO] class java.util.logging.LogRecord：讀取對比檔案
[Mon Nov 02 01:18:14 CST 2020] [INFO] class java.util.logging.LogRecord：無新增項目
[Mon Nov 02 01:18:14 CST 2020] [INFO] class java.util.logging.LogRecord：讀取檔案
[Mon Nov 02 01:18:24 CST 2020] [INFO] class java.util.logging.LogRecord：讀取對比檔案
[Mon Nov 02 01:18:24 CST 2020] [INFO] class java.util.logging.LogRecord：無新增項目
[Mon Nov 02 01:18:24 CST 2020] [INFO] class java.util.logging.LogRecord：讀取檔案
[Mon Nov 02 01:18:34 CST 2020] [INFO] class java.util.logging.LogRecord：讀取對比檔案
[Mon Nov 02 01:18:34 CST 2020] [INFO] class java.util.logging.LogRecord：無新增項目
[Mon Nov 02 01:18:34 CST 2020] [INFO] class java.util.logging.LogRecord：讀取檔案
[Mon Nov 02 01:18:44 CST 2020] [INFO] class java.util.logging.LogRecord：讀取對比檔案
[Mon Nov 02 01:18:44 CST 2020] [INFO] class java.util.logging.LogRecord：無新增項目
[Mon Nov 02 01:18:44 CST 2020] [INFO] class java.util.logging.LogRecord：讀取檔案
[Mon Nov 02 01:18:54 CST 2020] [INFO] class java.util.logging.LogRecord：讀取對比檔案
[Mon Nov 02 01:18:54 CST 2020] [INFO] class java.util.logging.LogRecord：無新增項目
[Mon Nov 02 01:18:54 CST 2020] [INFO] class java.util.logging.LogRecord：讀取檔案
[Mon Nov 02 01:19:04 CST 2020] [INFO] class java.util.logging.LogRecord：讀取對比檔案
[Mon Nov 02 01:19:04 CST 2020] [INFO] class java.util.logging.LogRecord：無新增項目
[Mon Nov 02 01:19:04 CST 2020] [INFO] class java.util.logging.LogRecord：讀取檔案
[Mon Nov 02 01:19:14 CST 2020] [INFO] class java.util.logging.LogRecord：讀取對比檔案
[Mon Nov 02 01:19:14 CST 2020] [INFO] class java.util.logging.LogRecord：無新增項目
[Mon Nov 02 01:19:14 CST 2020] [INFO] class java.util.logging.LogRecord：讀取檔案
[Mon Nov 02 01:19:24 CST 2020] [INFO] class java.util.logging.LogRecord：讀取對比檔案
[Mon Nov 02 01:19:24 CST 2020] [INFO] class java.util.logging.LogRecord：無新增項目
[Mon Nov 02 01:19:24 CST 2020] [INFO] class java.util.logging.LogRecord：讀取檔案
[Mon Nov 02 01:19:34 CST 2020] [INFO] class java.util.logging.LogRecord：讀取對比檔案
[Mon Nov 02 01:19:34 CST 2020] [INFO] class java.util.logging.LogRecord：無新增項目
[Mon Nov 02 01:19:34 CST 2020] [INFO] class java.util.logging.LogRecord：讀取檔案
[Mon Nov 02 01:19:44 CST 2020] [INFO] class java.util.logging.LogRecord：讀取對比檔案
[Mon Nov 02 01:19:44 CST 2020] [INFO] class java.util.logging.LogRecord：無新增項目
[Mon Nov 02 01:19:44 CST 2020] [INFO] class java.util.logging.LogRecord：讀取檔案
[Mon Nov 02 01:19:54 CST 2020] [INFO] class java.util.logging.LogRecord：讀取對比檔案
[Mon Nov 02 01:19:54 CST 2020] [INFO] class java.util.logging.LogRecord：無新增項目
[Mon Nov 02 01:19:54 CST 2020] [INFO] class java.util.logging.LogRecord：讀取檔案
[Mon Nov 02 01:20:04 CST 2020] [INFO] class java.util.logging.LogRecord：讀取對比檔案
[Mon Nov 02 01:20:04 CST 2020] [INFO] class java.util.logging.LogRecord：無新增項目
[Mon Nov 02 01:20:04 CST 2020] [INFO] class java.util.logging.LogRecord：讀取檔案
[Mon Nov 02 01:20:14 CST 2020] [INFO] class java.util.logging.LogRecord：讀取對比檔案
[Mon Nov 02 01:20:14 CST 2020] [INFO] class java.util.logging.LogRecord：無新增項目
[Mon Nov 02 01:20:14 CST 2020] [INFO] class java.util.logging.LogRecord：讀取檔案
[Mon Nov 02 01:20:24 CST 2020] [INFO] class java.util.logging.LogRecord：讀取對比檔案
[Mon Nov 02 01:20:24 CST 2020] [INFO] class java.util.logging.LogRecord：無新增項目
[Mon Nov 02 01:20:24 CST 2020] [INFO] class java.util.logging.LogRecord：讀取檔案
[Mon Nov 02 01:20:34 CST 2020] [INFO] class java.util.logging.LogRecord：讀取對比檔案
[Mon Nov 02 01:20:34 CST 2020] [INFO] class java.util.logging.LogRecord：無新增項目
[Mon Nov 02 01:20:34 CST 2020] [INFO] class java.util.logging.LogRecord：讀取檔案
[Mon Nov 02 01:20:44 CST 2020] [INFO] class java.util.logging.LogRecord：讀取對比檔案
[Mon Nov 02 01:20:44 CST 2020] [INFO] class java.util.logging.LogRecord：無新增項目
[Mon Nov 02 01:20:44 CST 2020] [INFO] class java.util.logging.LogRecord：讀取檔案
[Mon Nov 02 01:20:54 CST 2020] [INFO] class java.util.logging.LogRecord：讀取對比檔案
[Mon Nov 02 01:20:54 CST 2020] [INFO] class java.util.logging.LogRecord：無新增項目
[Mon Nov 02 01:20:54 CST 2020] [INFO] class java.util.logging.LogRecord：讀取檔案
[Mon Nov 02 01:21:04 CST 2020] [INFO] class java.util.logging.LogRecord：讀取對比檔案
[Mon Nov 02 01:21:04 CST 2020] [INFO] class java.util.logging.LogRecord：新增：9470448f-8435-4cfd-adf8-915bf435755d.tmp
[Mon Nov 02 01:21:04 CST 2020] [INFO] class java.util.logging.LogRecord：新增：baad2461-c243-40f5-ba92-e705a2061886.tmp
[Mon Nov 02 01:21:04 CST 2020] [INFO] class java.util.logging.LogRecord：讀取檔案
[Mon Nov 02 01:21:14 CST 2020] [INFO] class java.util.logging.LogRecord：讀取對比檔案
[Mon Nov 02 01:21:14 CST 2020] [INFO] class java.util.logging.LogRecord：無新增項目
[Mon Nov 02 01:21:14 CST 2020] [INFO] class java.util.logging.LogRecord：讀取檔案
[Mon Nov 02 01:21:24 CST 2020] [INFO] class java.util.logging.LogRecord：讀取對比檔案
[Mon Nov 02 01:21:24 CST 2020] [INFO] class java.util.logging.LogRecord：無新增項目
[Mon Nov 02 01:21:24 CST 2020] [INFO] class java.util.logging.LogRecord：讀取檔案
[Mon Nov 02 01:21:34 CST 2020] [INFO] class java.util.logging.LogRecord：讀取對比檔案
[Mon Nov 02 01:21:34 CST 2020] [INFO] class java.util.logging.LogRecord：無新增項目
[Mon Nov 02 01:21:34 CST 2020] [INFO] class java.util.logging.LogRecord：讀取檔案
[Mon Nov 02 01:21:44 CST 2020] [INFO] class java.util.logging.LogRecord：讀取對比檔案
[Mon Nov 02 01:21:44 CST 2020] [INFO] class java.util.logging.LogRecord：無新增項目
[Mon Nov 02 01:21:44 CST 2020] [INFO] class java.util.logging.LogRecord：讀取檔案
[Mon Nov 02 01:21:54 CST 2020] [INFO] class java.util.logging.LogRecord：讀取對比檔案
[Mon Nov 02 01:21:54 CST 2020] [INFO] class java.util.logging.LogRecord：無新增項目
[Mon Nov 02 01:21:55 CST 2020] [INFO] class java.util.logging.LogRecord：讀取檔案
[Mon Nov 02 01:22:05 CST 2020] [INFO] class java.util.logging.LogRecord：讀取對比檔案
[Mon Nov 02 01:22:05 CST 2020] [INFO] class java.util.logging.LogRecord：無新增項目
[Mon Nov 02 01:22:05 CST 2020] [INFO] class java.util.logging.LogRecord：讀取檔案
[Mon Nov 02 01:22:15 CST 2020] [INFO] class java.util.logging.LogRecord：讀取對比檔案
[Mon Nov 02 01:22:15 CST 2020] [INFO] class java.util.logging.LogRecord：無新增項目
[Mon Nov 02 01:22:15 CST 2020] [INFO] class java.util.logging.LogRecord：讀取檔案
[Mon Nov 02 01:22:25 CST 2020] [INFO] class java.util.logging.LogRecord：讀取對比檔案
[Mon Nov 02 01:22:25 CST 2020] [INFO] class java.util.logging.LogRecord：無新增項目
[Mon Nov 02 01:22:25 CST 2020] [INFO] class java.util.logging.LogRecord：讀取檔案
[Mon Nov 02 01:22:35 CST 2020] [INFO] class java.util.logging.LogRecord：讀取對比檔案
[Mon Nov 02 01:22:35 CST 2020] [INFO] class java.util.logging.LogRecord：無新增項目
[Mon Nov 02 01:22:35 CST 2020] [INFO] class java.util.logging.LogRecord：讀取檔案
[Mon Nov 02 01:22:45 CST 2020] [INFO] class java.util.logging.LogRecord：讀取對比檔案
[Mon Nov 02 01:22:45 CST 2020] [INFO] class java.util.logging.LogRecord：無新增項目
[Mon Nov 02 01:22:45 CST 2020] [INFO] class java.util.logging.LogRecord：讀取檔案
[Mon Nov 02 01:22:55 CST 2020] [INFO] class java.util.logging.LogRecord：讀取對比檔案
[Mon Nov 02 01:22:55 CST 2020] [INFO] class java.util.logging.LogRecord：無新增項目
[Mon Nov 02 01:22:55 CST 2020] [INFO] class java.util.logging.LogRecord：讀取檔案
[Mon Nov 02 01:23:05 CST 2020] [INFO] class java.util.logging.LogRecord：讀取對比檔案
[Mon Nov 02 01:23:05 CST 2020] [INFO] class java.util.logging.LogRecord：無新增項目
[Mon Nov 02 01:23:05 CST 2020] [INFO] class java.util.logging.LogRecord：讀取檔案
[Mon Nov 02 01:23:15 CST 2020] [INFO] class java.util.logging.LogRecord：讀取對比檔案
[Mon Nov 02 01:23:15 CST 2020] [INFO] class java.util.logging.LogRecord：無新增項目
[Mon Nov 02 01:23:15 CST 2020] [INFO] class java.util.logging.LogRecord：讀取檔案
[Mon Nov 02 01:23:25 CST 2020] [INFO] class java.util.logging.LogRecord：讀取對比檔案
[Mon Nov 02 01:23:25 CST 2020] [INFO] class java.util.logging.LogRecord：無新增項目
[Mon Nov 02 01:23:25 CST 2020] [INFO] class java.util.logging.LogRecord：讀取檔案
[Mon Nov 02 01:23:35 CST 2020] [INFO] class java.util.logging.LogRecord：讀取對比檔案
[Mon Nov 02 01:23:35 CST 2020] [INFO] class java.util.logging.LogRecord：無新增項目
[Mon Nov 02 01:23:35 CST 2020] [INFO] class java.util.logging.LogRecord：讀取檔案
[Mon Nov 02 01:23:45 CST 2020] [INFO] class java.util.logging.LogRecord：讀取對比檔案
[Mon Nov 02 01:23:45 CST 2020] [INFO] class java.util.logging.LogRecord：無新增項目
[Mon Nov 02 01:23:45 CST 2020] [INFO] class java.util.logging.LogRecord：讀取檔案
[Mon Nov 02 01:23:55 CST 2020] [INFO] class java.util.logging.LogRecord：讀取對比檔案
[Mon Nov 02 01:23:55 CST 2020] [INFO] class java.util.logging.LogRecord：無新增項目
[Mon Nov 02 01:23:55 CST 2020] [INFO] class java.util.logging.LogRecord：讀取檔案
[Mon Nov 02 01:24:05 CST 2020] [INFO] class java.util.logging.LogRecord：讀取對比檔案
[Mon Nov 02 01:24:05 CST 2020] [INFO] class java.util.logging.LogRecord：無新增項目
[Mon Nov 02 01:24:05 CST 2020] [INFO] class java.util.logging.LogRecord：讀取檔案
[Mon Nov 02 01:24:15 CST 2020] [INFO] class java.util.logging.LogRecord：讀取對比檔案
[Mon Nov 02 01:24:15 CST 2020] [INFO] class java.util.logging.LogRecord：無新增項目
[Mon Nov 02 01:24:15 CST 2020] [INFO] class java.util.logging.LogRecord：讀取檔案
[Mon Nov 02 01:24:25 CST 2020] [INFO] class java.util.logging.LogRecord：讀取對比檔案
[Mon Nov 02 01:24:25 CST 2020] [INFO] class java.util.logging.LogRecord：無新增項目
[Mon Nov 02 01:24:25 CST 2020] [INFO] class java.util.logging.LogRecord：讀取檔案
[Mon Nov 02 01:24:35 CST 2020] [INFO] class java.util.logging.LogRecord：讀取對比檔案
[Mon Nov 02 01:24:35 CST 2020] [INFO] class java.util.logging.LogRecord：無新增項目
[Mon Nov 02 01:24:35 CST 2020] [INFO] class java.util.logging.LogRecord：讀取檔案
[Mon Nov 02 01:24:45 CST 2020] [INFO] class java.util.logging.LogRecord：讀取對比檔案
[Mon Nov 02 01:24:45 CST 2020] [INFO] class java.util.logging.LogRecord：無新增項目
[Mon Nov 02 01:24:45 CST 2020] [INFO] class java.util.logging.LogRecord：讀取檔案
[Mon Nov 02 01:24:55 CST 2020] [INFO] class java.util.logging.LogRecord：讀取對比檔案
[Mon Nov 02 01:24:55 CST 2020] [INFO] class java.util.logging.LogRecord：無新增項目
[Mon Nov 02 01:24:55 CST 2020] [INFO] class java.util.logging.LogRecord：讀取檔案
[Mon Nov 02 01:25:05 CST 2020] [INFO] class java.util.logging.LogRecord：讀取對比檔案
[Mon Nov 02 01:25:05 CST 2020] [INFO] class java.util.logging.LogRecord：無新增項目
[Mon Nov 02 01:25:05 CST 2020] [INFO] class java.util.logging.LogRecord：讀取檔案
[Mon Nov 02 01:25:15 CST 2020] [INFO] class java.util.logging.LogRecord：讀取對比檔案
[Mon Nov 02 01:25:15 CST 2020] [INFO] class java.util.logging.LogRecord：無新增項目
[Mon Nov 02 01:25:15 CST 2020] [INFO] class java.util.logging.LogRecord：讀取檔案
[Mon Nov 02 01:25:25 CST 2020] [INFO] class java.util.logging.LogRecord：讀取對比檔案
[Mon Nov 02 01:25:25 CST 2020] [INFO] class java.util.logging.LogRecord：無新增項目
[Mon Nov 02 01:25:25 CST 2020] [INFO] class java.util.logging.LogRecord：讀取檔案
[Mon Nov 02 01:25:35 CST 2020] [INFO] class java.util.logging.LogRecord：讀取對比檔案
[Mon Nov 02 01:25:35 CST 2020] [INFO] class java.util.logging.LogRecord：無新增項目
[Mon Nov 02 01:25:35 CST 2020] [INFO] class java.util.logging.LogRecord：讀取檔案
[Mon Nov 02 01:25:45 CST 2020] [INFO] class java.util.logging.LogRecord：讀取對比檔案
[Mon Nov 02 01:25:45 CST 2020] [INFO] class java.util.logging.LogRecord：無新增項目
[Mon Nov 02 01:25:45 CST 2020] [INFO] class java.util.logging.LogRecord：讀取檔案
[Mon Nov 02 01:25:55 CST 2020] [INFO] class java.util.logging.LogRecord：讀取對比檔案
[Mon Nov 02 01:25:55 CST 2020] [INFO] class java.util.logging.LogRecord：無新增項目
[Mon Nov 02 01:25:55 CST 2020] [INFO] class java.util.logging.LogRecord：讀取檔案
[Mon Nov 02 01:26:05 CST 2020] [INFO] class java.util.logging.LogRecord：讀取對比檔案
[Mon Nov 02 01:26:05 CST 2020] [INFO] class java.util.logging.LogRecord：新增：17812ca3-d370-4473-bffa-6ef83fe28533.tmp
[Mon Nov 02 01:26:05 CST 2020] [INFO] class java.util.logging.LogRecord：新增：de9dc6ae-81e3-4d2d-a34b-e8068a89291b.tmp
[Mon Nov 02 01:26:05 CST 2020] [INFO] class java.util.logging.LogRecord：讀取檔案
[Mon Nov 02 01:26:15 CST 2020] [INFO] class java.util.logging.LogRecord：讀取對比檔案
[Mon Nov 02 01:26:15 CST 2020] [INFO] class java.util.logging.LogRecord：無新增項目
[Mon Nov 02 01:26:15 CST 2020] [INFO] class java.util.logging.LogRecord：讀取檔案
[Mon Nov 02 01:26:25 CST 2020] [INFO] class java.util.logging.LogRecord：讀取對比檔案
[Mon Nov 02 01:26:25 CST 2020] [INFO] class java.util.logging.LogRecord：無新增項目
[Mon Nov 02 01:26:25 CST 2020] [INFO] class java.util.logging.LogRecord：讀取檔案
[Mon Nov 02 01:26:35 CST 2020] [INFO] class java.util.logging.LogRecord：讀取對比檔案
[Mon Nov 02 01:26:35 CST 2020] [INFO] class java.util.logging.LogRecord：無新增項目
[Mon Nov 02 01:26:35 CST 2020] [INFO] class java.util.logging.LogRecord：讀取檔案
[Mon Nov 02 01:26:45 CST 2020] [INFO] class java.util.logging.LogRecord：讀取對比檔案
[Mon Nov 02 01:26:45 CST 2020] [INFO] class java.util.logging.LogRecord：無新增項目
[Mon Nov 02 01:26:45 CST 2020] [INFO] class java.util.logging.LogRecord：讀取檔案
[Mon Nov 02 01:26:55 CST 2020] [INFO] class java.util.logging.LogRecord：讀取對比檔案
[Mon Nov 02 01:26:55 CST 2020] [INFO] class java.util.logging.LogRecord：無新增項目
[Mon Nov 02 01:26:55 CST 2020] [INFO] class java.util.logging.LogRecord：讀取檔案
[Mon Nov 02 01:27:05 CST 2020] [INFO] class java.util.logging.LogRecord：讀取對比檔案
[Mon Nov 02 01:27:05 CST 2020] [INFO] class java.util.logging.LogRecord：無新增項目
[Mon Nov 02 01:27:05 CST 2020] [INFO] class java.util.logging.LogRecord：讀取檔案
[Mon Nov 02 01:27:15 CST 2020] [INFO] class java.util.logging.LogRecord：讀取對比檔案
[Mon Nov 02 01:27:15 CST 2020] [INFO] class java.util.logging.LogRecord：無新增項目
[Mon Nov 02 01:27:15 CST 2020] [INFO] class java.util.logging.LogRecord：讀取檔案
[Mon Nov 02 01:27:25 CST 2020] [INFO] class java.util.logging.LogRecord：讀取對比檔案
[Mon Nov 02 01:27:25 CST 2020] [INFO] class java.util.logging.LogRecord：無新增項目
[Mon Nov 02 01:27:25 CST 2020] [INFO] class java.util.logging.LogRecord：讀取檔案
[Mon Nov 02 01:27:35 CST 2020] [INFO] class java.util.logging.LogRecord：讀取對比檔案
[Mon Nov 02 01:27:35 CST 2020] [INFO] class java.util.logging.LogRecord：無新增項目
[Mon Nov 02 01:27:35 CST 2020] [INFO] class java.util.logging.LogRecord：讀取檔案
[Mon Nov 02 01:27:45 CST 2020] [INFO] class java.util.logging.LogRecord：讀取對比檔案
[Mon Nov 02 01:27:45 CST 2020] [INFO] class java.util.logging.LogRecord：無新增項目
[Mon Nov 02 01:27:45 CST 2020] [INFO] class java.util.logging.LogRecord：讀取檔案
[Mon Nov 02 01:27:55 CST 2020] [INFO] class java.util.logging.LogRecord：讀取對比檔案
[Mon Nov 02 01:27:55 CST 2020] [INFO] class java.util.logging.LogRecord：無新增項目
[Mon Nov 02 01:27:55 CST 2020] [INFO] class java.util.logging.LogRecord：讀取檔案
[Mon Nov 02 01:28:05 CST 2020] [INFO] class java.util.logging.LogRecord：讀取對比檔案
[Mon Nov 02 01:28:05 CST 2020] [INFO] class java.util.logging.LogRecord：無新增項目
[Mon Nov 02 01:28:05 CST 2020] [INFO] class java.util.logging.LogRecord：讀取檔案
[Mon Nov 02 01:28:15 CST 2020] [INFO] class java.util.logging.LogRecord：讀取對比檔案
[Mon Nov 02 01:28:15 CST 2020] [INFO] class java.util.logging.LogRecord：無新增項目
[Mon Nov 02 01:28:15 CST 2020] [INFO] class java.util.logging.LogRecord：讀取檔案
[Mon Nov 02 01:28:25 CST 2020] [INFO] class java.util.logging.LogRecord：讀取對比檔案
[Mon Nov 02 01:28:25 CST 2020] [INFO] class java.util.logging.LogRecord：無新增項目
[Mon Nov 02 01:28:25 CST 2020] [INFO] class java.util.logging.LogRecord：讀取檔案
[Mon Nov 02 01:28:35 CST 2020] [INFO] class java.util.logging.LogRecord：讀取對比檔案
[Mon Nov 02 01:28:35 CST 2020] [INFO] class java.util.logging.LogRecord：無新增項目
[Mon Nov 02 01:28:35 CST 2020] [INFO] class java.util.logging.LogRecord：讀取檔案
[Mon Nov 02 01:28:45 CST 2020] [INFO] class java.util.logging.LogRecord：讀取對比檔案
[Mon Nov 02 01:28:45 CST 2020] [INFO] class java.util.logging.LogRecord：無新增項目
[Mon Nov 02 01:28:45 CST 2020] [INFO] class java.util.logging.LogRecord：讀取檔案
[Mon Nov 02 01:28:55 CST 2020] [INFO] class java.util.logging.LogRecord：讀取對比檔案
[Mon Nov 02 01:28:55 CST 2020] [INFO] class java.util.logging.LogRecord：無新增項目
[Mon Nov 02 01:28:55 CST 2020] [INFO] class java.util.logging.LogRecord：讀取檔案
[Mon Nov 02 01:29:05 CST 2020] [INFO] class java.util.logging.LogRecord：讀取對比檔案
[Mon Nov 02 01:29:05 CST 2020] [INFO] class java.util.logging.LogRecord：無新增項目
[Mon Nov 02 01:29:05 CST 2020] [INFO] class java.util.logging.LogRecord：讀取檔案
[Mon Nov 02 01:29:15 CST 2020] [INFO] class java.util.logging.LogRecord：讀取對比檔案
[Mon Nov 02 01:29:15 CST 2020] [INFO] class java.util.logging.LogRecord：無新增項目
[Mon Nov 02 01:29:15 CST 2020] [INFO] class java.util.logging.LogRecord：讀取檔案
[Mon Nov 02 01:29:25 CST 2020] [INFO] class java.util.logging.LogRecord：讀取對比檔案
[Mon Nov 02 01:29:25 CST 2020] [INFO] class java.util.logging.LogRecord：無新增項目
[Mon Nov 02 01:29:25 CST 2020] [INFO] class java.util.logging.LogRecord：讀取檔案
[Mon Nov 02 01:29:35 CST 2020] [INFO] class java.util.logging.LogRecord：讀取對比檔案
[Mon Nov 02 01:29:35 CST 2020] [INFO] class java.util.logging.LogRecord：無新增項目
[Mon Nov 02 01:29:35 CST 2020] [INFO] class java.util.logging.LogRecord：讀取檔案
[Mon Nov 02 01:29:45 CST 2020] [INFO] class java.util.logging.LogRecord：讀取對比檔案
[Mon Nov 02 01:29:45 CST 2020] [INFO] class java.util.logging.LogRecord：無新增項目
[Mon Nov 02 01:29:45 CST 2020] [INFO] class java.util.logging.LogRecord：讀取檔案
[Mon Nov 02 01:29:55 CST 2020] [INFO] class java.util.logging.LogRecord：讀取對比檔案
[Mon Nov 02 01:29:55 CST 2020] [INFO] class java.util.logging.LogRecord：無新增項目
[Mon Nov 02 01:29:55 CST 2020] [INFO] class java.util.logging.LogRecord：讀取檔案
[Mon Nov 02 01:30:05 CST 2020] [INFO] class java.util.logging.LogRecord：讀取對比檔案
[Mon Nov 02 01:30:05 CST 2020] [INFO] class java.util.logging.LogRecord：無新增項目
[Mon Nov 02 01:30:05 CST 2020] [INFO] class java.util.logging.LogRecord：讀取檔案
[Mon Nov 02 01:30:15 CST 2020] [INFO] class java.util.logging.LogRecord：讀取對比檔案
[Mon Nov 02 01:30:15 CST 2020] [INFO] class java.util.logging.LogRecord：無新增項目
[Mon Nov 02 01:30:15 CST 2020] [INFO] class java.util.logging.LogRecord：讀取檔案
[Mon Nov 02 01:30:25 CST 2020] [INFO] class java.util.logging.LogRecord：讀取對比檔案
[Mon Nov 02 01:30:25 CST 2020] [INFO] class java.util.logging.LogRecord：無新增項目
[Mon Nov 02 01:30:25 CST 2020] [INFO] class java.util.logging.LogRecord：讀取檔案
[Mon Nov 02 01:30:35 CST 2020] [INFO] class java.util.logging.LogRecord：讀取對比檔案
[Mon Nov 02 01:30:35 CST 2020] [INFO] class java.util.logging.LogRecord：無新增項目
[Mon Nov 02 01:30:35 CST 2020] [INFO] class java.util.logging.LogRecord：讀取檔案
[Mon Nov 02 01:30:45 CST 2020] [INFO] class java.util.logging.LogRecord：讀取對比檔案
[Mon Nov 02 01:30:45 CST 2020] [INFO] class java.util.logging.LogRecord：無新增項目
[Mon Nov 02 01:30:45 CST 2020] [INFO] class java.util.logging.LogRecord：讀取檔案
[Mon Nov 02 01:30:55 CST 2020] [INFO] class java.util.logging.LogRecord：讀取對比檔案
[Mon Nov 02 01:30:55 CST 2020] [INFO] class java.util.logging.LogRecord：無新增項目
[Mon Nov 02 01:30:55 CST 2020] [INFO] class java.util.logging.LogRecord：讀取檔案
[Mon Nov 02 01:31:05 CST 2020] [INFO] class java.util.logging.LogRecord：讀取對比檔案
[Mon Nov 02 01:31:05 CST 2020] [INFO] class java.util.logging.LogRecord：新增：7557b45d-78a8-42cc-abc9-edd3185d66de.tmp
[Mon Nov 02 01:31:05 CST 2020] [INFO] class java.util.logging.LogRecord：新增：9278a563-5429-4572-9169-3d2ecbc2e489.tmp
[Mon Nov 02 01:31:05 CST 2020] [INFO] class java.util.logging.LogRecord：讀取檔案
[Mon Nov 02 01:31:15 CST 2020] [INFO] class java.util.logging.LogRecord：讀取對比檔案
[Mon Nov 02 01:31:15 CST 2020] [INFO] class java.util.logging.LogRecord：無新增項目
[Mon Nov 02 01:31:15 CST 2020] [INFO] class java.util.logging.LogRecord：讀取檔案
[Mon Nov 02 01:31:25 CST 2020] [INFO] class java.util.logging.LogRecord：讀取對比檔案
[Mon Nov 02 01:31:25 CST 2020] [INFO] class java.util.logging.LogRecord：無新增項目
[Mon Nov 02 01:31:25 CST 2020] [INFO] class java.util.logging.LogRecord：讀取檔案
[Mon Nov 02 01:31:35 CST 2020] [INFO] class java.util.logging.LogRecord：讀取對比檔案
[Mon Nov 02 01:31:35 CST 2020] [INFO] class java.util.logging.LogRecord：無新增項目
[Mon Nov 02 01:31:35 CST 2020] [INFO] class java.util.logging.LogRecord：讀取檔案
[Mon Nov 02 01:31:45 CST 2020] [INFO] class java.util.logging.LogRecord：讀取對比檔案
[Mon Nov 02 01:31:45 CST 2020] [INFO] class java.util.logging.LogRecord：無新增項目
[Mon Nov 02 01:31:45 CST 2020] [INFO] class java.util.logging.LogRecord：讀取檔案
[Mon Nov 02 01:31:55 CST 2020] [INFO] class java.util.logging.LogRecord：讀取對比檔案
[Mon Nov 02 01:31:55 CST 2020] [INFO] class java.util.logging.LogRecord：無新增項目
[Mon Nov 02 01:31:55 CST 2020] [INFO] class java.util.logging.LogRecord：讀取檔案
[Mon Nov 02 01:32:05 CST 2020] [INFO] class java.util.logging.LogRecord：讀取對比檔案
[Mon Nov 02 01:32:05 CST 2020] [INFO] class java.util.logging.LogRecord：無新增項目
[Mon Nov 02 01:32:05 CST 2020] [INFO] class java.util.logging.LogRecord：讀取檔案
[Mon Nov 02 01:32:15 CST 2020] [INFO] class java.util.logging.LogRecord：讀取對比檔案
[Mon Nov 02 01:32:15 CST 2020] [INFO] class java.util.logging.LogRecord：無新增項目
[Mon Nov 02 01:32:16 CST 2020] [INFO] class java.util.logging.LogRecord：讀取檔案
[Mon Nov 02 01:32:26 CST 2020] [INFO] class java.util.logging.LogRecord：讀取對比檔案
[Mon Nov 02 01:32:26 CST 2020] [INFO] class java.util.logging.LogRecord：無新增項目
[Mon Nov 02 01:32:26 CST 2020] [INFO] class java.util.logging.LogRecord：讀取檔案
[Mon Nov 02 01:32:36 CST 2020] [INFO] class java.util.logging.LogRecord：讀取對比檔案
[Mon Nov 02 01:32:36 CST 2020] [INFO] class java.util.logging.LogRecord：無新增項目
[Mon Nov 02 01:32:36 CST 2020] [INFO] class java.util.logging.LogRecord：讀取檔案
[Mon Nov 02 01:32:46 CST 2020] [INFO] class java.util.logging.LogRecord：讀取對比檔案
[Mon Nov 02 01:32:46 CST 2020] [INFO] class java.util.logging.LogRecord：無新增項目
[Mon Nov 02 01:32:46 CST 2020] [INFO] class java.util.logging.LogRecord：讀取檔案
[Mon Nov 02 01:32:56 CST 2020] [INFO] class java.util.logging.LogRecord：讀取對比檔案
[Mon Nov 02 01:32:56 CST 2020] [INFO] class java.util.logging.LogRecord：無新增項目
[Mon Nov 02 01:32:56 CST 2020] [INFO] class java.util.logging.LogRecord：讀取檔案
[Mon Nov 02 01:33:06 CST 2020] [INFO] class java.util.logging.LogRecord：讀取對比檔案
[Mon Nov 02 01:33:06 CST 2020] [INFO] class java.util.logging.LogRecord：無新增項目
[Mon Nov 02 01:33:06 CST 2020] [INFO] class java.util.logging.LogRecord：讀取檔案
[Mon Nov 02 01:33:16 CST 2020] [INFO] class java.util.logging.LogRecord：讀取對比檔案
[Mon Nov 02 01:33:16 CST 2020] [INFO] class java.util.logging.LogRecord：無新增項目
[Mon Nov 02 01:33:16 CST 2020] [INFO] class java.util.logging.LogRecord：讀取檔案
[Mon Nov 02 01:33:26 CST 2020] [INFO] class java.util.logging.LogRecord：讀取對比檔案
[Mon Nov 02 01:33:26 CST 2020] [INFO] class java.util.logging.LogRecord：無新增項目
[Mon Nov 02 01:33:26 CST 2020] [INFO] class java.util.logging.LogRecord：讀取檔案
[Mon Nov 02 01:33:36 CST 2020] [INFO] class java.util.logging.LogRecord：讀取對比檔案
[Mon Nov 02 01:33:36 CST 2020] [INFO] class java.util.logging.LogRecord：無新增項目
[Mon Nov 02 01:33:36 CST 2020] [INFO] class java.util.logging.LogRecord：讀取檔案
[Mon Nov 02 01:33:46 CST 2020] [INFO] class java.util.logging.LogRecord：讀取對比檔案
[Mon Nov 02 01:33:46 CST 2020] [INFO] class java.util.logging.LogRecord：無新增項目
[Mon Nov 02 01:33:46 CST 2020] [INFO] class java.util.logging.LogRecord：讀取檔案
[Mon Nov 02 01:33:56 CST 2020] [INFO] class java.util.logging.LogRecord：讀取對比檔案
[Mon Nov 02 01:33:56 CST 2020] [INFO] class java.util.logging.LogRecord：無新增項目
[Mon Nov 02 01:33:56 CST 2020] [INFO] class java.util.logging.LogRecord：讀取檔案
[Mon Nov 02 01:34:06 CST 2020] [INFO] class java.util.logging.LogRecord：讀取對比檔案
[Mon Nov 02 01:34:06 CST 2020] [INFO] class java.util.logging.LogRecord：無新增項目
[Mon Nov 02 01:34:06 CST 2020] [INFO] class java.util.logging.LogRecord：讀取檔案
[Mon Nov 02 01:34:16 CST 2020] [INFO] class java.util.logging.LogRecord：讀取對比檔案
[Mon Nov 02 01:34:16 CST 2020] [INFO] class java.util.logging.LogRecord：無新增項目
[Mon Nov 02 01:34:16 CST 2020] [INFO] class java.util.logging.LogRecord：讀取檔案
[Mon Nov 02 01:34:26 CST 2020] [INFO] class java.util.logging.LogRecord：讀取對比檔案
[Mon Nov 02 01:34:26 CST 2020] [INFO] class java.util.logging.LogRecord：無新增項目
[Mon Nov 02 01:34:26 CST 2020] [INFO] class java.util.logging.LogRecord：讀取檔案
[Mon Nov 02 01:34:36 CST 2020] [INFO] class java.util.logging.LogRecord：讀取對比檔案
[Mon Nov 02 01:34:36 CST 2020] [INFO] class java.util.logging.LogRecord：新增：mat-debug-2384.log
[Mon Nov 02 01:34:36 CST 2020] [INFO] class java.util.logging.LogRecord：新增：PKMD843.tmp
[Mon Nov 02 01:34:36 CST 2020] [INFO] class java.util.logging.LogRecord：刪除：PKMD843.tmp
[Mon Nov 02 01:34:36 CST 2020] [INFO] class java.util.logging.LogRecord：讀取檔案
[Mon Nov 02 01:34:46 CST 2020] [INFO] class java.util.logging.LogRecord：讀取對比檔案
[Mon Nov 02 01:34:46 CST 2020] [INFO] class java.util.logging.LogRecord：無新增項目
[Mon Nov 02 01:34:46 CST 2020] [INFO] class java.util.logging.LogRecord：讀取檔案
[Mon Nov 02 01:34:56 CST 2020] [INFO] class java.util.logging.LogRecord：讀取對比檔案
[Mon Nov 02 01:34:56 CST 2020] [INFO] class java.util.logging.LogRecord：無新增項目
[Mon Nov 02 01:34:56 CST 2020] [INFO] class java.util.logging.LogRecord：讀取檔案
[Mon Nov 02 01:35:06 CST 2020] [INFO] class java.util.logging.LogRecord：讀取對比檔案
[Mon Nov 02 01:35:06 CST 2020] [INFO] class java.util.logging.LogRecord：無新增項目
[Mon Nov 02 01:35:06 CST 2020] [INFO] class java.util.logging.LogRecord：讀取檔案
[Mon Nov 02 01:35:16 CST 2020] [INFO] class java.util.logging.LogRecord：讀取對比檔案
[Mon Nov 02 01:35:16 CST 2020] [INFO] class java.util.logging.LogRecord：無新增項目
[Mon Nov 02 01:35:16 CST 2020] [INFO] class java.util.logging.LogRecord：讀取檔案
[Mon Nov 02 01:35:26 CST 2020] [INFO] class java.util.logging.LogRecord：讀取對比檔案
[Mon Nov 02 01:35:26 CST 2020] [INFO] class java.util.logging.LogRecord：無新增項目
[Mon Nov 02 01:35:26 CST 2020] [INFO] class java.util.logging.LogRecord：讀取檔案
[Mon Nov 02 01:35:36 CST 2020] [INFO] class java.util.logging.LogRecord：讀取對比檔案
[Mon Nov 02 01:35:36 CST 2020] [INFO] class java.util.logging.LogRecord：無新增項目
[Mon Nov 02 01:35:36 CST 2020] [INFO] class java.util.logging.LogRecord：讀取檔案
[Mon Nov 02 01:35:46 CST 2020] [INFO] class java.util.logging.LogRecord：讀取對比檔案
[Mon Nov 02 01:35:46 CST 2020] [INFO] class java.util.logging.LogRecord：無新增項目
[Mon Nov 02 01:35:46 CST 2020] [INFO] class java.util.logging.LogRecord：讀取檔案
