[Mon Nov 02 10:43:59 CST 2020] [INFO] class java.util.logging.LogRecord：讀取檔案
[Mon Nov 02 10:44:09 CST 2020] [INFO] class java.util.logging.LogRecord：讀取對比檔案
[Mon Nov 02 10:44:09 CST 2020] [INFO] class java.util.logging.LogRecord：無新增項目
[Mon Nov 02 10:44:09 CST 2020] [INFO] class java.util.logging.LogRecord：讀取檔案
[Mon Nov 02 10:44:19 CST 2020] [INFO] class java.util.logging.LogRecord：讀取對比檔案
[Mon Nov 02 10:44:19 CST 2020] [INFO] class java.util.logging.LogRecord：無新增項目
[Mon Nov 02 10:44:19 CST 2020] [INFO] class java.util.logging.LogRecord：讀取檔案
[Mon Nov 02 10:44:29 CST 2020] [INFO] class java.util.logging.LogRecord：讀取對比檔案
[Mon Nov 02 10:44:29 CST 2020] [INFO] class java.util.logging.LogRecord：無新增項目
[Mon Nov 02 10:44:29 CST 2020] [INFO] class java.util.logging.LogRecord：讀取檔案
[Mon Nov 02 10:44:39 CST 2020] [INFO] class java.util.logging.LogRecord：讀取對比檔案
[Mon Nov 02 10:44:39 CST 2020] [INFO] class java.util.logging.LogRecord：無新增項目
[Mon Nov 02 10:44:39 CST 2020] [INFO] class java.util.logging.LogRecord：讀取檔案
[Mon Nov 02 10:44:49 CST 2020] [INFO] class java.util.logging.LogRecord：讀取對比檔案
[Mon Nov 02 10:44:49 CST 2020] [INFO] class java.util.logging.LogRecord：新增：PKM455.tmp
[Mon Nov 02 10:44:49 CST 2020] [INFO] class java.util.logging.LogRecord：刪除：PKM455.tmp
[Mon Nov 02 10:44:49 CST 2020] [INFO] class java.util.logging.LogRecord：讀取檔案
[Mon Nov 02 10:44:59 CST 2020] [INFO] class java.util.logging.LogRecord：讀取對比檔案
[Mon Nov 02 10:44:59 CST 2020] [INFO] class java.util.logging.LogRecord：無新增項目
[Mon Nov 02 10:44:59 CST 2020] [INFO] class java.util.logging.LogRecord：讀取檔案
[Mon Nov 02 10:45:09 CST 2020] [INFO] class java.util.logging.LogRecord：讀取對比檔案
[Mon Nov 02 10:45:09 CST 2020] [INFO] class java.util.logging.LogRecord：新增：PKM455.tmp
[Mon Nov 02 10:45:09 CST 2020] [INFO] class java.util.logging.LogRecord：刪除：PKM455.tmp
[Mon Nov 02 10:45:09 CST 2020] [INFO] class java.util.logging.LogRecord：讀取檔案
[Mon Nov 02 10:45:19 CST 2020] [INFO] class java.util.logging.LogRecord：讀取對比檔案
[Mon Nov 02 10:45:19 CST 2020] [INFO] class java.util.logging.LogRecord：無新增項目
[Mon Nov 02 10:45:19 CST 2020] [INFO] class java.util.logging.LogRecord：讀取檔案
[Mon Nov 02 10:45:29 CST 2020] [INFO] class java.util.logging.LogRecord：讀取對比檔案
[Mon Nov 02 10:45:29 CST 2020] [INFO] class java.util.logging.LogRecord：新增：PKM455.tmp
[Mon Nov 02 10:45:29 CST 2020] [INFO] class java.util.logging.LogRecord：刪除：PKM455.tmp
[Mon Nov 02 10:45:29 CST 2020] [INFO] class java.util.logging.LogRecord：讀取檔案
[Mon Nov 02 10:45:39 CST 2020] [INFO] class java.util.logging.LogRecord：讀取對比檔案
[Mon Nov 02 10:45:39 CST 2020] [INFO] class java.util.logging.LogRecord：新增：PKM455.tmp
[Mon Nov 02 10:45:39 CST 2020] [INFO] class java.util.logging.LogRecord：刪除：PKM455.tmp
[Mon Nov 02 10:45:39 CST 2020] [INFO] class java.util.logging.LogRecord：讀取檔案
[Mon Nov 02 10:45:49 CST 2020] [INFO] class java.util.logging.LogRecord：讀取對比檔案
[Mon Nov 02 10:45:49 CST 2020] [INFO] class java.util.logging.LogRecord：新增：PKM455.tmp
[Mon Nov 02 10:45:49 CST 2020] [INFO] class java.util.logging.LogRecord：刪除：PKM455.tmp
[Mon Nov 02 10:45:49 CST 2020] [INFO] class java.util.logging.LogRecord：讀取檔案
[Mon Nov 02 10:45:59 CST 2020] [INFO] class java.util.logging.LogRecord：讀取對比檔案
[Mon Nov 02 10:45:59 CST 2020] [INFO] class java.util.logging.LogRecord：新增：1d862e0d-e0ba-4e66-94ef-c0d3f07543ab.tmp
[Mon Nov 02 10:45:59 CST 2020] [INFO] class java.util.logging.LogRecord：新增：fe26132a-92b1-4f0e-9938-3d75086ff5c2.tmp
[Mon Nov 02 10:45:59 CST 2020] [INFO] class java.util.logging.LogRecord：新增：PKM455.tmp
[Mon Nov 02 10:45:59 CST 2020] [INFO] class java.util.logging.LogRecord：刪除：PKM455.tmp
[Mon Nov 02 10:45:59 CST 2020] [INFO] class java.util.logging.LogRecord：讀取檔案
[Mon Nov 02 10:46:09 CST 2020] [INFO] class java.util.logging.LogRecord：讀取對比檔案
[Mon Nov 02 10:46:09 CST 2020] [INFO] class java.util.logging.LogRecord：新增：PKM455.tmp
[Mon Nov 02 10:46:09 CST 2020] [INFO] class java.util.logging.LogRecord：刪除：PKM455.tmp
[Mon Nov 02 10:46:09 CST 2020] [INFO] class java.util.logging.LogRecord：讀取檔案
[Mon Nov 02 10:46:19 CST 2020] [INFO] class java.util.logging.LogRecord：讀取對比檔案
[Mon Nov 02 10:46:19 CST 2020] [INFO] class java.util.logging.LogRecord：無新增項目
[Mon Nov 02 10:46:19 CST 2020] [INFO] class java.util.logging.LogRecord：讀取檔案
